2024-12-02 17:33:36,328 - INFO - -------------------- Starting training --------------------
2024-12-02 17:33:47,077 - INFO - Epoch [1/10], Step [1000/26394], Train loss: 0.000
2024-12-02 17:33:56,700 - INFO - Epoch [1/10], Step [2000/26394], Train loss: 0.000
2024-12-02 17:34:06,424 - INFO - Epoch [1/10], Step [3000/26394], Train loss: 0.000
2024-12-02 17:34:16,045 - INFO - Epoch [1/10], Step [4000/26394], Train loss: 0.000
2024-12-02 17:34:25,707 - INFO - Epoch [1/10], Step [5000/26394], Train loss: 0.000
2024-12-02 17:34:35,346 - INFO - Epoch [1/10], Step [6000/26394], Train loss: 0.000
2024-12-02 17:34:44,942 - INFO - Epoch [1/10], Step [7000/26394], Train loss: 0.059
2024-12-02 17:34:54,515 - INFO - Epoch [1/10], Step [8000/26394], Train loss: 0.000
2024-12-02 17:35:04,231 - INFO - Epoch [1/10], Step [9000/26394], Train loss: 0.000
2024-12-02 17:35:13,862 - INFO - Epoch [1/10], Step [10000/26394], Train loss: 0.000
2024-12-02 17:35:23,473 - INFO - Epoch [1/10], Step [11000/26394], Train loss: 0.000
2024-12-02 17:35:33,237 - INFO - Epoch [1/10], Step [12000/26394], Train loss: 0.000
2024-12-02 17:35:42,982 - INFO - Epoch [1/10], Step [13000/26394], Train loss: 0.000
2024-12-02 17:35:52,653 - INFO - Epoch [1/10], Step [14000/26394], Train loss: 0.004
2024-12-02 17:36:02,217 - INFO - Epoch [1/10], Step [15000/26394], Train loss: 0.000
2024-12-02 17:36:11,893 - INFO - Epoch [1/10], Step [16000/26394], Train loss: 0.000
2024-12-02 17:36:21,502 - INFO - Epoch [1/10], Step [17000/26394], Train loss: 0.001
2024-12-02 17:36:31,074 - INFO - Epoch [1/10], Step [18000/26394], Train loss: 0.000
2024-12-02 17:36:40,633 - INFO - Epoch [1/10], Step [19000/26394], Train loss: 0.000
2024-12-02 17:36:50,161 - INFO - Epoch [1/10], Step [20000/26394], Train loss: 0.000
2024-12-02 17:36:59,808 - INFO - Epoch [1/10], Step [21000/26394], Train loss: 0.001
2024-12-02 17:37:09,440 - INFO - Epoch [1/10], Step [22000/26394], Train loss: 0.000
2024-12-02 17:37:19,093 - INFO - Epoch [1/10], Step [23000/26394], Train loss: 0.000
2024-12-02 17:37:28,692 - INFO - Epoch [1/10], Step [24000/26394], Train loss: 0.000
2024-12-02 17:37:38,465 - INFO - Epoch [1/10], Step [25000/26394], Train loss: 0.002
2024-12-02 17:37:48,166 - INFO - Epoch [1/10], Step [26000/26394], Train loss: 0.000
2024-12-02 17:37:51,923 - INFO - Epoch [1/10], Average train loss: 0.008
2024-12-02 17:37:52,356 - INFO - Epoch [1/10], Step [100/6599], Val loss: 0.000
2024-12-02 17:37:52,818 - INFO - Epoch [1/10], Step [200/6599], Val loss: 0.000
2024-12-02 17:37:53,275 - INFO - Epoch [1/10], Step [300/6599], Val loss: 0.002
2024-12-02 17:37:53,736 - INFO - Epoch [1/10], Step [400/6599], Val loss: 0.000
2024-12-02 17:37:54,255 - INFO - Epoch [1/10], Step [500/6599], Val loss: 0.000
2024-12-02 17:37:54,913 - INFO - Epoch [1/10], Step [600/6599], Val loss: 0.000
2024-12-02 17:37:55,593 - INFO - Epoch [1/10], Step [700/6599], Val loss: 0.000
2024-12-02 17:37:56,259 - INFO - Epoch [1/10], Step [800/6599], Val loss: 0.000
2024-12-02 17:37:56,917 - INFO - Epoch [1/10], Step [900/6599], Val loss: 0.000
2024-12-02 17:37:57,559 - INFO - Epoch [1/10], Step [1000/6599], Val loss: 0.002
2024-12-02 17:37:58,194 - INFO - Epoch [1/10], Step [1100/6599], Val loss: 0.000
2024-12-02 17:37:58,803 - INFO - Epoch [1/10], Step [1200/6599], Val loss: 0.000
2024-12-02 17:37:59,433 - INFO - Epoch [1/10], Step [1300/6599], Val loss: 0.000
2024-12-02 17:38:00,074 - INFO - Epoch [1/10], Step [1400/6599], Val loss: 0.000
2024-12-02 17:38:00,735 - INFO - Epoch [1/10], Step [1500/6599], Val loss: 0.000
2024-12-02 17:38:01,369 - INFO - Epoch [1/10], Step [1600/6599], Val loss: 0.000
2024-12-02 17:38:02,025 - INFO - Epoch [1/10], Step [1700/6599], Val loss: 0.000
2024-12-02 17:38:02,666 - INFO - Epoch [1/10], Step [1800/6599], Val loss: 0.000
2024-12-02 17:38:03,270 - INFO - Epoch [1/10], Step [1900/6599], Val loss: 0.000
2024-12-02 17:38:03,910 - INFO - Epoch [1/10], Step [2000/6599], Val loss: 0.000
2024-12-02 17:38:04,535 - INFO - Epoch [1/10], Step [2100/6599], Val loss: 0.000
2024-12-02 17:38:05,156 - INFO - Epoch [1/10], Step [2200/6599], Val loss: 0.000
2024-12-02 17:38:05,864 - INFO - Epoch [1/10], Step [2300/6599], Val loss: 0.118
2024-12-02 17:38:06,502 - INFO - Epoch [1/10], Step [2400/6599], Val loss: 0.000
2024-12-02 17:38:07,117 - INFO - Epoch [1/10], Step [2500/6599], Val loss: 0.000
2024-12-02 17:38:07,765 - INFO - Epoch [1/10], Step [2600/6599], Val loss: 0.000
2024-12-02 17:38:08,464 - INFO - Epoch [1/10], Step [2700/6599], Val loss: 0.000
2024-12-02 17:38:09,130 - INFO - Epoch [1/10], Step [2800/6599], Val loss: 0.000
2024-12-02 17:38:09,772 - INFO - Epoch [1/10], Step [2900/6599], Val loss: 0.000
2024-12-02 17:38:10,401 - INFO - Epoch [1/10], Step [3000/6599], Val loss: 0.000
2024-12-02 17:38:11,049 - INFO - Epoch [1/10], Step [3100/6599], Val loss: 0.000
2024-12-02 17:38:11,700 - INFO - Epoch [1/10], Step [3200/6599], Val loss: 0.000
2024-12-02 17:38:12,363 - INFO - Epoch [1/10], Step [3300/6599], Val loss: 0.000
2024-12-02 17:38:12,983 - INFO - Epoch [1/10], Step [3400/6599], Val loss: 0.000
2024-12-02 17:38:13,626 - INFO - Epoch [1/10], Step [3500/6599], Val loss: 0.000
2024-12-02 17:38:14,240 - INFO - Epoch [1/10], Step [3600/6599], Val loss: 0.000
2024-12-02 17:38:14,900 - INFO - Epoch [1/10], Step [3700/6599], Val loss: 0.000
2024-12-02 17:38:15,556 - INFO - Epoch [1/10], Step [3800/6599], Val loss: 0.000
2024-12-02 17:38:16,188 - INFO - Epoch [1/10], Step [3900/6599], Val loss: 0.001
2024-12-02 17:38:16,857 - INFO - Epoch [1/10], Step [4000/6599], Val loss: 0.000
2024-12-02 17:38:17,512 - INFO - Epoch [1/10], Step [4100/6599], Val loss: 0.000
2024-12-02 17:38:18,193 - INFO - Epoch [1/10], Step [4200/6599], Val loss: 0.000
2024-12-02 17:38:18,800 - INFO - Epoch [1/10], Step [4300/6599], Val loss: 0.000
2024-12-02 17:38:19,466 - INFO - Epoch [1/10], Step [4400/6599], Val loss: 0.000
2024-12-02 17:38:20,173 - INFO - Epoch [1/10], Step [4500/6599], Val loss: 0.000
2024-12-02 17:38:20,830 - INFO - Epoch [1/10], Step [4600/6599], Val loss: 0.000
2024-12-02 17:38:21,452 - INFO - Epoch [1/10], Step [4700/6599], Val loss: 0.004
2024-12-02 17:38:22,098 - INFO - Epoch [1/10], Step [4800/6599], Val loss: 0.000
2024-12-02 17:38:22,710 - INFO - Epoch [1/10], Step [4900/6599], Val loss: 0.001
2024-12-02 17:38:23,347 - INFO - Epoch [1/10], Step [5000/6599], Val loss: 0.000
2024-12-02 17:38:23,998 - INFO - Epoch [1/10], Step [5100/6599], Val loss: 0.000
2024-12-02 17:38:24,620 - INFO - Epoch [1/10], Step [5200/6599], Val loss: 0.000
2024-12-02 17:38:25,274 - INFO - Epoch [1/10], Step [5300/6599], Val loss: 0.000
2024-12-02 17:38:25,959 - INFO - Epoch [1/10], Step [5400/6599], Val loss: 0.000
2024-12-02 17:38:26,607 - INFO - Epoch [1/10], Step [5500/6599], Val loss: 0.000
2024-12-02 17:38:27,196 - INFO - Epoch [1/10], Step [5600/6599], Val loss: 0.000
2024-12-02 17:38:27,852 - INFO - Epoch [1/10], Step [5700/6599], Val loss: 0.000
2024-12-02 17:38:28,487 - INFO - Epoch [1/10], Step [5800/6599], Val loss: 0.000
2024-12-02 17:38:29,171 - INFO - Epoch [1/10], Step [5900/6599], Val loss: 0.000
2024-12-02 17:38:29,829 - INFO - Epoch [1/10], Step [6000/6599], Val loss: 0.000
2024-12-02 17:38:30,448 - INFO - Epoch [1/10], Step [6100/6599], Val loss: 0.000
2024-12-02 17:38:31,123 - INFO - Epoch [1/10], Step [6200/6599], Val loss: 0.000
2024-12-02 17:38:31,788 - INFO - Epoch [1/10], Step [6300/6599], Val loss: 0.000
2024-12-02 17:38:32,435 - INFO - Epoch [1/10], Step [6400/6599], Val loss: 0.000
2024-12-02 17:38:33,079 - INFO - Epoch [1/10], Step [6500/6599], Val loss: 0.000
2024-12-02 17:38:33,697 - INFO - Epoch [1/10], Average val loss: 0.001
2024-12-02 17:38:44,900 - INFO - Epoch [2/10], Step [1000/26394], Train loss: 0.000
2024-12-02 17:38:54,560 - INFO - Epoch [2/10], Step [2000/26394], Train loss: 0.000
2024-12-02 17:39:04,238 - INFO - Epoch [2/10], Step [3000/26394], Train loss: 0.000
2024-12-02 17:39:13,824 - INFO - Epoch [2/10], Step [4000/26394], Train loss: 0.000
2024-12-02 17:39:23,548 - INFO - Epoch [2/10], Step [5000/26394], Train loss: 0.000
2024-12-02 17:39:33,258 - INFO - Epoch [2/10], Step [6000/26394], Train loss: 0.000
2024-12-02 17:39:43,076 - INFO - Epoch [2/10], Step [7000/26394], Train loss: 0.047
2024-12-02 17:39:52,737 - INFO - Epoch [2/10], Step [8000/26394], Train loss: 0.000
2024-12-02 17:40:02,411 - INFO - Epoch [2/10], Step [9000/26394], Train loss: 0.000
2024-12-02 17:40:12,119 - INFO - Epoch [2/10], Step [10000/26394], Train loss: 0.000
2024-12-02 17:40:21,773 - INFO - Epoch [2/10], Step [11000/26394], Train loss: 0.000
2024-12-02 17:40:31,403 - INFO - Epoch [2/10], Step [12000/26394], Train loss: 0.000
2024-12-02 17:40:40,977 - INFO - Epoch [2/10], Step [13000/26394], Train loss: 0.000
2024-12-02 17:40:50,586 - INFO - Epoch [2/10], Step [14000/26394], Train loss: 0.005
2024-12-02 17:41:00,286 - INFO - Epoch [2/10], Step [15000/26394], Train loss: 0.000
2024-12-02 17:41:09,942 - INFO - Epoch [2/10], Step [16000/26394], Train loss: 0.000
2024-12-02 17:41:19,520 - INFO - Epoch [2/10], Step [17000/26394], Train loss: 0.000
2024-12-02 17:41:29,229 - INFO - Epoch [2/10], Step [18000/26394], Train loss: 0.000
2024-12-02 17:41:38,898 - INFO - Epoch [2/10], Step [19000/26394], Train loss: 0.000
2024-12-02 17:41:48,511 - INFO - Epoch [2/10], Step [20000/26394], Train loss: 0.000
2024-12-02 17:41:58,213 - INFO - Epoch [2/10], Step [21000/26394], Train loss: 0.000
2024-12-02 17:42:07,862 - INFO - Epoch [2/10], Step [22000/26394], Train loss: 0.000
2024-12-02 17:42:17,469 - INFO - Epoch [2/10], Step [23000/26394], Train loss: 0.000
2024-12-02 17:42:27,162 - INFO - Epoch [2/10], Step [24000/26394], Train loss: 0.000
2024-12-02 17:42:36,832 - INFO - Epoch [2/10], Step [25000/26394], Train loss: 0.008
2024-12-02 17:42:46,543 - INFO - Epoch [2/10], Step [26000/26394], Train loss: 0.000
2024-12-02 17:42:50,367 - INFO - Epoch [2/10], Average train loss: 0.001
2024-12-02 17:42:50,815 - INFO - Epoch [2/10], Step [100/6599], Val loss: 0.000
2024-12-02 17:42:51,267 - INFO - Epoch [2/10], Step [200/6599], Val loss: 0.000
2024-12-02 17:42:51,721 - INFO - Epoch [2/10], Step [300/6599], Val loss: 0.002
2024-12-02 17:42:52,190 - INFO - Epoch [2/10], Step [400/6599], Val loss: 0.000
2024-12-02 17:42:52,634 - INFO - Epoch [2/10], Step [500/6599], Val loss: 0.000
2024-12-02 17:42:53,160 - INFO - Epoch [2/10], Step [600/6599], Val loss: 0.000
2024-12-02 17:42:53,798 - INFO - Epoch [2/10], Step [700/6599], Val loss: 0.000
2024-12-02 17:42:54,443 - INFO - Epoch [2/10], Step [800/6599], Val loss: 0.000
2024-12-02 17:42:55,125 - INFO - Epoch [2/10], Step [900/6599], Val loss: 0.000
2024-12-02 17:42:55,724 - INFO - Epoch [2/10], Step [1000/6599], Val loss: 0.003
2024-12-02 17:42:56,365 - INFO - Epoch [2/10], Step [1100/6599], Val loss: 0.000
2024-12-02 17:42:56,981 - INFO - Epoch [2/10], Step [1200/6599], Val loss: 0.002
2024-12-02 17:42:57,685 - INFO - Epoch [2/10], Step [1300/6599], Val loss: 0.000
2024-12-02 17:42:58,306 - INFO - Epoch [2/10], Step [1400/6599], Val loss: 0.001
2024-12-02 17:42:58,983 - INFO - Epoch [2/10], Step [1500/6599], Val loss: 0.000
2024-12-02 17:42:59,619 - INFO - Epoch [2/10], Step [1600/6599], Val loss: 0.001
2024-12-02 17:43:00,260 - INFO - Epoch [2/10], Step [1700/6599], Val loss: 0.000
2024-12-02 17:43:00,875 - INFO - Epoch [2/10], Step [1800/6599], Val loss: 0.002
2024-12-02 17:43:01,510 - INFO - Epoch [2/10], Step [1900/6599], Val loss: 0.000
2024-12-02 17:43:02,154 - INFO - Epoch [2/10], Step [2000/6599], Val loss: 0.000
2024-12-02 17:43:02,785 - INFO - Epoch [2/10], Step [2100/6599], Val loss: 0.000
2024-12-02 17:43:03,443 - INFO - Epoch [2/10], Step [2200/6599], Val loss: 0.000
2024-12-02 17:43:04,085 - INFO - Epoch [2/10], Step [2300/6599], Val loss: 0.117
2024-12-02 17:43:04,705 - INFO - Epoch [2/10], Step [2400/6599], Val loss: 0.000
2024-12-02 17:43:05,362 - INFO - Epoch [2/10], Step [2500/6599], Val loss: 0.000
2024-12-02 17:43:05,979 - INFO - Epoch [2/10], Step [2600/6599], Val loss: 0.000
2024-12-02 17:43:06,620 - INFO - Epoch [2/10], Step [2700/6599], Val loss: 0.000
2024-12-02 17:43:07,310 - INFO - Epoch [2/10], Step [2800/6599], Val loss: 0.000
2024-12-02 17:43:07,921 - INFO - Epoch [2/10], Step [2900/6599], Val loss: 0.000
2024-12-02 17:43:08,540 - INFO - Epoch [2/10], Step [3000/6599], Val loss: 0.000
2024-12-02 17:43:09,198 - INFO - Epoch [2/10], Step [3100/6599], Val loss: 0.000
2024-12-02 17:43:09,886 - INFO - Epoch [2/10], Step [3200/6599], Val loss: 0.000
2024-12-02 17:43:10,522 - INFO - Epoch [2/10], Step [3300/6599], Val loss: 0.000
2024-12-02 17:43:11,156 - INFO - Epoch [2/10], Step [3400/6599], Val loss: 0.000
2024-12-02 17:43:11,781 - INFO - Epoch [2/10], Step [3500/6599], Val loss: 0.000
2024-12-02 17:43:12,458 - INFO - Epoch [2/10], Step [3600/6599], Val loss: 0.000
2024-12-02 17:43:13,085 - INFO - Epoch [2/10], Step [3700/6599], Val loss: 0.000
2024-12-02 17:43:13,711 - INFO - Epoch [2/10], Step [3800/6599], Val loss: 0.000
2024-12-02 17:43:14,332 - INFO - Epoch [2/10], Step [3900/6599], Val loss: 0.001
2024-12-02 17:43:14,974 - INFO - Epoch [2/10], Step [4000/6599], Val loss: 0.000
2024-12-02 17:43:15,632 - INFO - Epoch [2/10], Step [4100/6599], Val loss: 0.000
2024-12-02 17:43:16,297 - INFO - Epoch [2/10], Step [4200/6599], Val loss: 0.000
2024-12-02 17:43:16,929 - INFO - Epoch [2/10], Step [4300/6599], Val loss: 0.000
2024-12-02 17:43:17,550 - INFO - Epoch [2/10], Step [4400/6599], Val loss: 0.000
2024-12-02 17:43:18,164 - INFO - Epoch [2/10], Step [4500/6599], Val loss: 0.000
2024-12-02 17:43:18,788 - INFO - Epoch [2/10], Step [4600/6599], Val loss: 0.001
2024-12-02 17:43:19,420 - INFO - Epoch [2/10], Step [4700/6599], Val loss: 0.004
2024-12-02 17:43:20,010 - INFO - Epoch [2/10], Step [4800/6599], Val loss: 0.000
2024-12-02 17:43:20,617 - INFO - Epoch [2/10], Step [4900/6599], Val loss: 0.001
2024-12-02 17:43:21,295 - INFO - Epoch [2/10], Step [5000/6599], Val loss: 0.000
2024-12-02 17:43:21,972 - INFO - Epoch [2/10], Step [5100/6599], Val loss: 0.000
2024-12-02 17:43:22,634 - INFO - Epoch [2/10], Step [5200/6599], Val loss: 0.000
2024-12-02 17:43:23,357 - INFO - Epoch [2/10], Step [5300/6599], Val loss: 0.000
2024-12-02 17:43:23,989 - INFO - Epoch [2/10], Step [5400/6599], Val loss: 0.000
2024-12-02 17:43:24,613 - INFO - Epoch [2/10], Step [5500/6599], Val loss: 0.000
2024-12-02 17:43:25,289 - INFO - Epoch [2/10], Step [5600/6599], Val loss: 0.000
2024-12-02 17:43:25,951 - INFO - Epoch [2/10], Step [5700/6599], Val loss: 0.000
2024-12-02 17:43:26,587 - INFO - Epoch [2/10], Step [5800/6599], Val loss: 0.001
2024-12-02 17:43:27,289 - INFO - Epoch [2/10], Step [5900/6599], Val loss: 0.001
2024-12-02 17:43:27,957 - INFO - Epoch [2/10], Step [6000/6599], Val loss: 0.000
2024-12-02 17:43:28,604 - INFO - Epoch [2/10], Step [6100/6599], Val loss: 0.000
2024-12-02 17:43:29,250 - INFO - Epoch [2/10], Step [6200/6599], Val loss: 0.000
2024-12-02 17:43:29,888 - INFO - Epoch [2/10], Step [6300/6599], Val loss: 0.002
2024-12-02 17:43:30,569 - INFO - Epoch [2/10], Step [6400/6599], Val loss: 0.000
2024-12-02 17:43:31,239 - INFO - Epoch [2/10], Step [6500/6599], Val loss: 0.000
2024-12-02 17:43:31,856 - INFO - Epoch [2/10], Average val loss: 0.001
2024-12-02 17:43:43,036 - INFO - Epoch [3/10], Step [1000/26394], Train loss: 0.000
2024-12-02 17:43:52,759 - INFO - Epoch [3/10], Step [2000/26394], Train loss: 0.000
2024-12-02 17:44:02,501 - INFO - Epoch [3/10], Step [3000/26394], Train loss: 0.000
2024-12-02 17:44:12,188 - INFO - Epoch [3/10], Step [4000/26394], Train loss: 0.000
2024-12-02 17:44:21,837 - INFO - Epoch [3/10], Step [5000/26394], Train loss: 0.000
2024-12-02 17:44:31,487 - INFO - Epoch [3/10], Step [6000/26394], Train loss: 0.000
2024-12-02 17:44:41,041 - INFO - Epoch [3/10], Step [7000/26394], Train loss: 0.048
2024-12-02 17:44:50,834 - INFO - Epoch [3/10], Step [8000/26394], Train loss: 0.000
2024-12-02 17:45:00,328 - INFO - Epoch [3/10], Step [9000/26394], Train loss: 0.000
2024-12-02 17:45:09,997 - INFO - Epoch [3/10], Step [10000/26394], Train loss: 0.000
2024-12-02 17:45:19,644 - INFO - Epoch [3/10], Step [11000/26394], Train loss: 0.000
2024-12-02 17:45:29,297 - INFO - Epoch [3/10], Step [12000/26394], Train loss: 0.000
2024-12-02 17:45:38,980 - INFO - Epoch [3/10], Step [13000/26394], Train loss: 0.000
2024-12-02 17:45:48,675 - INFO - Epoch [3/10], Step [14000/26394], Train loss: 0.004
2024-12-02 17:45:58,442 - INFO - Epoch [3/10], Step [15000/26394], Train loss: 0.000
2024-12-02 17:46:08,047 - INFO - Epoch [3/10], Step [16000/26394], Train loss: 0.000
2024-12-02 17:46:17,641 - INFO - Epoch [3/10], Step [17000/26394], Train loss: 0.000
2024-12-02 17:46:27,347 - INFO - Epoch [3/10], Step [18000/26394], Train loss: 0.000
2024-12-02 17:46:37,048 - INFO - Epoch [3/10], Step [19000/26394], Train loss: 0.000
2024-12-02 17:46:46,616 - INFO - Epoch [3/10], Step [20000/26394], Train loss: 0.000
2024-12-02 17:46:56,423 - INFO - Epoch [3/10], Step [21000/26394], Train loss: 0.000
2024-12-02 17:47:06,158 - INFO - Epoch [3/10], Step [22000/26394], Train loss: 0.000
2024-12-02 17:47:15,818 - INFO - Epoch [3/10], Step [23000/26394], Train loss: 0.000
2024-12-02 17:47:25,426 - INFO - Epoch [3/10], Step [24000/26394], Train loss: 0.000
2024-12-02 17:47:35,035 - INFO - Epoch [3/10], Step [25000/26394], Train loss: 0.004
2024-12-02 17:47:44,627 - INFO - Epoch [3/10], Step [26000/26394], Train loss: 0.000
2024-12-02 17:47:48,434 - INFO - Epoch [3/10], Average train loss: 0.001
2024-12-02 17:47:48,872 - INFO - Epoch [3/10], Step [100/6599], Val loss: 0.000
2024-12-02 17:47:49,326 - INFO - Epoch [3/10], Step [200/6599], Val loss: 0.001
2024-12-02 17:47:49,763 - INFO - Epoch [3/10], Step [300/6599], Val loss: 0.002
2024-12-02 17:47:50,223 - INFO - Epoch [3/10], Step [400/6599], Val loss: 0.000
2024-12-02 17:47:50,670 - INFO - Epoch [3/10], Step [500/6599], Val loss: 0.000
2024-12-02 17:47:51,130 - INFO - Epoch [3/10], Step [600/6599], Val loss: 0.000
2024-12-02 17:47:51,582 - INFO - Epoch [3/10], Step [700/6599], Val loss: 0.000
2024-12-02 17:47:52,043 - INFO - Epoch [3/10], Step [800/6599], Val loss: 0.000
2024-12-02 17:47:52,607 - INFO - Epoch [3/10], Step [900/6599], Val loss: 0.000
2024-12-02 17:47:53,222 - INFO - Epoch [3/10], Step [1000/6599], Val loss: 0.001
2024-12-02 17:47:53,860 - INFO - Epoch [3/10], Step [1100/6599], Val loss: 0.000
2024-12-02 17:47:54,486 - INFO - Epoch [3/10], Step [1200/6599], Val loss: 0.000
2024-12-02 17:47:55,131 - INFO - Epoch [3/10], Step [1300/6599], Val loss: 0.000
2024-12-02 17:47:55,752 - INFO - Epoch [3/10], Step [1400/6599], Val loss: 0.000
2024-12-02 17:47:56,354 - INFO - Epoch [3/10], Step [1500/6599], Val loss: 0.000
2024-12-02 17:47:56,982 - INFO - Epoch [3/10], Step [1600/6599], Val loss: 0.000
2024-12-02 17:47:57,548 - INFO - Epoch [3/10], Step [1700/6599], Val loss: 0.000
2024-12-02 17:47:58,157 - INFO - Epoch [3/10], Step [1800/6599], Val loss: 0.000
2024-12-02 17:47:58,802 - INFO - Epoch [3/10], Step [1900/6599], Val loss: 0.000
2024-12-02 17:47:59,481 - INFO - Epoch [3/10], Step [2000/6599], Val loss: 0.000
2024-12-02 17:48:00,119 - INFO - Epoch [3/10], Step [2100/6599], Val loss: 0.000
2024-12-02 17:48:00,788 - INFO - Epoch [3/10], Step [2200/6599], Val loss: 0.001
2024-12-02 17:48:01,501 - INFO - Epoch [3/10], Step [2300/6599], Val loss: 0.128
2024-12-02 17:48:02,153 - INFO - Epoch [3/10], Step [2400/6599], Val loss: 0.000
2024-12-02 17:48:02,758 - INFO - Epoch [3/10], Step [2500/6599], Val loss: 0.000
2024-12-02 17:48:03,432 - INFO - Epoch [3/10], Step [2600/6599], Val loss: 0.000
2024-12-02 17:48:04,097 - INFO - Epoch [3/10], Step [2700/6599], Val loss: 0.000
2024-12-02 17:48:04,775 - INFO - Epoch [3/10], Step [2800/6599], Val loss: 0.000
2024-12-02 17:48:05,451 - INFO - Epoch [3/10], Step [2900/6599], Val loss: 0.000
2024-12-02 17:48:06,122 - INFO - Epoch [3/10], Step [3000/6599], Val loss: 0.000
2024-12-02 17:48:06,777 - INFO - Epoch [3/10], Step [3100/6599], Val loss: 0.000
2024-12-02 17:48:07,440 - INFO - Epoch [3/10], Step [3200/6599], Val loss: 0.000
2024-12-02 17:48:08,087 - INFO - Epoch [3/10], Step [3300/6599], Val loss: 0.000
2024-12-02 17:48:08,758 - INFO - Epoch [3/10], Step [3400/6599], Val loss: 0.000
2024-12-02 17:48:09,400 - INFO - Epoch [3/10], Step [3500/6599], Val loss: 0.000
2024-12-02 17:48:10,021 - INFO - Epoch [3/10], Step [3600/6599], Val loss: 0.000
2024-12-02 17:48:10,658 - INFO - Epoch [3/10], Step [3700/6599], Val loss: 0.000
2024-12-02 17:48:11,272 - INFO - Epoch [3/10], Step [3800/6599], Val loss: 0.000
2024-12-02 17:48:11,918 - INFO - Epoch [3/10], Step [3900/6599], Val loss: 0.001
2024-12-02 17:48:12,591 - INFO - Epoch [3/10], Step [4000/6599], Val loss: 0.000
2024-12-02 17:48:13,289 - INFO - Epoch [3/10], Step [4100/6599], Val loss: 0.000
2024-12-02 17:48:13,945 - INFO - Epoch [3/10], Step [4200/6599], Val loss: 0.000
2024-12-02 17:48:14,637 - INFO - Epoch [3/10], Step [4300/6599], Val loss: 0.000
2024-12-02 17:48:15,252 - INFO - Epoch [3/10], Step [4400/6599], Val loss: 0.000
2024-12-02 17:48:15,852 - INFO - Epoch [3/10], Step [4500/6599], Val loss: 0.000
2024-12-02 17:48:16,595 - INFO - Epoch [3/10], Step [4600/6599], Val loss: 0.000
2024-12-02 17:48:17,262 - INFO - Epoch [3/10], Step [4700/6599], Val loss: 0.005
2024-12-02 17:48:17,954 - INFO - Epoch [3/10], Step [4800/6599], Val loss: 0.000
2024-12-02 17:48:18,602 - INFO - Epoch [3/10], Step [4900/6599], Val loss: 0.002
2024-12-02 17:48:19,224 - INFO - Epoch [3/10], Step [5000/6599], Val loss: 0.000
2024-12-02 17:48:19,849 - INFO - Epoch [3/10], Step [5100/6599], Val loss: 0.000
2024-12-02 17:48:20,500 - INFO - Epoch [3/10], Step [5200/6599], Val loss: 0.000
2024-12-02 17:48:21,145 - INFO - Epoch [3/10], Step [5300/6599], Val loss: 0.000
2024-12-02 17:48:21,806 - INFO - Epoch [3/10], Step [5400/6599], Val loss: 0.000
2024-12-02 17:48:22,476 - INFO - Epoch [3/10], Step [5500/6599], Val loss: 0.000
2024-12-02 17:48:23,127 - INFO - Epoch [3/10], Step [5600/6599], Val loss: 0.000
2024-12-02 17:48:23,733 - INFO - Epoch [3/10], Step [5700/6599], Val loss: 0.000
2024-12-02 17:48:24,371 - INFO - Epoch [3/10], Step [5800/6599], Val loss: 0.000
2024-12-02 17:48:25,036 - INFO - Epoch [3/10], Step [5900/6599], Val loss: 0.000
2024-12-02 17:48:25,619 - INFO - Epoch [3/10], Step [6000/6599], Val loss: 0.000
2024-12-02 17:48:26,289 - INFO - Epoch [3/10], Step [6100/6599], Val loss: 0.000
2024-12-02 17:48:26,949 - INFO - Epoch [3/10], Step [6200/6599], Val loss: 0.000
2024-12-02 17:48:27,612 - INFO - Epoch [3/10], Step [6300/6599], Val loss: 0.000
2024-12-02 17:48:28,240 - INFO - Epoch [3/10], Step [6400/6599], Val loss: 0.000
2024-12-02 17:48:28,906 - INFO - Epoch [3/10], Step [6500/6599], Val loss: 0.000
2024-12-02 17:48:29,597 - INFO - Epoch [3/10], Average val loss: 0.001
2024-12-02 17:48:40,784 - INFO - Epoch [4/10], Step [1000/26394], Train loss: 0.000
2024-12-02 17:48:50,455 - INFO - Epoch [4/10], Step [2000/26394], Train loss: 0.000
2024-12-02 17:49:00,066 - INFO - Epoch [4/10], Step [3000/26394], Train loss: 0.000
2024-12-02 17:49:09,697 - INFO - Epoch [4/10], Step [4000/26394], Train loss: 0.000
2024-12-02 17:49:19,265 - INFO - Epoch [4/10], Step [5000/26394], Train loss: 0.000
2024-12-02 17:49:28,930 - INFO - Epoch [4/10], Step [6000/26394], Train loss: 0.000
2024-12-02 17:49:38,675 - INFO - Epoch [4/10], Step [7000/26394], Train loss: 0.048
2024-12-02 17:49:48,373 - INFO - Epoch [4/10], Step [8000/26394], Train loss: 0.000
2024-12-02 17:49:58,079 - INFO - Epoch [4/10], Step [9000/26394], Train loss: 0.000
2024-12-02 17:50:07,832 - INFO - Epoch [4/10], Step [10000/26394], Train loss: 0.000
2024-12-02 17:50:17,484 - INFO - Epoch [4/10], Step [11000/26394], Train loss: 0.000
2024-12-02 17:50:27,117 - INFO - Epoch [4/10], Step [12000/26394], Train loss: 0.000
2024-12-02 17:50:36,773 - INFO - Epoch [4/10], Step [13000/26394], Train loss: 0.000
2024-12-02 17:50:46,392 - INFO - Epoch [4/10], Step [14000/26394], Train loss: 0.001
2024-12-02 17:50:56,119 - INFO - Epoch [4/10], Step [15000/26394], Train loss: 0.000
2024-12-02 17:51:05,823 - INFO - Epoch [4/10], Step [16000/26394], Train loss: 0.000
2024-12-02 17:51:15,362 - INFO - Epoch [4/10], Step [17000/26394], Train loss: 0.000
2024-12-02 17:51:25,083 - INFO - Epoch [4/10], Step [18000/26394], Train loss: 0.000
2024-12-02 17:51:34,722 - INFO - Epoch [4/10], Step [19000/26394], Train loss: 0.000
2024-12-02 17:51:44,486 - INFO - Epoch [4/10], Step [20000/26394], Train loss: 0.000
2024-12-02 17:51:54,170 - INFO - Epoch [4/10], Step [21000/26394], Train loss: 0.000
2024-12-02 17:52:03,864 - INFO - Epoch [4/10], Step [22000/26394], Train loss: 0.000
2024-12-02 17:52:13,551 - INFO - Epoch [4/10], Step [23000/26394], Train loss: 0.000
2024-12-02 17:52:23,216 - INFO - Epoch [4/10], Step [24000/26394], Train loss: 0.000
2024-12-02 17:52:32,841 - INFO - Epoch [4/10], Step [25000/26394], Train loss: 0.003
2024-12-02 17:52:42,570 - INFO - Epoch [4/10], Step [26000/26394], Train loss: 0.000
2024-12-02 17:52:46,373 - INFO - Epoch [4/10], Average train loss: 0.001
2024-12-02 17:52:46,812 - INFO - Epoch [4/10], Step [100/6599], Val loss: 0.000
2024-12-02 17:52:47,274 - INFO - Epoch [4/10], Step [200/6599], Val loss: 0.000
2024-12-02 17:52:47,733 - INFO - Epoch [4/10], Step [300/6599], Val loss: 0.002
2024-12-02 17:52:48,190 - INFO - Epoch [4/10], Step [400/6599], Val loss: 0.000
2024-12-02 17:52:48,669 - INFO - Epoch [4/10], Step [500/6599], Val loss: 0.000
2024-12-02 17:52:49,318 - INFO - Epoch [4/10], Step [600/6599], Val loss: 0.000
2024-12-02 17:52:50,003 - INFO - Epoch [4/10], Step [700/6599], Val loss: 0.000
2024-12-02 17:52:50,588 - INFO - Epoch [4/10], Step [800/6599], Val loss: 0.000
2024-12-02 17:52:51,247 - INFO - Epoch [4/10], Step [900/6599], Val loss: 0.000
2024-12-02 17:52:51,865 - INFO - Epoch [4/10], Step [1000/6599], Val loss: 0.001
2024-12-02 17:52:52,538 - INFO - Epoch [4/10], Step [1100/6599], Val loss: 0.000
2024-12-02 17:52:53,112 - INFO - Epoch [4/10], Step [1200/6599], Val loss: 0.000
2024-12-02 17:52:53,737 - INFO - Epoch [4/10], Step [1300/6599], Val loss: 0.000
2024-12-02 17:52:54,377 - INFO - Epoch [4/10], Step [1400/6599], Val loss: 0.000
2024-12-02 17:52:55,022 - INFO - Epoch [4/10], Step [1500/6599], Val loss: 0.000
2024-12-02 17:52:55,644 - INFO - Epoch [4/10], Step [1600/6599], Val loss: 0.000
2024-12-02 17:52:56,288 - INFO - Epoch [4/10], Step [1700/6599], Val loss: 0.000
2024-12-02 17:52:56,907 - INFO - Epoch [4/10], Step [1800/6599], Val loss: 0.000
2024-12-02 17:52:57,585 - INFO - Epoch [4/10], Step [1900/6599], Val loss: 0.000
2024-12-02 17:52:58,211 - INFO - Epoch [4/10], Step [2000/6599], Val loss: 0.000
2024-12-02 17:52:58,842 - INFO - Epoch [4/10], Step [2100/6599], Val loss: 0.000
2024-12-02 17:52:59,461 - INFO - Epoch [4/10], Step [2200/6599], Val loss: 0.001
2024-12-02 17:53:00,080 - INFO - Epoch [4/10], Step [2300/6599], Val loss: 0.131
2024-12-02 17:53:00,707 - INFO - Epoch [4/10], Step [2400/6599], Val loss: 0.000
2024-12-02 17:53:01,378 - INFO - Epoch [4/10], Step [2500/6599], Val loss: 0.000
2024-12-02 17:53:02,002 - INFO - Epoch [4/10], Step [2600/6599], Val loss: 0.000
2024-12-02 17:53:02,677 - INFO - Epoch [4/10], Step [2700/6599], Val loss: 0.000
2024-12-02 17:53:03,349 - INFO - Epoch [4/10], Step [2800/6599], Val loss: 0.000
2024-12-02 17:53:03,965 - INFO - Epoch [4/10], Step [2900/6599], Val loss: 0.000
2024-12-02 17:53:04,587 - INFO - Epoch [4/10], Step [3000/6599], Val loss: 0.000
2024-12-02 17:53:05,218 - INFO - Epoch [4/10], Step [3100/6599], Val loss: 0.000
2024-12-02 17:53:05,844 - INFO - Epoch [4/10], Step [3200/6599], Val loss: 0.000
2024-12-02 17:53:06,486 - INFO - Epoch [4/10], Step [3300/6599], Val loss: 0.000
2024-12-02 17:53:07,062 - INFO - Epoch [4/10], Step [3400/6599], Val loss: 0.000
2024-12-02 17:53:07,698 - INFO - Epoch [4/10], Step [3500/6599], Val loss: 0.000
2024-12-02 17:53:08,388 - INFO - Epoch [4/10], Step [3600/6599], Val loss: 0.000
2024-12-02 17:53:09,041 - INFO - Epoch [4/10], Step [3700/6599], Val loss: 0.000
2024-12-02 17:53:09,693 - INFO - Epoch [4/10], Step [3800/6599], Val loss: 0.000
2024-12-02 17:53:10,366 - INFO - Epoch [4/10], Step [3900/6599], Val loss: 0.001
2024-12-02 17:53:11,010 - INFO - Epoch [4/10], Step [4000/6599], Val loss: 0.000
2024-12-02 17:53:11,692 - INFO - Epoch [4/10], Step [4100/6599], Val loss: 0.000
2024-12-02 17:53:12,343 - INFO - Epoch [4/10], Step [4200/6599], Val loss: 0.000
2024-12-02 17:53:13,034 - INFO - Epoch [4/10], Step [4300/6599], Val loss: 0.000
2024-12-02 17:53:13,677 - INFO - Epoch [4/10], Step [4400/6599], Val loss: 0.000
2024-12-02 17:53:14,326 - INFO - Epoch [4/10], Step [4500/6599], Val loss: 0.000
2024-12-02 17:53:14,928 - INFO - Epoch [4/10], Step [4600/6599], Val loss: 0.000
2024-12-02 17:53:15,564 - INFO - Epoch [4/10], Step [4700/6599], Val loss: 0.005
2024-12-02 17:53:16,193 - INFO - Epoch [4/10], Step [4800/6599], Val loss: 0.000
2024-12-02 17:53:16,861 - INFO - Epoch [4/10], Step [4900/6599], Val loss: 0.002
2024-12-02 17:53:17,501 - INFO - Epoch [4/10], Step [5000/6599], Val loss: 0.000
2024-12-02 17:53:18,170 - INFO - Epoch [4/10], Step [5100/6599], Val loss: 0.000
2024-12-02 17:53:18,836 - INFO - Epoch [4/10], Step [5200/6599], Val loss: 0.000
2024-12-02 17:53:19,445 - INFO - Epoch [4/10], Step [5300/6599], Val loss: 0.000
2024-12-02 17:53:20,071 - INFO - Epoch [4/10], Step [5400/6599], Val loss: 0.000
2024-12-02 17:53:20,711 - INFO - Epoch [4/10], Step [5500/6599], Val loss: 0.000
2024-12-02 17:53:21,347 - INFO - Epoch [4/10], Step [5600/6599], Val loss: 0.000
2024-12-02 17:53:22,001 - INFO - Epoch [4/10], Step [5700/6599], Val loss: 0.000
2024-12-02 17:53:22,676 - INFO - Epoch [4/10], Step [5800/6599], Val loss: 0.000
2024-12-02 17:53:23,340 - INFO - Epoch [4/10], Step [5900/6599], Val loss: 0.000
2024-12-02 17:53:23,992 - INFO - Epoch [4/10], Step [6000/6599], Val loss: 0.000
2024-12-02 17:53:24,707 - INFO - Epoch [4/10], Step [6100/6599], Val loss: 0.000
2024-12-02 17:53:25,411 - INFO - Epoch [4/10], Step [6200/6599], Val loss: 0.000
2024-12-02 17:53:26,031 - INFO - Epoch [4/10], Step [6300/6599], Val loss: 0.000
2024-12-02 17:53:26,685 - INFO - Epoch [4/10], Step [6400/6599], Val loss: 0.000
2024-12-02 17:53:27,310 - INFO - Epoch [4/10], Step [6500/6599], Val loss: 0.000
2024-12-02 17:53:27,932 - INFO - Epoch [4/10], Average val loss: 0.001
2024-12-02 17:53:39,829 - INFO - Epoch [5/10], Step [1000/26394], Train loss: 0.000
2024-12-02 17:53:49,438 - INFO - Epoch [5/10], Step [2000/26394], Train loss: 0.000
2024-12-02 17:53:59,167 - INFO - Epoch [5/10], Step [3000/26394], Train loss: 0.000
2024-12-02 17:54:08,893 - INFO - Epoch [5/10], Step [4000/26394], Train loss: 0.000
2024-12-02 17:54:18,515 - INFO - Epoch [5/10], Step [5000/26394], Train loss: 0.000
2024-12-02 17:54:28,128 - INFO - Epoch [5/10], Step [6000/26394], Train loss: 0.000
2024-12-02 17:54:37,788 - INFO - Epoch [5/10], Step [7000/26394], Train loss: 0.048
2024-12-02 17:54:47,450 - INFO - Epoch [5/10], Step [8000/26394], Train loss: 0.000
2024-12-02 17:54:57,063 - INFO - Epoch [5/10], Step [9000/26394], Train loss: 0.000
2024-12-02 17:55:06,786 - INFO - Epoch [5/10], Step [10000/26394], Train loss: 0.000
2024-12-02 17:55:16,452 - INFO - Epoch [5/10], Step [11000/26394], Train loss: 0.000
2024-12-02 17:55:26,055 - INFO - Epoch [5/10], Step [12000/26394], Train loss: 0.000
2024-12-02 17:55:35,785 - INFO - Epoch [5/10], Step [13000/26394], Train loss: 0.000
2024-12-02 17:55:45,389 - INFO - Epoch [5/10], Step [14000/26394], Train loss: 0.001
2024-12-02 17:55:55,013 - INFO - Epoch [5/10], Step [15000/26394], Train loss: 0.000
2024-12-02 17:56:04,671 - INFO - Epoch [5/10], Step [16000/26394], Train loss: 0.000
2024-12-02 17:56:14,339 - INFO - Epoch [5/10], Step [17000/26394], Train loss: 0.000
2024-12-02 17:56:24,012 - INFO - Epoch [5/10], Step [18000/26394], Train loss: 0.000
2024-12-02 17:56:33,676 - INFO - Epoch [5/10], Step [19000/26394], Train loss: 0.000
2024-12-02 17:56:43,299 - INFO - Epoch [5/10], Step [20000/26394], Train loss: 0.000
2024-12-02 17:56:53,054 - INFO - Epoch [5/10], Step [21000/26394], Train loss: 0.000
2024-12-02 17:57:02,691 - INFO - Epoch [5/10], Step [22000/26394], Train loss: 0.000
2024-12-02 17:57:12,363 - INFO - Epoch [5/10], Step [23000/26394], Train loss: 0.000
2024-12-02 17:57:21,951 - INFO - Epoch [5/10], Step [24000/26394], Train loss: 0.000
2024-12-02 17:57:31,679 - INFO - Epoch [5/10], Step [25000/26394], Train loss: 0.003
2024-12-02 17:57:41,329 - INFO - Epoch [5/10], Step [26000/26394], Train loss: 0.000
2024-12-02 17:57:45,070 - INFO - Epoch [5/10], Average train loss: 0.001
2024-12-02 17:57:45,515 - INFO - Epoch [5/10], Step [100/6599], Val loss: 0.000
2024-12-02 17:57:45,991 - INFO - Epoch [5/10], Step [200/6599], Val loss: 0.000
2024-12-02 17:57:46,444 - INFO - Epoch [5/10], Step [300/6599], Val loss: 0.002
2024-12-02 17:57:46,901 - INFO - Epoch [5/10], Step [400/6599], Val loss: 0.000
2024-12-02 17:57:47,454 - INFO - Epoch [5/10], Step [500/6599], Val loss: 0.000
2024-12-02 17:57:48,080 - INFO - Epoch [5/10], Step [600/6599], Val loss: 0.000
2024-12-02 17:57:48,729 - INFO - Epoch [5/10], Step [700/6599], Val loss: 0.000
2024-12-02 17:57:49,398 - INFO - Epoch [5/10], Step [800/6599], Val loss: 0.000
2024-12-02 17:57:50,010 - INFO - Epoch [5/10], Step [900/6599], Val loss: 0.000
2024-12-02 17:57:50,654 - INFO - Epoch [5/10], Step [1000/6599], Val loss: 0.001
2024-12-02 17:57:51,340 - INFO - Epoch [5/10], Step [1100/6599], Val loss: 0.000
2024-12-02 17:57:51,976 - INFO - Epoch [5/10], Step [1200/6599], Val loss: 0.000
2024-12-02 17:57:52,667 - INFO - Epoch [5/10], Step [1300/6599], Val loss: 0.000
2024-12-02 17:57:53,306 - INFO - Epoch [5/10], Step [1400/6599], Val loss: 0.000
2024-12-02 17:57:53,919 - INFO - Epoch [5/10], Step [1500/6599], Val loss: 0.000
2024-12-02 17:57:54,576 - INFO - Epoch [5/10], Step [1600/6599], Val loss: 0.000
2024-12-02 17:57:55,242 - INFO - Epoch [5/10], Step [1700/6599], Val loss: 0.000
2024-12-02 17:57:55,896 - INFO - Epoch [5/10], Step [1800/6599], Val loss: 0.000
2024-12-02 17:57:56,539 - INFO - Epoch [5/10], Step [1900/6599], Val loss: 0.000
2024-12-02 17:57:57,158 - INFO - Epoch [5/10], Step [2000/6599], Val loss: 0.000
2024-12-02 17:57:57,806 - INFO - Epoch [5/10], Step [2100/6599], Val loss: 0.000
2024-12-02 17:57:58,475 - INFO - Epoch [5/10], Step [2200/6599], Val loss: 0.000
2024-12-02 17:57:59,094 - INFO - Epoch [5/10], Step [2300/6599], Val loss: 0.127
2024-12-02 17:57:59,752 - INFO - Epoch [5/10], Step [2400/6599], Val loss: 0.000
2024-12-02 17:58:00,384 - INFO - Epoch [5/10], Step [2500/6599], Val loss: 0.000
2024-12-02 17:58:01,077 - INFO - Epoch [5/10], Step [2600/6599], Val loss: 0.000
2024-12-02 17:58:01,681 - INFO - Epoch [5/10], Step [2700/6599], Val loss: 0.000
2024-12-02 17:58:02,337 - INFO - Epoch [5/10], Step [2800/6599], Val loss: 0.000
2024-12-02 17:58:02,929 - INFO - Epoch [5/10], Step [2900/6599], Val loss: 0.000
2024-12-02 17:58:03,581 - INFO - Epoch [5/10], Step [3000/6599], Val loss: 0.000
2024-12-02 17:58:04,233 - INFO - Epoch [5/10], Step [3100/6599], Val loss: 0.000
2024-12-02 17:58:04,940 - INFO - Epoch [5/10], Step [3200/6599], Val loss: 0.000
2024-12-02 17:58:05,624 - INFO - Epoch [5/10], Step [3300/6599], Val loss: 0.000
2024-12-02 17:58:06,241 - INFO - Epoch [5/10], Step [3400/6599], Val loss: 0.000
2024-12-02 17:58:06,858 - INFO - Epoch [5/10], Step [3500/6599], Val loss: 0.000
2024-12-02 17:58:07,549 - INFO - Epoch [5/10], Step [3600/6599], Val loss: 0.000
2024-12-02 17:58:08,281 - INFO - Epoch [5/10], Step [3700/6599], Val loss: 0.000
2024-12-02 17:58:08,915 - INFO - Epoch [5/10], Step [3800/6599], Val loss: 0.000
2024-12-02 17:58:09,616 - INFO - Epoch [5/10], Step [3900/6599], Val loss: 0.001
2024-12-02 17:58:10,263 - INFO - Epoch [5/10], Step [4000/6599], Val loss: 0.000
2024-12-02 17:58:10,932 - INFO - Epoch [5/10], Step [4100/6599], Val loss: 0.000
2024-12-02 17:58:11,585 - INFO - Epoch [5/10], Step [4200/6599], Val loss: 0.000
2024-12-02 17:58:12,255 - INFO - Epoch [5/10], Step [4300/6599], Val loss: 0.000
2024-12-02 17:58:12,923 - INFO - Epoch [5/10], Step [4400/6599], Val loss: 0.000
2024-12-02 17:58:13,517 - INFO - Epoch [5/10], Step [4500/6599], Val loss: 0.000
2024-12-02 17:58:14,132 - INFO - Epoch [5/10], Step [4600/6599], Val loss: 0.000
2024-12-02 17:58:14,762 - INFO - Epoch [5/10], Step [4700/6599], Val loss: 0.005
2024-12-02 17:58:15,397 - INFO - Epoch [5/10], Step [4800/6599], Val loss: 0.000
2024-12-02 17:58:16,033 - INFO - Epoch [5/10], Step [4900/6599], Val loss: 0.002
2024-12-02 17:58:16,660 - INFO - Epoch [5/10], Step [5000/6599], Val loss: 0.000
2024-12-02 17:58:17,295 - INFO - Epoch [5/10], Step [5100/6599], Val loss: 0.000
2024-12-02 17:58:18,022 - INFO - Epoch [5/10], Step [5200/6599], Val loss: 0.000
2024-12-02 17:58:18,662 - INFO - Epoch [5/10], Step [5300/6599], Val loss: 0.000
2024-12-02 17:58:19,280 - INFO - Epoch [5/10], Step [5400/6599], Val loss: 0.000
2024-12-02 17:58:19,967 - INFO - Epoch [5/10], Step [5500/6599], Val loss: 0.000
2024-12-02 17:58:20,597 - INFO - Epoch [5/10], Step [5600/6599], Val loss: 0.000
2024-12-02 17:58:21,270 - INFO - Epoch [5/10], Step [5700/6599], Val loss: 0.000
2024-12-02 17:58:21,893 - INFO - Epoch [5/10], Step [5800/6599], Val loss: 0.000
2024-12-02 17:58:22,511 - INFO - Epoch [5/10], Step [5900/6599], Val loss: 0.000
2024-12-02 17:58:23,153 - INFO - Epoch [5/10], Step [6000/6599], Val loss: 0.000
2024-12-02 17:58:23,811 - INFO - Epoch [5/10], Step [6100/6599], Val loss: 0.000
2024-12-02 17:58:24,485 - INFO - Epoch [5/10], Step [6200/6599], Val loss: 0.000
2024-12-02 17:58:25,160 - INFO - Epoch [5/10], Step [6300/6599], Val loss: 0.000
2024-12-02 17:58:25,790 - INFO - Epoch [5/10], Step [6400/6599], Val loss: 0.000
2024-12-02 17:58:26,433 - INFO - Epoch [5/10], Step [6500/6599], Val loss: 0.000
2024-12-02 17:58:27,079 - INFO - Epoch [5/10], Average val loss: 0.001
2024-12-02 17:58:38,597 - INFO - Epoch [6/10], Step [1000/26394], Train loss: 0.000
2024-12-02 17:58:48,175 - INFO - Epoch [6/10], Step [2000/26394], Train loss: 0.000
2024-12-02 17:58:57,880 - INFO - Epoch [6/10], Step [3000/26394], Train loss: 0.000
2024-12-02 17:59:07,593 - INFO - Epoch [6/10], Step [4000/26394], Train loss: 0.000
2024-12-02 17:59:17,270 - INFO - Epoch [6/10], Step [5000/26394], Train loss: 0.000
2024-12-02 17:59:26,944 - INFO - Epoch [6/10], Step [6000/26394], Train loss: 0.000
2024-12-02 17:59:36,621 - INFO - Epoch [6/10], Step [7000/26394], Train loss: 0.048
2024-12-02 17:59:46,320 - INFO - Epoch [6/10], Step [8000/26394], Train loss: 0.000
2024-12-02 17:59:55,989 - INFO - Epoch [6/10], Step [9000/26394], Train loss: 0.000
2024-12-02 18:00:05,714 - INFO - Epoch [6/10], Step [10000/26394], Train loss: 0.000
2024-12-02 18:00:15,480 - INFO - Epoch [6/10], Step [11000/26394], Train loss: 0.000
2024-12-02 18:00:25,096 - INFO - Epoch [6/10], Step [12000/26394], Train loss: 0.000
2024-12-02 18:00:34,782 - INFO - Epoch [6/10], Step [13000/26394], Train loss: 0.000
2024-12-02 18:00:44,452 - INFO - Epoch [6/10], Step [14000/26394], Train loss: 0.000
2024-12-02 18:00:54,186 - INFO - Epoch [6/10], Step [15000/26394], Train loss: 0.000
2024-12-02 18:01:03,957 - INFO - Epoch [6/10], Step [16000/26394], Train loss: 0.000
2024-12-02 18:01:13,696 - INFO - Epoch [6/10], Step [17000/26394], Train loss: 0.000
2024-12-02 18:01:23,250 - INFO - Epoch [6/10], Step [18000/26394], Train loss: 0.000
2024-12-02 18:01:32,898 - INFO - Epoch [6/10], Step [19000/26394], Train loss: 0.000
2024-12-02 18:01:42,688 - INFO - Epoch [6/10], Step [20000/26394], Train loss: 0.000
2024-12-02 18:01:52,428 - INFO - Epoch [6/10], Step [21000/26394], Train loss: 0.000
2024-12-02 18:02:02,030 - INFO - Epoch [6/10], Step [22000/26394], Train loss: 0.000
2024-12-02 18:02:11,701 - INFO - Epoch [6/10], Step [23000/26394], Train loss: 0.000
2024-12-02 18:02:21,341 - INFO - Epoch [6/10], Step [24000/26394], Train loss: 0.000
2024-12-02 18:02:31,055 - INFO - Epoch [6/10], Step [25000/26394], Train loss: 0.002
2024-12-02 18:02:40,724 - INFO - Epoch [6/10], Step [26000/26394], Train loss: 0.000
2024-12-02 18:02:44,561 - INFO - Epoch [6/10], Average train loss: 0.001
2024-12-02 18:02:45,005 - INFO - Epoch [6/10], Step [100/6599], Val loss: 0.000
2024-12-02 18:02:45,492 - INFO - Epoch [6/10], Step [200/6599], Val loss: 0.001
2024-12-02 18:02:45,917 - INFO - Epoch [6/10], Step [300/6599], Val loss: 0.002
2024-12-02 18:02:46,383 - INFO - Epoch [6/10], Step [400/6599], Val loss: 0.000
2024-12-02 18:02:46,964 - INFO - Epoch [6/10], Step [500/6599], Val loss: 0.000
2024-12-02 18:02:47,573 - INFO - Epoch [6/10], Step [600/6599], Val loss: 0.000
2024-12-02 18:02:48,254 - INFO - Epoch [6/10], Step [700/6599], Val loss: 0.000
2024-12-02 18:02:48,920 - INFO - Epoch [6/10], Step [800/6599], Val loss: 0.000
2024-12-02 18:02:49,550 - INFO - Epoch [6/10], Step [900/6599], Val loss: 0.000
2024-12-02 18:02:50,166 - INFO - Epoch [6/10], Step [1000/6599], Val loss: 0.001
2024-12-02 18:02:50,850 - INFO - Epoch [6/10], Step [1100/6599], Val loss: 0.000
2024-12-02 18:02:51,483 - INFO - Epoch [6/10], Step [1200/6599], Val loss: 0.000
2024-12-02 18:02:52,150 - INFO - Epoch [6/10], Step [1300/6599], Val loss: 0.000
2024-12-02 18:02:52,811 - INFO - Epoch [6/10], Step [1400/6599], Val loss: 0.000
2024-12-02 18:02:53,470 - INFO - Epoch [6/10], Step [1500/6599], Val loss: 0.000
2024-12-02 18:02:54,098 - INFO - Epoch [6/10], Step [1600/6599], Val loss: 0.000
2024-12-02 18:02:54,730 - INFO - Epoch [6/10], Step [1700/6599], Val loss: 0.000
2024-12-02 18:02:55,400 - INFO - Epoch [6/10], Step [1800/6599], Val loss: 0.000
2024-12-02 18:02:56,055 - INFO - Epoch [6/10], Step [1900/6599], Val loss: 0.000
2024-12-02 18:02:56,665 - INFO - Epoch [6/10], Step [2000/6599], Val loss: 0.000
2024-12-02 18:02:57,262 - INFO - Epoch [6/10], Step [2100/6599], Val loss: 0.000
2024-12-02 18:02:57,899 - INFO - Epoch [6/10], Step [2200/6599], Val loss: 0.001
2024-12-02 18:02:58,574 - INFO - Epoch [6/10], Step [2300/6599], Val loss: 0.128
2024-12-02 18:02:59,202 - INFO - Epoch [6/10], Step [2400/6599], Val loss: 0.000
2024-12-02 18:02:59,839 - INFO - Epoch [6/10], Step [2500/6599], Val loss: 0.000
2024-12-02 18:03:00,461 - INFO - Epoch [6/10], Step [2600/6599], Val loss: 0.000
2024-12-02 18:03:01,098 - INFO - Epoch [6/10], Step [2700/6599], Val loss: 0.000
2024-12-02 18:03:01,732 - INFO - Epoch [6/10], Step [2800/6599], Val loss: 0.000
2024-12-02 18:03:02,351 - INFO - Epoch [6/10], Step [2900/6599], Val loss: 0.000
2024-12-02 18:03:02,952 - INFO - Epoch [6/10], Step [3000/6599], Val loss: 0.000
2024-12-02 18:03:03,584 - INFO - Epoch [6/10], Step [3100/6599], Val loss: 0.000
2024-12-02 18:03:04,278 - INFO - Epoch [6/10], Step [3200/6599], Val loss: 0.000
2024-12-02 18:03:04,949 - INFO - Epoch [6/10], Step [3300/6599], Val loss: 0.000
2024-12-02 18:03:05,585 - INFO - Epoch [6/10], Step [3400/6599], Val loss: 0.000
2024-12-02 18:03:06,265 - INFO - Epoch [6/10], Step [3500/6599], Val loss: 0.000
2024-12-02 18:03:06,910 - INFO - Epoch [6/10], Step [3600/6599], Val loss: 0.000
2024-12-02 18:03:07,514 - INFO - Epoch [6/10], Step [3700/6599], Val loss: 0.000
2024-12-02 18:03:08,176 - INFO - Epoch [6/10], Step [3800/6599], Val loss: 0.000
2024-12-02 18:03:08,785 - INFO - Epoch [6/10], Step [3900/6599], Val loss: 0.001
2024-12-02 18:03:09,384 - INFO - Epoch [6/10], Step [4000/6599], Val loss: 0.000
2024-12-02 18:03:10,050 - INFO - Epoch [6/10], Step [4100/6599], Val loss: 0.000
2024-12-02 18:03:10,692 - INFO - Epoch [6/10], Step [4200/6599], Val loss: 0.000
2024-12-02 18:03:11,306 - INFO - Epoch [6/10], Step [4300/6599], Val loss: 0.000
2024-12-02 18:03:11,962 - INFO - Epoch [6/10], Step [4400/6599], Val loss: 0.000
2024-12-02 18:03:12,584 - INFO - Epoch [6/10], Step [4500/6599], Val loss: 0.000
2024-12-02 18:03:13,252 - INFO - Epoch [6/10], Step [4600/6599], Val loss: 0.000
2024-12-02 18:03:13,929 - INFO - Epoch [6/10], Step [4700/6599], Val loss: 0.004
2024-12-02 18:03:14,539 - INFO - Epoch [6/10], Step [4800/6599], Val loss: 0.000
2024-12-02 18:03:15,118 - INFO - Epoch [6/10], Step [4900/6599], Val loss: 0.002
2024-12-02 18:03:15,781 - INFO - Epoch [6/10], Step [5000/6599], Val loss: 0.000
2024-12-02 18:03:16,389 - INFO - Epoch [6/10], Step [5100/6599], Val loss: 0.000
2024-12-02 18:03:16,999 - INFO - Epoch [6/10], Step [5200/6599], Val loss: 0.000
2024-12-02 18:03:17,647 - INFO - Epoch [6/10], Step [5300/6599], Val loss: 0.000
2024-12-02 18:03:18,326 - INFO - Epoch [6/10], Step [5400/6599], Val loss: 0.000
2024-12-02 18:03:18,966 - INFO - Epoch [6/10], Step [5500/6599], Val loss: 0.000
2024-12-02 18:03:19,649 - INFO - Epoch [6/10], Step [5600/6599], Val loss: 0.000
2024-12-02 18:03:20,291 - INFO - Epoch [6/10], Step [5700/6599], Val loss: 0.000
2024-12-02 18:03:20,911 - INFO - Epoch [6/10], Step [5800/6599], Val loss: 0.000
2024-12-02 18:03:21,527 - INFO - Epoch [6/10], Step [5900/6599], Val loss: 0.000
2024-12-02 18:03:22,174 - INFO - Epoch [6/10], Step [6000/6599], Val loss: 0.000
2024-12-02 18:03:22,846 - INFO - Epoch [6/10], Step [6100/6599], Val loss: 0.000
2024-12-02 18:03:23,507 - INFO - Epoch [6/10], Step [6200/6599], Val loss: 0.000
2024-12-02 18:03:24,163 - INFO - Epoch [6/10], Step [6300/6599], Val loss: 0.000
2024-12-02 18:03:24,777 - INFO - Epoch [6/10], Step [6400/6599], Val loss: 0.001
2024-12-02 18:03:25,438 - INFO - Epoch [6/10], Step [6500/6599], Val loss: 0.000
2024-12-02 18:03:26,013 - INFO - Epoch [6/10], Average val loss: 0.001
2024-12-02 18:03:37,289 - INFO - Epoch [7/10], Step [1000/26394], Train loss: 0.000
2024-12-02 18:03:46,986 - INFO - Epoch [7/10], Step [2000/26394], Train loss: 0.000
2024-12-02 18:03:56,686 - INFO - Epoch [7/10], Step [3000/26394], Train loss: 0.000
2024-12-02 18:04:06,461 - INFO - Epoch [7/10], Step [4000/26394], Train loss: 0.000
2024-12-02 18:04:16,182 - INFO - Epoch [7/10], Step [5000/26394], Train loss: 0.000
2024-12-02 18:04:25,875 - INFO - Epoch [7/10], Step [6000/26394], Train loss: 0.000
2024-12-02 18:04:35,485 - INFO - Epoch [7/10], Step [7000/26394], Train loss: 0.047
2024-12-02 18:04:45,072 - INFO - Epoch [7/10], Step [8000/26394], Train loss: 0.000
2024-12-02 18:04:54,829 - INFO - Epoch [7/10], Step [9000/26394], Train loss: 0.000
2024-12-02 18:05:04,514 - INFO - Epoch [7/10], Step [10000/26394], Train loss: 0.000
2024-12-02 18:05:14,136 - INFO - Epoch [7/10], Step [11000/26394], Train loss: 0.000
2024-12-02 18:05:23,883 - INFO - Epoch [7/10], Step [12000/26394], Train loss: 0.000
2024-12-02 18:05:33,501 - INFO - Epoch [7/10], Step [13000/26394], Train loss: 0.000
2024-12-02 18:05:43,177 - INFO - Epoch [7/10], Step [14000/26394], Train loss: 0.000
2024-12-02 18:05:52,813 - INFO - Epoch [7/10], Step [15000/26394], Train loss: 0.000
2024-12-02 18:06:02,545 - INFO - Epoch [7/10], Step [16000/26394], Train loss: 0.000
2024-12-02 18:06:12,258 - INFO - Epoch [7/10], Step [17000/26394], Train loss: 0.000
2024-12-02 18:06:21,824 - INFO - Epoch [7/10], Step [18000/26394], Train loss: 0.000
2024-12-02 18:06:31,446 - INFO - Epoch [7/10], Step [19000/26394], Train loss: 0.000
2024-12-02 18:06:41,162 - INFO - Epoch [7/10], Step [20000/26394], Train loss: 0.000
2024-12-02 18:06:50,823 - INFO - Epoch [7/10], Step [21000/26394], Train loss: 0.000
2024-12-02 18:07:00,550 - INFO - Epoch [7/10], Step [22000/26394], Train loss: 0.000
2024-12-02 18:07:10,211 - INFO - Epoch [7/10], Step [23000/26394], Train loss: 0.000
2024-12-02 18:07:19,993 - INFO - Epoch [7/10], Step [24000/26394], Train loss: 0.000
2024-12-02 18:07:29,608 - INFO - Epoch [7/10], Step [25000/26394], Train loss: 0.001
2024-12-02 18:07:39,353 - INFO - Epoch [7/10], Step [26000/26394], Train loss: 0.000
2024-12-02 18:07:43,190 - INFO - Epoch [7/10], Average train loss: 0.001
2024-12-02 18:07:43,632 - INFO - Epoch [7/10], Step [100/6599], Val loss: 0.000
2024-12-02 18:07:44,099 - INFO - Epoch [7/10], Step [200/6599], Val loss: 0.000
2024-12-02 18:07:44,571 - INFO - Epoch [7/10], Step [300/6599], Val loss: 0.002
2024-12-02 18:07:45,029 - INFO - Epoch [7/10], Step [400/6599], Val loss: 0.000
2024-12-02 18:07:45,536 - INFO - Epoch [7/10], Step [500/6599], Val loss: 0.000
2024-12-02 18:07:46,208 - INFO - Epoch [7/10], Step [600/6599], Val loss: 0.000
2024-12-02 18:07:46,845 - INFO - Epoch [7/10], Step [700/6599], Val loss: 0.000
2024-12-02 18:07:47,463 - INFO - Epoch [7/10], Step [800/6599], Val loss: 0.000
2024-12-02 18:07:48,123 - INFO - Epoch [7/10], Step [900/6599], Val loss: 0.000
2024-12-02 18:07:48,721 - INFO - Epoch [7/10], Step [1000/6599], Val loss: 0.001
2024-12-02 18:07:49,350 - INFO - Epoch [7/10], Step [1100/6599], Val loss: 0.000
2024-12-02 18:07:49,974 - INFO - Epoch [7/10], Step [1200/6599], Val loss: 0.000
2024-12-02 18:07:50,593 - INFO - Epoch [7/10], Step [1300/6599], Val loss: 0.000
2024-12-02 18:07:51,247 - INFO - Epoch [7/10], Step [1400/6599], Val loss: 0.000
2024-12-02 18:07:51,861 - INFO - Epoch [7/10], Step [1500/6599], Val loss: 0.000
2024-12-02 18:07:52,473 - INFO - Epoch [7/10], Step [1600/6599], Val loss: 0.000
2024-12-02 18:07:53,136 - INFO - Epoch [7/10], Step [1700/6599], Val loss: 0.000
2024-12-02 18:07:53,819 - INFO - Epoch [7/10], Step [1800/6599], Val loss: 0.000
2024-12-02 18:07:54,496 - INFO - Epoch [7/10], Step [1900/6599], Val loss: 0.000
2024-12-02 18:07:55,144 - INFO - Epoch [7/10], Step [2000/6599], Val loss: 0.000
2024-12-02 18:07:55,790 - INFO - Epoch [7/10], Step [2100/6599], Val loss: 0.000
2024-12-02 18:07:56,417 - INFO - Epoch [7/10], Step [2200/6599], Val loss: 0.000
2024-12-02 18:07:57,014 - INFO - Epoch [7/10], Step [2300/6599], Val loss: 0.128
2024-12-02 18:07:57,672 - INFO - Epoch [7/10], Step [2400/6599], Val loss: 0.000
2024-12-02 18:07:58,334 - INFO - Epoch [7/10], Step [2500/6599], Val loss: 0.000
2024-12-02 18:07:58,970 - INFO - Epoch [7/10], Step [2600/6599], Val loss: 0.000
2024-12-02 18:07:59,600 - INFO - Epoch [7/10], Step [2700/6599], Val loss: 0.000
2024-12-02 18:08:00,208 - INFO - Epoch [7/10], Step [2800/6599], Val loss: 0.000
2024-12-02 18:08:00,830 - INFO - Epoch [7/10], Step [2900/6599], Val loss: 0.000
2024-12-02 18:08:01,476 - INFO - Epoch [7/10], Step [3000/6599], Val loss: 0.000
2024-12-02 18:08:02,092 - INFO - Epoch [7/10], Step [3100/6599], Val loss: 0.000
2024-12-02 18:08:02,690 - INFO - Epoch [7/10], Step [3200/6599], Val loss: 0.000
2024-12-02 18:08:03,342 - INFO - Epoch [7/10], Step [3300/6599], Val loss: 0.000
2024-12-02 18:08:03,989 - INFO - Epoch [7/10], Step [3400/6599], Val loss: 0.000
2024-12-02 18:08:04,628 - INFO - Epoch [7/10], Step [3500/6599], Val loss: 0.000
2024-12-02 18:08:05,246 - INFO - Epoch [7/10], Step [3600/6599], Val loss: 0.000
2024-12-02 18:08:05,934 - INFO - Epoch [7/10], Step [3700/6599], Val loss: 0.000
2024-12-02 18:08:06,584 - INFO - Epoch [7/10], Step [3800/6599], Val loss: 0.000
2024-12-02 18:08:07,166 - INFO - Epoch [7/10], Step [3900/6599], Val loss: 0.001
2024-12-02 18:08:07,841 - INFO - Epoch [7/10], Step [4000/6599], Val loss: 0.000
2024-12-02 18:08:08,470 - INFO - Epoch [7/10], Step [4100/6599], Val loss: 0.000
2024-12-02 18:08:09,102 - INFO - Epoch [7/10], Step [4200/6599], Val loss: 0.000
2024-12-02 18:08:09,728 - INFO - Epoch [7/10], Step [4300/6599], Val loss: 0.000
2024-12-02 18:08:10,343 - INFO - Epoch [7/10], Step [4400/6599], Val loss: 0.000
2024-12-02 18:08:10,942 - INFO - Epoch [7/10], Step [4500/6599], Val loss: 0.000
2024-12-02 18:08:11,590 - INFO - Epoch [7/10], Step [4600/6599], Val loss: 0.000
2024-12-02 18:08:12,214 - INFO - Epoch [7/10], Step [4700/6599], Val loss: 0.004
2024-12-02 18:08:12,861 - INFO - Epoch [7/10], Step [4800/6599], Val loss: 0.000
2024-12-02 18:08:13,483 - INFO - Epoch [7/10], Step [4900/6599], Val loss: 0.001
2024-12-02 18:08:14,100 - INFO - Epoch [7/10], Step [5000/6599], Val loss: 0.000
2024-12-02 18:08:14,666 - INFO - Epoch [7/10], Step [5100/6599], Val loss: 0.000
2024-12-02 18:08:15,286 - INFO - Epoch [7/10], Step [5200/6599], Val loss: 0.000
2024-12-02 18:08:15,927 - INFO - Epoch [7/10], Step [5300/6599], Val loss: 0.000
2024-12-02 18:08:16,547 - INFO - Epoch [7/10], Step [5400/6599], Val loss: 0.000
2024-12-02 18:08:17,168 - INFO - Epoch [7/10], Step [5500/6599], Val loss: 0.000
2024-12-02 18:08:17,790 - INFO - Epoch [7/10], Step [5600/6599], Val loss: 0.000
2024-12-02 18:08:18,416 - INFO - Epoch [7/10], Step [5700/6599], Val loss: 0.000
2024-12-02 18:08:19,046 - INFO - Epoch [7/10], Step [5800/6599], Val loss: 0.000
2024-12-02 18:08:19,721 - INFO - Epoch [7/10], Step [5900/6599], Val loss: 0.000
2024-12-02 18:08:20,308 - INFO - Epoch [7/10], Step [6000/6599], Val loss: 0.000
2024-12-02 18:08:20,966 - INFO - Epoch [7/10], Step [6100/6599], Val loss: 0.000
2024-12-02 18:08:21,598 - INFO - Epoch [7/10], Step [6200/6599], Val loss: 0.000
2024-12-02 18:08:22,318 - INFO - Epoch [7/10], Step [6300/6599], Val loss: 0.000
2024-12-02 18:08:23,005 - INFO - Epoch [7/10], Step [6400/6599], Val loss: 0.000
2024-12-02 18:08:23,620 - INFO - Epoch [7/10], Step [6500/6599], Val loss: 0.000
2024-12-02 18:08:24,229 - INFO - Epoch [7/10], Average val loss: 0.001
2024-12-02 18:08:35,492 - INFO - Epoch [8/10], Step [1000/26394], Train loss: 0.000
2024-12-02 18:08:45,173 - INFO - Epoch [8/10], Step [2000/26394], Train loss: 0.000
2024-12-02 18:08:54,893 - INFO - Epoch [8/10], Step [3000/26394], Train loss: 0.000
2024-12-02 18:09:04,677 - INFO - Epoch [8/10], Step [4000/26394], Train loss: 0.000
2024-12-02 18:09:14,330 - INFO - Epoch [8/10], Step [5000/26394], Train loss: 0.000
2024-12-02 18:09:23,990 - INFO - Epoch [8/10], Step [6000/26394], Train loss: 0.000
2024-12-02 18:09:33,640 - INFO - Epoch [8/10], Step [7000/26394], Train loss: 0.047
2024-12-02 18:09:43,258 - INFO - Epoch [8/10], Step [8000/26394], Train loss: 0.000
2024-12-02 18:09:52,913 - INFO - Epoch [8/10], Step [9000/26394], Train loss: 0.000
2024-12-02 18:10:02,589 - INFO - Epoch [8/10], Step [10000/26394], Train loss: 0.000
2024-12-02 18:10:12,275 - INFO - Epoch [8/10], Step [11000/26394], Train loss: 0.000
2024-12-02 18:10:21,949 - INFO - Epoch [8/10], Step [12000/26394], Train loss: 0.000
2024-12-02 18:10:31,582 - INFO - Epoch [8/10], Step [13000/26394], Train loss: 0.000
2024-12-02 18:10:41,144 - INFO - Epoch [8/10], Step [14000/26394], Train loss: 0.000
2024-12-02 18:10:50,778 - INFO - Epoch [8/10], Step [15000/26394], Train loss: 0.000
2024-12-02 18:11:00,425 - INFO - Epoch [8/10], Step [16000/26394], Train loss: 0.000
2024-12-02 18:11:10,059 - INFO - Epoch [8/10], Step [17000/26394], Train loss: 0.000
2024-12-02 18:11:19,655 - INFO - Epoch [8/10], Step [18000/26394], Train loss: 0.000
2024-12-02 18:11:29,247 - INFO - Epoch [8/10], Step [19000/26394], Train loss: 0.000
2024-12-02 18:11:38,911 - INFO - Epoch [8/10], Step [20000/26394], Train loss: 0.000
2024-12-02 18:11:48,549 - INFO - Epoch [8/10], Step [21000/26394], Train loss: 0.000
2024-12-02 18:11:58,257 - INFO - Epoch [8/10], Step [22000/26394], Train loss: 0.000
2024-12-02 18:12:07,984 - INFO - Epoch [8/10], Step [23000/26394], Train loss: 0.000
2024-12-02 18:12:17,677 - INFO - Epoch [8/10], Step [24000/26394], Train loss: 0.000
2024-12-02 18:12:27,260 - INFO - Epoch [8/10], Step [25000/26394], Train loss: 0.000
2024-12-02 18:12:36,847 - INFO - Epoch [8/10], Step [26000/26394], Train loss: 0.000
2024-12-02 18:12:40,774 - INFO - Epoch [8/10], Average train loss: 0.001
2024-12-02 18:12:41,216 - INFO - Epoch [8/10], Step [100/6599], Val loss: 0.000
2024-12-02 18:12:41,683 - INFO - Epoch [8/10], Step [200/6599], Val loss: 0.000
2024-12-02 18:12:42,139 - INFO - Epoch [8/10], Step [300/6599], Val loss: 0.002
2024-12-02 18:12:42,585 - INFO - Epoch [8/10], Step [400/6599], Val loss: 0.000
2024-12-02 18:12:43,080 - INFO - Epoch [8/10], Step [500/6599], Val loss: 0.000
2024-12-02 18:12:43,711 - INFO - Epoch [8/10], Step [600/6599], Val loss: 0.000
2024-12-02 18:12:44,316 - INFO - Epoch [8/10], Step [700/6599], Val loss: 0.000
2024-12-02 18:12:44,961 - INFO - Epoch [8/10], Step [800/6599], Val loss: 0.000
2024-12-02 18:12:45,626 - INFO - Epoch [8/10], Step [900/6599], Val loss: 0.000
2024-12-02 18:12:46,276 - INFO - Epoch [8/10], Step [1000/6599], Val loss: 0.002
2024-12-02 18:12:46,919 - INFO - Epoch [8/10], Step [1100/6599], Val loss: 0.000
2024-12-02 18:12:47,540 - INFO - Epoch [8/10], Step [1200/6599], Val loss: 0.000
2024-12-02 18:12:48,151 - INFO - Epoch [8/10], Step [1300/6599], Val loss: 0.000
2024-12-02 18:12:48,831 - INFO - Epoch [8/10], Step [1400/6599], Val loss: 0.000
2024-12-02 18:12:49,561 - INFO - Epoch [8/10], Step [1500/6599], Val loss: 0.000
2024-12-02 18:12:50,228 - INFO - Epoch [8/10], Step [1600/6599], Val loss: 0.000
2024-12-02 18:12:50,861 - INFO - Epoch [8/10], Step [1700/6599], Val loss: 0.000
2024-12-02 18:12:51,514 - INFO - Epoch [8/10], Step [1800/6599], Val loss: 0.000
2024-12-02 18:12:52,220 - INFO - Epoch [8/10], Step [1900/6599], Val loss: 0.000
2024-12-02 18:12:52,907 - INFO - Epoch [8/10], Step [2000/6599], Val loss: 0.000
2024-12-02 18:12:53,556 - INFO - Epoch [8/10], Step [2100/6599], Val loss: 0.000
2024-12-02 18:12:54,242 - INFO - Epoch [8/10], Step [2200/6599], Val loss: 0.000
2024-12-02 18:12:54,900 - INFO - Epoch [8/10], Step [2300/6599], Val loss: 0.124
2024-12-02 18:12:55,560 - INFO - Epoch [8/10], Step [2400/6599], Val loss: 0.000
2024-12-02 18:12:56,209 - INFO - Epoch [8/10], Step [2500/6599], Val loss: 0.000
2024-12-02 18:12:56,880 - INFO - Epoch [8/10], Step [2600/6599], Val loss: 0.000
2024-12-02 18:12:57,547 - INFO - Epoch [8/10], Step [2700/6599], Val loss: 0.000
2024-12-02 18:12:58,173 - INFO - Epoch [8/10], Step [2800/6599], Val loss: 0.000
2024-12-02 18:12:58,860 - INFO - Epoch [8/10], Step [2900/6599], Val loss: 0.000
2024-12-02 18:12:59,531 - INFO - Epoch [8/10], Step [3000/6599], Val loss: 0.000
2024-12-02 18:13:00,187 - INFO - Epoch [8/10], Step [3100/6599], Val loss: 0.000
2024-12-02 18:13:00,838 - INFO - Epoch [8/10], Step [3200/6599], Val loss: 0.000
2024-12-02 18:13:01,452 - INFO - Epoch [8/10], Step [3300/6599], Val loss: 0.000
2024-12-02 18:13:02,123 - INFO - Epoch [8/10], Step [3400/6599], Val loss: 0.000
2024-12-02 18:13:02,752 - INFO - Epoch [8/10], Step [3500/6599], Val loss: 0.000
2024-12-02 18:13:03,421 - INFO - Epoch [8/10], Step [3600/6599], Val loss: 0.000
2024-12-02 18:13:04,018 - INFO - Epoch [8/10], Step [3700/6599], Val loss: 0.000
2024-12-02 18:13:04,654 - INFO - Epoch [8/10], Step [3800/6599], Val loss: 0.000
2024-12-02 18:13:05,348 - INFO - Epoch [8/10], Step [3900/6599], Val loss: 0.001
2024-12-02 18:13:05,939 - INFO - Epoch [8/10], Step [4000/6599], Val loss: 0.000
2024-12-02 18:13:06,584 - INFO - Epoch [8/10], Step [4100/6599], Val loss: 0.000
2024-12-02 18:13:07,186 - INFO - Epoch [8/10], Step [4200/6599], Val loss: 0.000
2024-12-02 18:13:07,865 - INFO - Epoch [8/10], Step [4300/6599], Val loss: 0.000
2024-12-02 18:13:08,510 - INFO - Epoch [8/10], Step [4400/6599], Val loss: 0.000
2024-12-02 18:13:09,172 - INFO - Epoch [8/10], Step [4500/6599], Val loss: 0.000
2024-12-02 18:13:09,792 - INFO - Epoch [8/10], Step [4600/6599], Val loss: 0.000
2024-12-02 18:13:10,511 - INFO - Epoch [8/10], Step [4700/6599], Val loss: 0.005
2024-12-02 18:13:11,106 - INFO - Epoch [8/10], Step [4800/6599], Val loss: 0.000
2024-12-02 18:13:11,726 - INFO - Epoch [8/10], Step [4900/6599], Val loss: 0.002
2024-12-02 18:13:12,345 - INFO - Epoch [8/10], Step [5000/6599], Val loss: 0.000
2024-12-02 18:13:12,944 - INFO - Epoch [8/10], Step [5100/6599], Val loss: 0.000
2024-12-02 18:13:13,614 - INFO - Epoch [8/10], Step [5200/6599], Val loss: 0.000
2024-12-02 18:13:14,246 - INFO - Epoch [8/10], Step [5300/6599], Val loss: 0.000
2024-12-02 18:13:14,881 - INFO - Epoch [8/10], Step [5400/6599], Val loss: 0.000
2024-12-02 18:13:15,545 - INFO - Epoch [8/10], Step [5500/6599], Val loss: 0.000
2024-12-02 18:13:16,164 - INFO - Epoch [8/10], Step [5600/6599], Val loss: 0.000
2024-12-02 18:13:16,778 - INFO - Epoch [8/10], Step [5700/6599], Val loss: 0.000
2024-12-02 18:13:17,416 - INFO - Epoch [8/10], Step [5800/6599], Val loss: 0.000
2024-12-02 18:13:18,058 - INFO - Epoch [8/10], Step [5900/6599], Val loss: 0.000
2024-12-02 18:13:18,719 - INFO - Epoch [8/10], Step [6000/6599], Val loss: 0.000
2024-12-02 18:13:19,389 - INFO - Epoch [8/10], Step [6100/6599], Val loss: 0.000
2024-12-02 18:13:20,060 - INFO - Epoch [8/10], Step [6200/6599], Val loss: 0.000
2024-12-02 18:13:20,686 - INFO - Epoch [8/10], Step [6300/6599], Val loss: 0.001
2024-12-02 18:13:21,312 - INFO - Epoch [8/10], Step [6400/6599], Val loss: 0.000
2024-12-02 18:13:22,000 - INFO - Epoch [8/10], Step [6500/6599], Val loss: 0.000
2024-12-02 18:13:22,656 - INFO - Epoch [8/10], Average val loss: 0.001
2024-12-02 18:13:33,907 - INFO - Epoch [9/10], Step [1000/26394], Train loss: 0.000
2024-12-02 18:13:43,583 - INFO - Epoch [9/10], Step [2000/26394], Train loss: 0.000
2024-12-02 18:13:53,295 - INFO - Epoch [9/10], Step [3000/26394], Train loss: 0.000
2024-12-02 18:14:02,952 - INFO - Epoch [9/10], Step [4000/26394], Train loss: 0.000
2024-12-02 18:14:12,515 - INFO - Epoch [9/10], Step [5000/26394], Train loss: 0.000
2024-12-02 18:14:22,169 - INFO - Epoch [9/10], Step [6000/26394], Train loss: 0.000
2024-12-02 18:14:31,782 - INFO - Epoch [9/10], Step [7000/26394], Train loss: 0.048
2024-12-02 18:14:41,404 - INFO - Epoch [9/10], Step [8000/26394], Train loss: 0.000
2024-12-02 18:14:51,076 - INFO - Epoch [9/10], Step [9000/26394], Train loss: 0.000
2024-12-02 18:15:00,729 - INFO - Epoch [9/10], Step [10000/26394], Train loss: 0.000
2024-12-02 18:15:10,268 - INFO - Epoch [9/10], Step [11000/26394], Train loss: 0.000
2024-12-02 18:15:19,869 - INFO - Epoch [9/10], Step [12000/26394], Train loss: 0.000
2024-12-02 18:15:29,585 - INFO - Epoch [9/10], Step [13000/26394], Train loss: 0.000
2024-12-02 18:15:39,250 - INFO - Epoch [9/10], Step [14000/26394], Train loss: 0.000
2024-12-02 18:15:48,864 - INFO - Epoch [9/10], Step [15000/26394], Train loss: 0.000
2024-12-02 18:15:58,501 - INFO - Epoch [9/10], Step [16000/26394], Train loss: 0.000
2024-12-02 18:16:08,188 - INFO - Epoch [9/10], Step [17000/26394], Train loss: 0.000
2024-12-02 18:16:17,786 - INFO - Epoch [9/10], Step [18000/26394], Train loss: 0.000
2024-12-02 18:16:27,436 - INFO - Epoch [9/10], Step [19000/26394], Train loss: 0.000
2024-12-02 18:16:37,152 - INFO - Epoch [9/10], Step [20000/26394], Train loss: 0.000
2024-12-02 18:16:46,766 - INFO - Epoch [9/10], Step [21000/26394], Train loss: 0.000
2024-12-02 18:16:56,333 - INFO - Epoch [9/10], Step [22000/26394], Train loss: 0.000
2024-12-02 18:17:06,017 - INFO - Epoch [9/10], Step [23000/26394], Train loss: 0.000
2024-12-02 18:17:15,639 - INFO - Epoch [9/10], Step [24000/26394], Train loss: 0.000
2024-12-02 18:17:25,245 - INFO - Epoch [9/10], Step [25000/26394], Train loss: 0.000
2024-12-02 18:17:34,914 - INFO - Epoch [9/10], Step [26000/26394], Train loss: 0.000
2024-12-02 18:17:38,727 - INFO - Epoch [9/10], Average train loss: 0.001
2024-12-02 18:17:39,182 - INFO - Epoch [9/10], Step [100/6599], Val loss: 0.000
2024-12-02 18:17:39,639 - INFO - Epoch [9/10], Step [200/6599], Val loss: 0.000
2024-12-02 18:17:40,099 - INFO - Epoch [9/10], Step [300/6599], Val loss: 0.002
2024-12-02 18:17:40,575 - INFO - Epoch [9/10], Step [400/6599], Val loss: 0.000
2024-12-02 18:17:41,086 - INFO - Epoch [9/10], Step [500/6599], Val loss: 0.000
2024-12-02 18:17:41,667 - INFO - Epoch [9/10], Step [600/6599], Val loss: 0.000
2024-12-02 18:17:42,322 - INFO - Epoch [9/10], Step [700/6599], Val loss: 0.000
2024-12-02 18:17:42,938 - INFO - Epoch [9/10], Step [800/6599], Val loss: 0.000
2024-12-02 18:17:43,624 - INFO - Epoch [9/10], Step [900/6599], Val loss: 0.000
2024-12-02 18:17:44,310 - INFO - Epoch [9/10], Step [1000/6599], Val loss: 0.002
2024-12-02 18:17:44,990 - INFO - Epoch [9/10], Step [1100/6599], Val loss: 0.000
2024-12-02 18:17:45,611 - INFO - Epoch [9/10], Step [1200/6599], Val loss: 0.001
2024-12-02 18:17:46,280 - INFO - Epoch [9/10], Step [1300/6599], Val loss: 0.000
2024-12-02 18:17:46,894 - INFO - Epoch [9/10], Step [1400/6599], Val loss: 0.000
2024-12-02 18:17:47,555 - INFO - Epoch [9/10], Step [1500/6599], Val loss: 0.000
2024-12-02 18:17:48,129 - INFO - Epoch [9/10], Step [1600/6599], Val loss: 0.000
2024-12-02 18:17:48,769 - INFO - Epoch [9/10], Step [1700/6599], Val loss: 0.000
2024-12-02 18:17:49,406 - INFO - Epoch [9/10], Step [1800/6599], Val loss: 0.000
2024-12-02 18:17:50,021 - INFO - Epoch [9/10], Step [1900/6599], Val loss: 0.000
2024-12-02 18:17:50,706 - INFO - Epoch [9/10], Step [2000/6599], Val loss: 0.000
2024-12-02 18:17:51,390 - INFO - Epoch [9/10], Step [2100/6599], Val loss: 0.000
2024-12-02 18:17:52,064 - INFO - Epoch [9/10], Step [2200/6599], Val loss: 0.000
2024-12-02 18:17:52,732 - INFO - Epoch [9/10], Step [2300/6599], Val loss: 0.117
2024-12-02 18:17:53,351 - INFO - Epoch [9/10], Step [2400/6599], Val loss: 0.000
2024-12-02 18:17:54,007 - INFO - Epoch [9/10], Step [2500/6599], Val loss: 0.000
2024-12-02 18:17:54,691 - INFO - Epoch [9/10], Step [2600/6599], Val loss: 0.000
2024-12-02 18:17:55,320 - INFO - Epoch [9/10], Step [2700/6599], Val loss: 0.000
2024-12-02 18:17:55,920 - INFO - Epoch [9/10], Step [2800/6599], Val loss: 0.000
2024-12-02 18:17:56,565 - INFO - Epoch [9/10], Step [2900/6599], Val loss: 0.000
2024-12-02 18:17:57,197 - INFO - Epoch [9/10], Step [3000/6599], Val loss: 0.000
2024-12-02 18:17:57,802 - INFO - Epoch [9/10], Step [3100/6599], Val loss: 0.000
2024-12-02 18:17:58,418 - INFO - Epoch [9/10], Step [3200/6599], Val loss: 0.000
2024-12-02 18:17:59,035 - INFO - Epoch [9/10], Step [3300/6599], Val loss: 0.000
2024-12-02 18:17:59,702 - INFO - Epoch [9/10], Step [3400/6599], Val loss: 0.000
2024-12-02 18:18:00,347 - INFO - Epoch [9/10], Step [3500/6599], Val loss: 0.000
2024-12-02 18:18:01,018 - INFO - Epoch [9/10], Step [3600/6599], Val loss: 0.000
2024-12-02 18:18:01,671 - INFO - Epoch [9/10], Step [3700/6599], Val loss: 0.000
2024-12-02 18:18:02,318 - INFO - Epoch [9/10], Step [3800/6599], Val loss: 0.000
2024-12-02 18:18:02,979 - INFO - Epoch [9/10], Step [3900/6599], Val loss: 0.001
2024-12-02 18:18:03,613 - INFO - Epoch [9/10], Step [4000/6599], Val loss: 0.000
2024-12-02 18:18:04,245 - INFO - Epoch [9/10], Step [4100/6599], Val loss: 0.000
2024-12-02 18:18:04,934 - INFO - Epoch [9/10], Step [4200/6599], Val loss: 0.000
2024-12-02 18:18:05,613 - INFO - Epoch [9/10], Step [4300/6599], Val loss: 0.000
2024-12-02 18:18:06,244 - INFO - Epoch [9/10], Step [4400/6599], Val loss: 0.000
2024-12-02 18:18:06,889 - INFO - Epoch [9/10], Step [4500/6599], Val loss: 0.000
2024-12-02 18:18:07,511 - INFO - Epoch [9/10], Step [4600/6599], Val loss: 0.000
2024-12-02 18:18:08,202 - INFO - Epoch [9/10], Step [4700/6599], Val loss: 0.004
2024-12-02 18:18:08,826 - INFO - Epoch [9/10], Step [4800/6599], Val loss: 0.000
2024-12-02 18:18:09,465 - INFO - Epoch [9/10], Step [4900/6599], Val loss: 0.002
2024-12-02 18:18:10,095 - INFO - Epoch [9/10], Step [5000/6599], Val loss: 0.000
2024-12-02 18:18:10,770 - INFO - Epoch [9/10], Step [5100/6599], Val loss: 0.000
2024-12-02 18:18:11,419 - INFO - Epoch [9/10], Step [5200/6599], Val loss: 0.000
2024-12-02 18:18:12,138 - INFO - Epoch [9/10], Step [5300/6599], Val loss: 0.000
2024-12-02 18:18:12,772 - INFO - Epoch [9/10], Step [5400/6599], Val loss: 0.000
2024-12-02 18:18:13,415 - INFO - Epoch [9/10], Step [5500/6599], Val loss: 0.000
2024-12-02 18:18:14,064 - INFO - Epoch [9/10], Step [5600/6599], Val loss: 0.000
2024-12-02 18:18:14,714 - INFO - Epoch [9/10], Step [5700/6599], Val loss: 0.000
2024-12-02 18:18:15,360 - INFO - Epoch [9/10], Step [5800/6599], Val loss: 0.000
2024-12-02 18:18:16,008 - INFO - Epoch [9/10], Step [5900/6599], Val loss: 0.000
2024-12-02 18:18:16,691 - INFO - Epoch [9/10], Step [6000/6599], Val loss: 0.000
2024-12-02 18:18:17,312 - INFO - Epoch [9/10], Step [6100/6599], Val loss: 0.000
2024-12-02 18:18:17,922 - INFO - Epoch [9/10], Step [6200/6599], Val loss: 0.000
2024-12-02 18:18:18,625 - INFO - Epoch [9/10], Step [6300/6599], Val loss: 0.005
2024-12-02 18:18:19,241 - INFO - Epoch [9/10], Step [6400/6599], Val loss: 0.000
2024-12-02 18:18:19,873 - INFO - Epoch [9/10], Step [6500/6599], Val loss: 0.000
2024-12-02 18:18:20,542 - INFO - Epoch [9/10], Average val loss: 0.001
2024-12-02 18:18:31,781 - INFO - Epoch [10/10], Step [1000/26394], Train loss: 0.000
2024-12-02 18:18:41,500 - INFO - Epoch [10/10], Step [2000/26394], Train loss: 0.000
2024-12-02 18:18:51,020 - INFO - Epoch [10/10], Step [3000/26394], Train loss: 0.000
2024-12-02 18:19:00,671 - INFO - Epoch [10/10], Step [4000/26394], Train loss: 0.000
2024-12-02 18:19:10,352 - INFO - Epoch [10/10], Step [5000/26394], Train loss: 0.000
2024-12-02 18:19:19,895 - INFO - Epoch [10/10], Step [6000/26394], Train loss: 0.000
2024-12-02 18:19:29,534 - INFO - Epoch [10/10], Step [7000/26394], Train loss: 0.050
2024-12-02 18:19:39,094 - INFO - Epoch [10/10], Step [8000/26394], Train loss: 0.000
2024-12-02 18:19:48,606 - INFO - Epoch [10/10], Step [9000/26394], Train loss: 0.000
2024-12-02 18:19:58,123 - INFO - Epoch [10/10], Step [10000/26394], Train loss: 0.000
2024-12-02 18:20:07,720 - INFO - Epoch [10/10], Step [11000/26394], Train loss: 0.000
2024-12-02 18:20:17,368 - INFO - Epoch [10/10], Step [12000/26394], Train loss: 0.000
2024-12-02 18:20:26,992 - INFO - Epoch [10/10], Step [13000/26394], Train loss: 0.000
2024-12-02 18:20:36,523 - INFO - Epoch [10/10], Step [14000/26394], Train loss: 0.000
2024-12-02 18:20:46,031 - INFO - Epoch [10/10], Step [15000/26394], Train loss: 0.000
2024-12-02 18:20:55,640 - INFO - Epoch [10/10], Step [16000/26394], Train loss: 0.000
2024-12-02 18:21:05,174 - INFO - Epoch [10/10], Step [17000/26394], Train loss: 0.000
2024-12-02 18:21:14,802 - INFO - Epoch [10/10], Step [18000/26394], Train loss: 0.000
2024-12-02 18:21:24,389 - INFO - Epoch [10/10], Step [19000/26394], Train loss: 0.000
2024-12-02 18:21:34,005 - INFO - Epoch [10/10], Step [20000/26394], Train loss: 0.000
2024-12-02 18:21:43,559 - INFO - Epoch [10/10], Step [21000/26394], Train loss: 0.000
2024-12-02 18:21:53,076 - INFO - Epoch [10/10], Step [22000/26394], Train loss: 0.000
2024-12-02 18:22:02,634 - INFO - Epoch [10/10], Step [23000/26394], Train loss: 0.000
2024-12-02 18:22:12,228 - INFO - Epoch [10/10], Step [24000/26394], Train loss: 0.000
2024-12-02 18:22:21,755 - INFO - Epoch [10/10], Step [25000/26394], Train loss: 0.000
2024-12-02 18:22:31,373 - INFO - Epoch [10/10], Step [26000/26394], Train loss: 0.000
2024-12-02 18:22:35,070 - INFO - Epoch [10/10], Average train loss: 0.001
2024-12-02 18:22:35,519 - INFO - Epoch [10/10], Step [100/6599], Val loss: 0.000
2024-12-02 18:22:35,962 - INFO - Epoch [10/10], Step [200/6599], Val loss: 0.000
2024-12-02 18:22:36,414 - INFO - Epoch [10/10], Step [300/6599], Val loss: 0.002
2024-12-02 18:22:36,856 - INFO - Epoch [10/10], Step [400/6599], Val loss: 0.000
2024-12-02 18:22:37,296 - INFO - Epoch [10/10], Step [500/6599], Val loss: 0.000
2024-12-02 18:22:37,784 - INFO - Epoch [10/10], Step [600/6599], Val loss: 0.000
2024-12-02 18:22:38,326 - INFO - Epoch [10/10], Step [700/6599], Val loss: 0.000
2024-12-02 18:22:38,955 - INFO - Epoch [10/10], Step [800/6599], Val loss: 0.000
2024-12-02 18:22:39,601 - INFO - Epoch [10/10], Step [900/6599], Val loss: 0.000
2024-12-02 18:22:40,207 - INFO - Epoch [10/10], Step [1000/6599], Val loss: 0.002
2024-12-02 18:22:40,864 - INFO - Epoch [10/10], Step [1100/6599], Val loss: 0.000
2024-12-02 18:22:41,527 - INFO - Epoch [10/10], Step [1200/6599], Val loss: 0.001
2024-12-02 18:22:42,158 - INFO - Epoch [10/10], Step [1300/6599], Val loss: 0.000
2024-12-02 18:22:42,804 - INFO - Epoch [10/10], Step [1400/6599], Val loss: 0.000
2024-12-02 18:22:43,455 - INFO - Epoch [10/10], Step [1500/6599], Val loss: 0.000
2024-12-02 18:22:44,087 - INFO - Epoch [10/10], Step [1600/6599], Val loss: 0.000
2024-12-02 18:22:44,705 - INFO - Epoch [10/10], Step [1700/6599], Val loss: 0.000
2024-12-02 18:22:45,337 - INFO - Epoch [10/10], Step [1800/6599], Val loss: 0.000
2024-12-02 18:22:45,968 - INFO - Epoch [10/10], Step [1900/6599], Val loss: 0.000
2024-12-02 18:22:46,595 - INFO - Epoch [10/10], Step [2000/6599], Val loss: 0.000
2024-12-02 18:22:47,210 - INFO - Epoch [10/10], Step [2100/6599], Val loss: 0.000
2024-12-02 18:22:47,837 - INFO - Epoch [10/10], Step [2200/6599], Val loss: 0.000
2024-12-02 18:22:48,460 - INFO - Epoch [10/10], Step [2300/6599], Val loss: 0.113
2024-12-02 18:22:49,076 - INFO - Epoch [10/10], Step [2400/6599], Val loss: 0.000
2024-12-02 18:22:49,732 - INFO - Epoch [10/10], Step [2500/6599], Val loss: 0.000
2024-12-02 18:22:50,384 - INFO - Epoch [10/10], Step [2600/6599], Val loss: 0.000
2024-12-02 18:22:51,026 - INFO - Epoch [10/10], Step [2700/6599], Val loss: 0.000
2024-12-02 18:22:51,734 - INFO - Epoch [10/10], Step [2800/6599], Val loss: 0.000
2024-12-02 18:22:52,383 - INFO - Epoch [10/10], Step [2900/6599], Val loss: 0.000
2024-12-02 18:22:53,002 - INFO - Epoch [10/10], Step [3000/6599], Val loss: 0.000
2024-12-02 18:22:53,594 - INFO - Epoch [10/10], Step [3100/6599], Val loss: 0.000
2024-12-02 18:22:54,209 - INFO - Epoch [10/10], Step [3200/6599], Val loss: 0.000
2024-12-02 18:22:54,843 - INFO - Epoch [10/10], Step [3300/6599], Val loss: 0.000
2024-12-02 18:22:55,540 - INFO - Epoch [10/10], Step [3400/6599], Val loss: 0.000
2024-12-02 18:22:56,201 - INFO - Epoch [10/10], Step [3500/6599], Val loss: 0.000
2024-12-02 18:22:56,813 - INFO - Epoch [10/10], Step [3600/6599], Val loss: 0.000
2024-12-02 18:22:57,421 - INFO - Epoch [10/10], Step [3700/6599], Val loss: 0.000
2024-12-02 18:22:58,037 - INFO - Epoch [10/10], Step [3800/6599], Val loss: 0.000
2024-12-02 18:22:58,686 - INFO - Epoch [10/10], Step [3900/6599], Val loss: 0.001
2024-12-02 18:22:59,322 - INFO - Epoch [10/10], Step [4000/6599], Val loss: 0.000
2024-12-02 18:22:59,940 - INFO - Epoch [10/10], Step [4100/6599], Val loss: 0.000
2024-12-02 18:23:00,569 - INFO - Epoch [10/10], Step [4200/6599], Val loss: 0.000
2024-12-02 18:23:01,198 - INFO - Epoch [10/10], Step [4300/6599], Val loss: 0.000
2024-12-02 18:23:01,806 - INFO - Epoch [10/10], Step [4400/6599], Val loss: 0.000
2024-12-02 18:23:02,465 - INFO - Epoch [10/10], Step [4500/6599], Val loss: 0.000
2024-12-02 18:23:03,125 - INFO - Epoch [10/10], Step [4600/6599], Val loss: 0.000
2024-12-02 18:23:03,727 - INFO - Epoch [10/10], Step [4700/6599], Val loss: 0.004
2024-12-02 18:23:04,351 - INFO - Epoch [10/10], Step [4800/6599], Val loss: 0.000
2024-12-02 18:23:05,012 - INFO - Epoch [10/10], Step [4900/6599], Val loss: 0.002
2024-12-02 18:23:05,716 - INFO - Epoch [10/10], Step [5000/6599], Val loss: 0.000
2024-12-02 18:23:06,385 - INFO - Epoch [10/10], Step [5100/6599], Val loss: 0.000
2024-12-02 18:23:07,005 - INFO - Epoch [10/10], Step [5200/6599], Val loss: 0.000
2024-12-02 18:23:07,639 - INFO - Epoch [10/10], Step [5300/6599], Val loss: 0.000
2024-12-02 18:23:08,288 - INFO - Epoch [10/10], Step [5400/6599], Val loss: 0.000
2024-12-02 18:23:08,922 - INFO - Epoch [10/10], Step [5500/6599], Val loss: 0.000
2024-12-02 18:23:09,518 - INFO - Epoch [10/10], Step [5600/6599], Val loss: 0.000
2024-12-02 18:23:10,200 - INFO - Epoch [10/10], Step [5700/6599], Val loss: 0.000
2024-12-02 18:23:10,873 - INFO - Epoch [10/10], Step [5800/6599], Val loss: 0.000
2024-12-02 18:23:11,525 - INFO - Epoch [10/10], Step [5900/6599], Val loss: 0.000
2024-12-02 18:23:12,198 - INFO - Epoch [10/10], Step [6000/6599], Val loss: 0.000
2024-12-02 18:23:12,814 - INFO - Epoch [10/10], Step [6100/6599], Val loss: 0.000
2024-12-02 18:23:13,432 - INFO - Epoch [10/10], Step [6200/6599], Val loss: 0.000
2024-12-02 18:23:14,097 - INFO - Epoch [10/10], Step [6300/6599], Val loss: 0.006
2024-12-02 18:23:14,765 - INFO - Epoch [10/10], Step [6400/6599], Val loss: 0.000
2024-12-02 18:23:15,501 - INFO - Epoch [10/10], Step [6500/6599], Val loss: 0.000
2024-12-02 18:23:16,126 - INFO - Epoch [10/10], Average val loss: 0.001
2024-12-02 18:23:16,130 - INFO - Best epoch: 10, Lowest val loss: 0.001
2024-12-02 18:23:16,130 - INFO - -------------------- Finished training, now Testing --------------------
2024-12-02 18:23:16,724 - INFO - Step [100/6599], Test metric: 0.001
2024-12-02 18:23:17,377 - INFO - Step [200/6599], Test metric: 0.054
2024-12-02 18:23:18,037 - INFO - Step [300/6599], Test metric: 0.055
2024-12-02 18:23:18,684 - INFO - Step [400/6599], Test metric: 0.056
2024-12-02 18:23:19,293 - INFO - Step [500/6599], Test metric: 0.144
2024-12-02 18:23:19,891 - INFO - Step [600/6599], Test metric: 0.367
2024-12-02 18:23:20,557 - INFO - Step [700/6599], Test metric: 0.368
2024-12-02 18:23:21,212 - INFO - Step [800/6599], Test metric: 0.370
2024-12-02 18:23:21,818 - INFO - Step [900/6599], Test metric: 0.371
2024-12-02 18:23:22,412 - INFO - Step [1000/6599], Test metric: 0.372
2024-12-02 18:23:23,109 - INFO - Step [1100/6599], Test metric: 1.158
2024-12-02 18:23:23,742 - INFO - Step [1200/6599], Test metric: 1.171
2024-12-02 18:23:24,446 - INFO - Step [1300/6599], Test metric: 1.275
2024-12-02 18:23:25,098 - INFO - Step [1400/6599], Test metric: 1.279
2024-12-02 18:23:25,778 - INFO - Step [1500/6599], Test metric: 1.283
2024-12-02 18:23:26,379 - INFO - Step [1600/6599], Test metric: 1.286
2024-12-02 18:23:27,052 - INFO - Step [1700/6599], Test metric: 1.288
2024-12-02 18:23:27,704 - INFO - Step [1800/6599], Test metric: 1.307
2024-12-02 18:23:28,305 - INFO - Step [1900/6599], Test metric: 1.315
2024-12-02 18:23:28,934 - INFO - Step [2000/6599], Test metric: 1.372
2024-12-02 18:23:29,562 - INFO - Step [2100/6599], Test metric: 1.376
2024-12-02 18:23:30,154 - INFO - Step [2200/6599], Test metric: 1.930
2024-12-02 18:23:30,769 - INFO - Step [2300/6599], Test metric: 2.351
2024-12-02 18:23:31,460 - INFO - Step [2400/6599], Test metric: 2.364
2024-12-02 18:23:32,012 - INFO - Step [2500/6599], Test metric: 2.365
2024-12-02 18:23:32,693 - INFO - Step [2600/6599], Test metric: 2.367
2024-12-02 18:23:33,300 - INFO - Step [2700/6599], Test metric: 2.369
2024-12-02 18:23:33,968 - INFO - Step [2800/6599], Test metric: 3.471
2024-12-02 18:23:34,603 - INFO - Step [2900/6599], Test metric: 3.477
2024-12-02 18:23:35,220 - INFO - Step [3000/6599], Test metric: 3.562
2024-12-02 18:23:35,862 - INFO - Step [3100/6599], Test metric: 3.562
2024-12-02 18:23:36,506 - INFO - Step [3200/6599], Test metric: 4.030
2024-12-02 18:23:37,171 - INFO - Step [3300/6599], Test metric: 4.030
2024-12-02 18:23:37,801 - INFO - Step [3400/6599], Test metric: 4.032
2024-12-02 18:23:38,449 - INFO - Step [3500/6599], Test metric: 4.033
2024-12-02 18:23:39,064 - INFO - Step [3600/6599], Test metric: 4.550
2024-12-02 18:23:39,693 - INFO - Step [3700/6599], Test metric: 4.554
2024-12-02 18:23:40,348 - INFO - Step [3800/6599], Test metric: 4.555
2024-12-02 18:23:40,971 - INFO - Step [3900/6599], Test metric: 4.558
2024-12-02 18:23:41,663 - INFO - Step [4000/6599], Test metric: 4.558
2024-12-02 18:23:42,297 - INFO - Step [4100/6599], Test metric: 5.472
2024-12-02 18:23:42,933 - INFO - Step [4200/6599], Test metric: 5.522
2024-12-02 18:23:43,577 - INFO - Step [4300/6599], Test metric: 5.523
2024-12-02 18:23:44,241 - INFO - Step [4400/6599], Test metric: 5.524
2024-12-02 18:23:44,881 - INFO - Step [4500/6599], Test metric: 5.534
2024-12-02 18:23:45,561 - INFO - Step [4600/6599], Test metric: 5.559
2024-12-02 18:23:46,225 - INFO - Step [4700/6599], Test metric: 6.098
2024-12-02 18:23:46,877 - INFO - Step [4800/6599], Test metric: 6.107
2024-12-02 18:23:47,532 - INFO - Step [4900/6599], Test metric: 6.596
2024-12-02 18:23:48,200 - INFO - Step [5000/6599], Test metric: 6.603
2024-12-02 18:23:48,868 - INFO - Step [5100/6599], Test metric: 6.603
2024-12-02 18:23:49,530 - INFO - Step [5200/6599], Test metric: 6.606
2024-12-02 18:23:50,162 - INFO - Step [5300/6599], Test metric: 6.880
2024-12-02 18:23:50,802 - INFO - Step [5400/6599], Test metric: 6.950
2024-12-02 18:23:51,470 - INFO - Step [5500/6599], Test metric: 7.066
2024-12-02 18:23:52,101 - INFO - Step [5600/6599], Test metric: 7.115
2024-12-02 18:23:52,721 - INFO - Step [5700/6599], Test metric: 7.343
2024-12-02 18:23:53,397 - INFO - Step [5800/6599], Test metric: 7.347
2024-12-02 18:23:54,049 - INFO - Step [5900/6599], Test metric: 7.348
2024-12-02 18:23:54,722 - INFO - Step [6000/6599], Test metric: 7.350
2024-12-02 18:23:55,374 - INFO - Step [6100/6599], Test metric: 7.351
2024-12-02 18:23:56,009 - INFO - Step [6200/6599], Test metric: 7.353
2024-12-02 18:23:56,676 - INFO - Step [6300/6599], Test metric: 7.522
2024-12-02 18:23:57,393 - INFO - Step [6400/6599], Test metric: 7.524
2024-12-02 18:23:58,006 - INFO - Step [6500/6599], Test metric: 7.923
2024-12-02 18:23:58,663 - INFO - Average test metric: 0.001
