2024-12-02 16:43:26,471 - INFO - -------------------- Starting training --------------------
2024-12-02 16:43:36,997 - INFO - Epoch [1/10], Step [1000/26394], Train loss: 0.002
2024-12-02 16:43:46,530 - INFO - Epoch [1/10], Step [2000/26394], Train loss: 0.000
2024-12-02 16:43:56,117 - INFO - Epoch [1/10], Step [3000/26394], Train loss: 0.005
2024-12-02 16:44:05,614 - INFO - Epoch [1/10], Step [4000/26394], Train loss: 0.009
2024-12-02 16:44:15,047 - INFO - Epoch [1/10], Step [5000/26394], Train loss: 0.035
2024-12-02 16:44:24,541 - INFO - Epoch [1/10], Step [6000/26394], Train loss: 0.002
2024-12-02 16:44:34,052 - INFO - Epoch [1/10], Step [7000/26394], Train loss: 0.084
2024-12-02 16:44:43,585 - INFO - Epoch [1/10], Step [8000/26394], Train loss: 0.000
2024-12-02 16:44:53,116 - INFO - Epoch [1/10], Step [9000/26394], Train loss: 0.000
2024-12-02 16:45:02,641 - INFO - Epoch [1/10], Step [10000/26394], Train loss: 0.000
2024-12-02 16:45:12,092 - INFO - Epoch [1/10], Step [11000/26394], Train loss: 0.000
2024-12-02 16:45:21,631 - INFO - Epoch [1/10], Step [12000/26394], Train loss: 0.000
2024-12-02 16:45:31,224 - INFO - Epoch [1/10], Step [13000/26394], Train loss: 0.000
2024-12-02 16:45:40,720 - INFO - Epoch [1/10], Step [14000/26394], Train loss: 0.014
2024-12-02 16:45:50,142 - INFO - Epoch [1/10], Step [15000/26394], Train loss: 0.001
2024-12-02 16:45:59,584 - INFO - Epoch [1/10], Step [16000/26394], Train loss: 0.000
2024-12-02 16:46:09,048 - INFO - Epoch [1/10], Step [17000/26394], Train loss: 0.001
2024-12-02 16:46:18,596 - INFO - Epoch [1/10], Step [18000/26394], Train loss: 0.001
2024-12-02 16:46:28,039 - INFO - Epoch [1/10], Step [19000/26394], Train loss: 0.000
2024-12-02 16:46:37,558 - INFO - Epoch [1/10], Step [20000/26394], Train loss: 0.000
2024-12-02 16:46:47,034 - INFO - Epoch [1/10], Step [21000/26394], Train loss: 0.001
2024-12-02 16:46:56,565 - INFO - Epoch [1/10], Step [22000/26394], Train loss: 0.000
2024-12-02 16:47:06,038 - INFO - Epoch [1/10], Step [23000/26394], Train loss: 0.000
2024-12-02 16:47:15,516 - INFO - Epoch [1/10], Step [24000/26394], Train loss: 0.000
2024-12-02 16:47:24,975 - INFO - Epoch [1/10], Step [25000/26394], Train loss: 0.002
2024-12-02 16:47:34,477 - INFO - Epoch [1/10], Step [26000/26394], Train loss: 0.000
2024-12-02 16:47:38,196 - INFO - Epoch [1/10], Average train loss: 0.020
2024-12-02 16:47:38,638 - INFO - Epoch [1/10], Step [100/6599], Val loss: 0.001
2024-12-02 16:47:39,094 - INFO - Epoch [1/10], Step [200/6599], Val loss: 0.000
2024-12-02 16:47:39,557 - INFO - Epoch [1/10], Step [300/6599], Val loss: 0.002
2024-12-02 16:47:40,011 - INFO - Epoch [1/10], Step [400/6599], Val loss: 0.000
2024-12-02 16:47:40,465 - INFO - Epoch [1/10], Step [500/6599], Val loss: 0.001
2024-12-02 16:47:41,081 - INFO - Epoch [1/10], Step [600/6599], Val loss: 0.000
2024-12-02 16:47:41,737 - INFO - Epoch [1/10], Step [700/6599], Val loss: 0.001
2024-12-02 16:47:42,446 - INFO - Epoch [1/10], Step [800/6599], Val loss: 0.000
2024-12-02 16:47:43,099 - INFO - Epoch [1/10], Step [900/6599], Val loss: 0.000
2024-12-02 16:47:43,786 - INFO - Epoch [1/10], Step [1000/6599], Val loss: 0.001
2024-12-02 16:47:44,419 - INFO - Epoch [1/10], Step [1100/6599], Val loss: 0.000
2024-12-02 16:47:45,054 - INFO - Epoch [1/10], Step [1200/6599], Val loss: 0.000
2024-12-02 16:47:45,701 - INFO - Epoch [1/10], Step [1300/6599], Val loss: 0.001
2024-12-02 16:47:46,369 - INFO - Epoch [1/10], Step [1400/6599], Val loss: 0.000
2024-12-02 16:47:47,041 - INFO - Epoch [1/10], Step [1500/6599], Val loss: 0.000
2024-12-02 16:47:47,706 - INFO - Epoch [1/10], Step [1600/6599], Val loss: 0.000
2024-12-02 16:47:48,344 - INFO - Epoch [1/10], Step [1700/6599], Val loss: 0.001
2024-12-02 16:47:48,990 - INFO - Epoch [1/10], Step [1800/6599], Val loss: 0.001
2024-12-02 16:47:49,667 - INFO - Epoch [1/10], Step [1900/6599], Val loss: 0.000
2024-12-02 16:47:50,335 - INFO - Epoch [1/10], Step [2000/6599], Val loss: 0.002
2024-12-02 16:47:50,950 - INFO - Epoch [1/10], Step [2100/6599], Val loss: 0.001
2024-12-02 16:47:51,627 - INFO - Epoch [1/10], Step [2200/6599], Val loss: 0.001
2024-12-02 16:47:52,249 - INFO - Epoch [1/10], Step [2300/6599], Val loss: 0.123
2024-12-02 16:47:52,905 - INFO - Epoch [1/10], Step [2400/6599], Val loss: 0.001
2024-12-02 16:47:53,617 - INFO - Epoch [1/10], Step [2500/6599], Val loss: 0.001
2024-12-02 16:47:54,286 - INFO - Epoch [1/10], Step [2600/6599], Val loss: 0.001
2024-12-02 16:47:54,900 - INFO - Epoch [1/10], Step [2700/6599], Val loss: 0.001
2024-12-02 16:47:55,515 - INFO - Epoch [1/10], Step [2800/6599], Val loss: 0.001
2024-12-02 16:47:56,182 - INFO - Epoch [1/10], Step [2900/6599], Val loss: 0.002
2024-12-02 16:47:56,811 - INFO - Epoch [1/10], Step [3000/6599], Val loss: 0.000
2024-12-02 16:47:57,472 - INFO - Epoch [1/10], Step [3100/6599], Val loss: 0.000
2024-12-02 16:47:58,163 - INFO - Epoch [1/10], Step [3200/6599], Val loss: 0.000
2024-12-02 16:47:58,860 - INFO - Epoch [1/10], Step [3300/6599], Val loss: 0.001
2024-12-02 16:47:59,585 - INFO - Epoch [1/10], Step [3400/6599], Val loss: 0.000
2024-12-02 16:48:00,242 - INFO - Epoch [1/10], Step [3500/6599], Val loss: 0.001
2024-12-02 16:48:00,897 - INFO - Epoch [1/10], Step [3600/6599], Val loss: 0.000
2024-12-02 16:48:01,532 - INFO - Epoch [1/10], Step [3700/6599], Val loss: 0.000
2024-12-02 16:48:02,186 - INFO - Epoch [1/10], Step [3800/6599], Val loss: 0.000
2024-12-02 16:48:02,828 - INFO - Epoch [1/10], Step [3900/6599], Val loss: 0.002
2024-12-02 16:48:03,413 - INFO - Epoch [1/10], Step [4000/6599], Val loss: 0.002
2024-12-02 16:48:04,079 - INFO - Epoch [1/10], Step [4100/6599], Val loss: 0.002
2024-12-02 16:48:04,694 - INFO - Epoch [1/10], Step [4200/6599], Val loss: 0.000
2024-12-02 16:48:05,342 - INFO - Epoch [1/10], Step [4300/6599], Val loss: 0.000
2024-12-02 16:48:05,972 - INFO - Epoch [1/10], Step [4400/6599], Val loss: 0.002
2024-12-02 16:48:06,593 - INFO - Epoch [1/10], Step [4500/6599], Val loss: 0.000
2024-12-02 16:48:07,234 - INFO - Epoch [1/10], Step [4600/6599], Val loss: 0.000
2024-12-02 16:48:07,884 - INFO - Epoch [1/10], Step [4700/6599], Val loss: 0.004
2024-12-02 16:48:08,525 - INFO - Epoch [1/10], Step [4800/6599], Val loss: 0.000
2024-12-02 16:48:09,208 - INFO - Epoch [1/10], Step [4900/6599], Val loss: 0.002
2024-12-02 16:48:09,822 - INFO - Epoch [1/10], Step [5000/6599], Val loss: 0.001
2024-12-02 16:48:10,446 - INFO - Epoch [1/10], Step [5100/6599], Val loss: 0.000
2024-12-02 16:48:11,095 - INFO - Epoch [1/10], Step [5200/6599], Val loss: 0.000
2024-12-02 16:48:11,810 - INFO - Epoch [1/10], Step [5300/6599], Val loss: 0.000
2024-12-02 16:48:12,513 - INFO - Epoch [1/10], Step [5400/6599], Val loss: 0.000
2024-12-02 16:48:13,175 - INFO - Epoch [1/10], Step [5500/6599], Val loss: 0.000
2024-12-02 16:48:13,886 - INFO - Epoch [1/10], Step [5600/6599], Val loss: 0.002
2024-12-02 16:48:14,544 - INFO - Epoch [1/10], Step [5700/6599], Val loss: 0.002
2024-12-02 16:48:15,193 - INFO - Epoch [1/10], Step [5800/6599], Val loss: 0.000
2024-12-02 16:48:15,869 - INFO - Epoch [1/10], Step [5900/6599], Val loss: 0.000
2024-12-02 16:48:16,521 - INFO - Epoch [1/10], Step [6000/6599], Val loss: 0.000
2024-12-02 16:48:17,154 - INFO - Epoch [1/10], Step [6100/6599], Val loss: 0.001
2024-12-02 16:48:17,836 - INFO - Epoch [1/10], Step [6200/6599], Val loss: 0.000
2024-12-02 16:48:18,514 - INFO - Epoch [1/10], Step [6300/6599], Val loss: 0.001
2024-12-02 16:48:19,164 - INFO - Epoch [1/10], Step [6400/6599], Val loss: 0.000
2024-12-02 16:48:19,834 - INFO - Epoch [1/10], Step [6500/6599], Val loss: 0.000
2024-12-02 16:48:20,524 - INFO - Epoch [1/10], Average val loss: 0.001
2024-12-02 16:48:31,594 - INFO - Epoch [2/10], Step [1000/26394], Train loss: 0.000
2024-12-02 16:48:41,163 - INFO - Epoch [2/10], Step [2000/26394], Train loss: 0.000
2024-12-02 16:48:50,612 - INFO - Epoch [2/10], Step [3000/26394], Train loss: 0.000
2024-12-02 16:49:00,096 - INFO - Epoch [2/10], Step [4000/26394], Train loss: 0.000
2024-12-02 16:49:09,625 - INFO - Epoch [2/10], Step [5000/26394], Train loss: 0.000
2024-12-02 16:49:19,149 - INFO - Epoch [2/10], Step [6000/26394], Train loss: 0.000
2024-12-02 16:49:28,749 - INFO - Epoch [2/10], Step [7000/26394], Train loss: 0.049
2024-12-02 16:49:38,305 - INFO - Epoch [2/10], Step [8000/26394], Train loss: 0.000
2024-12-02 16:49:47,831 - INFO - Epoch [2/10], Step [9000/26394], Train loss: 0.000
2024-12-02 16:49:57,402 - INFO - Epoch [2/10], Step [10000/26394], Train loss: 0.000
2024-12-02 16:50:06,832 - INFO - Epoch [2/10], Step [11000/26394], Train loss: 0.000
2024-12-02 16:50:16,252 - INFO - Epoch [2/10], Step [12000/26394], Train loss: 0.001
2024-12-02 16:50:25,782 - INFO - Epoch [2/10], Step [13000/26394], Train loss: 0.000
2024-12-02 16:50:35,186 - INFO - Epoch [2/10], Step [14000/26394], Train loss: 0.003
2024-12-02 16:50:44,719 - INFO - Epoch [2/10], Step [15000/26394], Train loss: 0.000
2024-12-02 16:50:54,244 - INFO - Epoch [2/10], Step [16000/26394], Train loss: 0.000
2024-12-02 16:51:03,804 - INFO - Epoch [2/10], Step [17000/26394], Train loss: 0.002
2024-12-02 16:51:13,350 - INFO - Epoch [2/10], Step [18000/26394], Train loss: 0.000
2024-12-02 16:51:22,842 - INFO - Epoch [2/10], Step [19000/26394], Train loss: 0.000
2024-12-02 16:51:32,395 - INFO - Epoch [2/10], Step [20000/26394], Train loss: 0.000
2024-12-02 16:51:41,971 - INFO - Epoch [2/10], Step [21000/26394], Train loss: 0.003
2024-12-02 16:51:51,555 - INFO - Epoch [2/10], Step [22000/26394], Train loss: 0.000
2024-12-02 16:52:01,038 - INFO - Epoch [2/10], Step [23000/26394], Train loss: 0.000
2024-12-02 16:52:10,507 - INFO - Epoch [2/10], Step [24000/26394], Train loss: 0.000
2024-12-02 16:52:20,045 - INFO - Epoch [2/10], Step [25000/26394], Train loss: 0.004
2024-12-02 16:52:29,514 - INFO - Epoch [2/10], Step [26000/26394], Train loss: 0.000
2024-12-02 16:52:33,322 - INFO - Epoch [2/10], Average train loss: 0.002
2024-12-02 16:52:33,760 - INFO - Epoch [2/10], Step [100/6599], Val loss: 0.000
2024-12-02 16:52:34,199 - INFO - Epoch [2/10], Step [200/6599], Val loss: 0.000
2024-12-02 16:52:34,643 - INFO - Epoch [2/10], Step [300/6599], Val loss: 0.001
2024-12-02 16:52:35,105 - INFO - Epoch [2/10], Step [400/6599], Val loss: 0.000
2024-12-02 16:52:35,561 - INFO - Epoch [2/10], Step [500/6599], Val loss: 0.000
2024-12-02 16:52:36,240 - INFO - Epoch [2/10], Step [600/6599], Val loss: 0.000
2024-12-02 16:52:36,916 - INFO - Epoch [2/10], Step [700/6599], Val loss: 0.000
2024-12-02 16:52:37,580 - INFO - Epoch [2/10], Step [800/6599], Val loss: 0.000
2024-12-02 16:52:38,275 - INFO - Epoch [2/10], Step [900/6599], Val loss: 0.000
2024-12-02 16:52:38,989 - INFO - Epoch [2/10], Step [1000/6599], Val loss: 0.000
2024-12-02 16:52:39,637 - INFO - Epoch [2/10], Step [1100/6599], Val loss: 0.000
2024-12-02 16:52:40,301 - INFO - Epoch [2/10], Step [1200/6599], Val loss: 0.000
2024-12-02 16:52:41,005 - INFO - Epoch [2/10], Step [1300/6599], Val loss: 0.000
2024-12-02 16:52:41,686 - INFO - Epoch [2/10], Step [1400/6599], Val loss: 0.000
2024-12-02 16:52:42,343 - INFO - Epoch [2/10], Step [1500/6599], Val loss: 0.000
2024-12-02 16:52:43,000 - INFO - Epoch [2/10], Step [1600/6599], Val loss: 0.000
2024-12-02 16:52:43,678 - INFO - Epoch [2/10], Step [1700/6599], Val loss: 0.000
2024-12-02 16:52:44,300 - INFO - Epoch [2/10], Step [1800/6599], Val loss: 0.000
2024-12-02 16:52:45,013 - INFO - Epoch [2/10], Step [1900/6599], Val loss: 0.000
2024-12-02 16:52:45,720 - INFO - Epoch [2/10], Step [2000/6599], Val loss: 0.000
2024-12-02 16:52:46,346 - INFO - Epoch [2/10], Step [2100/6599], Val loss: 0.000
2024-12-02 16:52:47,072 - INFO - Epoch [2/10], Step [2200/6599], Val loss: 0.001
2024-12-02 16:52:47,729 - INFO - Epoch [2/10], Step [2300/6599], Val loss: 0.107
2024-12-02 16:52:48,351 - INFO - Epoch [2/10], Step [2400/6599], Val loss: 0.000
2024-12-02 16:52:49,018 - INFO - Epoch [2/10], Step [2500/6599], Val loss: 0.000
2024-12-02 16:52:49,706 - INFO - Epoch [2/10], Step [2600/6599], Val loss: 0.000
2024-12-02 16:52:50,373 - INFO - Epoch [2/10], Step [2700/6599], Val loss: 0.000
2024-12-02 16:52:51,030 - INFO - Epoch [2/10], Step [2800/6599], Val loss: 0.000
2024-12-02 16:52:51,749 - INFO - Epoch [2/10], Step [2900/6599], Val loss: 0.000
2024-12-02 16:52:52,445 - INFO - Epoch [2/10], Step [3000/6599], Val loss: 0.000
2024-12-02 16:52:53,142 - INFO - Epoch [2/10], Step [3100/6599], Val loss: 0.000
2024-12-02 16:52:53,879 - INFO - Epoch [2/10], Step [3200/6599], Val loss: 0.000
2024-12-02 16:52:54,525 - INFO - Epoch [2/10], Step [3300/6599], Val loss: 0.000
2024-12-02 16:52:55,214 - INFO - Epoch [2/10], Step [3400/6599], Val loss: 0.000
2024-12-02 16:52:55,912 - INFO - Epoch [2/10], Step [3500/6599], Val loss: 0.000
2024-12-02 16:52:56,541 - INFO - Epoch [2/10], Step [3600/6599], Val loss: 0.000
2024-12-02 16:52:57,201 - INFO - Epoch [2/10], Step [3700/6599], Val loss: 0.000
2024-12-02 16:52:57,827 - INFO - Epoch [2/10], Step [3800/6599], Val loss: 0.000
2024-12-02 16:52:58,480 - INFO - Epoch [2/10], Step [3900/6599], Val loss: 0.001
2024-12-02 16:52:59,162 - INFO - Epoch [2/10], Step [4000/6599], Val loss: 0.000
2024-12-02 16:52:59,804 - INFO - Epoch [2/10], Step [4100/6599], Val loss: 0.000
2024-12-02 16:53:00,486 - INFO - Epoch [2/10], Step [4200/6599], Val loss: 0.000
2024-12-02 16:53:01,162 - INFO - Epoch [2/10], Step [4300/6599], Val loss: 0.000
2024-12-02 16:53:01,825 - INFO - Epoch [2/10], Step [4400/6599], Val loss: 0.000
2024-12-02 16:53:02,545 - INFO - Epoch [2/10], Step [4500/6599], Val loss: 0.000
2024-12-02 16:53:03,219 - INFO - Epoch [2/10], Step [4600/6599], Val loss: 0.000
2024-12-02 16:53:03,900 - INFO - Epoch [2/10], Step [4700/6599], Val loss: 0.003
2024-12-02 16:53:04,535 - INFO - Epoch [2/10], Step [4800/6599], Val loss: 0.000
2024-12-02 16:53:05,216 - INFO - Epoch [2/10], Step [4900/6599], Val loss: 0.001
2024-12-02 16:53:05,844 - INFO - Epoch [2/10], Step [5000/6599], Val loss: 0.000
2024-12-02 16:53:06,502 - INFO - Epoch [2/10], Step [5100/6599], Val loss: 0.000
2024-12-02 16:53:07,203 - INFO - Epoch [2/10], Step [5200/6599], Val loss: 0.000
2024-12-02 16:53:07,837 - INFO - Epoch [2/10], Step [5300/6599], Val loss: 0.000
2024-12-02 16:53:08,492 - INFO - Epoch [2/10], Step [5400/6599], Val loss: 0.000
2024-12-02 16:53:09,174 - INFO - Epoch [2/10], Step [5500/6599], Val loss: 0.000
2024-12-02 16:53:09,853 - INFO - Epoch [2/10], Step [5600/6599], Val loss: 0.000
2024-12-02 16:53:10,457 - INFO - Epoch [2/10], Step [5700/6599], Val loss: 0.000
2024-12-02 16:53:11,106 - INFO - Epoch [2/10], Step [5800/6599], Val loss: 0.000
2024-12-02 16:53:11,796 - INFO - Epoch [2/10], Step [5900/6599], Val loss: 0.000
2024-12-02 16:53:12,472 - INFO - Epoch [2/10], Step [6000/6599], Val loss: 0.000
2024-12-02 16:53:13,148 - INFO - Epoch [2/10], Step [6100/6599], Val loss: 0.000
2024-12-02 16:53:13,853 - INFO - Epoch [2/10], Step [6200/6599], Val loss: 0.000
2024-12-02 16:53:14,526 - INFO - Epoch [2/10], Step [6300/6599], Val loss: 0.000
2024-12-02 16:53:15,168 - INFO - Epoch [2/10], Step [6400/6599], Val loss: 0.000
2024-12-02 16:53:15,837 - INFO - Epoch [2/10], Step [6500/6599], Val loss: 0.000
2024-12-02 16:53:16,505 - INFO - Epoch [2/10], Average val loss: 0.001
2024-12-02 16:53:27,623 - INFO - Epoch [3/10], Step [1000/26394], Train loss: 0.000
2024-12-02 16:53:37,047 - INFO - Epoch [3/10], Step [2000/26394], Train loss: 0.000
2024-12-02 16:53:46,464 - INFO - Epoch [3/10], Step [3000/26394], Train loss: 0.000
2024-12-02 16:53:55,853 - INFO - Epoch [3/10], Step [4000/26394], Train loss: 0.000
2024-12-02 16:54:05,312 - INFO - Epoch [3/10], Step [5000/26394], Train loss: 0.000
2024-12-02 16:54:14,693 - INFO - Epoch [3/10], Step [6000/26394], Train loss: 0.000
2024-12-02 16:54:24,177 - INFO - Epoch [3/10], Step [7000/26394], Train loss: 0.054
2024-12-02 16:54:33,692 - INFO - Epoch [3/10], Step [8000/26394], Train loss: 0.000
2024-12-02 16:54:43,132 - INFO - Epoch [3/10], Step [9000/26394], Train loss: 0.000
2024-12-02 16:54:52,717 - INFO - Epoch [3/10], Step [10000/26394], Train loss: 0.000
2024-12-02 16:55:02,139 - INFO - Epoch [3/10], Step [11000/26394], Train loss: 0.000
2024-12-02 16:55:11,748 - INFO - Epoch [3/10], Step [12000/26394], Train loss: 0.000
2024-12-02 16:55:21,264 - INFO - Epoch [3/10], Step [13000/26394], Train loss: 0.000
2024-12-02 16:55:30,755 - INFO - Epoch [3/10], Step [14000/26394], Train loss: 0.002
2024-12-02 16:55:40,316 - INFO - Epoch [3/10], Step [15000/26394], Train loss: 0.000
2024-12-02 16:55:49,819 - INFO - Epoch [3/10], Step [16000/26394], Train loss: 0.000
2024-12-02 16:55:59,322 - INFO - Epoch [3/10], Step [17000/26394], Train loss: 0.001
2024-12-02 16:56:08,709 - INFO - Epoch [3/10], Step [18000/26394], Train loss: 0.000
2024-12-02 16:56:18,157 - INFO - Epoch [3/10], Step [19000/26394], Train loss: 0.000
2024-12-02 16:56:27,547 - INFO - Epoch [3/10], Step [20000/26394], Train loss: 0.000
2024-12-02 16:56:37,037 - INFO - Epoch [3/10], Step [21000/26394], Train loss: 0.003
2024-12-02 16:56:46,510 - INFO - Epoch [3/10], Step [22000/26394], Train loss: 0.000
2024-12-02 16:56:56,037 - INFO - Epoch [3/10], Step [23000/26394], Train loss: 0.000
2024-12-02 16:57:05,635 - INFO - Epoch [3/10], Step [24000/26394], Train loss: 0.000
2024-12-02 16:57:15,138 - INFO - Epoch [3/10], Step [25000/26394], Train loss: 0.001
2024-12-02 16:57:24,612 - INFO - Epoch [3/10], Step [26000/26394], Train loss: 0.000
2024-12-02 16:57:28,401 - INFO - Epoch [3/10], Average train loss: 0.001
2024-12-02 16:57:28,848 - INFO - Epoch [3/10], Step [100/6599], Val loss: 0.000
2024-12-02 16:57:29,316 - INFO - Epoch [3/10], Step [200/6599], Val loss: 0.002
2024-12-02 16:57:29,787 - INFO - Epoch [3/10], Step [300/6599], Val loss: 0.003
2024-12-02 16:57:30,246 - INFO - Epoch [3/10], Step [400/6599], Val loss: 0.000
2024-12-02 16:57:30,905 - INFO - Epoch [3/10], Step [500/6599], Val loss: 0.000
2024-12-02 16:57:31,596 - INFO - Epoch [3/10], Step [600/6599], Val loss: 0.000
2024-12-02 16:57:32,266 - INFO - Epoch [3/10], Step [700/6599], Val loss: 0.000
2024-12-02 16:57:32,948 - INFO - Epoch [3/10], Step [800/6599], Val loss: 0.000
2024-12-02 16:57:33,584 - INFO - Epoch [3/10], Step [900/6599], Val loss: 0.000
2024-12-02 16:57:34,245 - INFO - Epoch [3/10], Step [1000/6599], Val loss: 0.001
2024-12-02 16:57:34,952 - INFO - Epoch [3/10], Step [1100/6599], Val loss: 0.000
2024-12-02 16:57:35,598 - INFO - Epoch [3/10], Step [1200/6599], Val loss: 0.000
2024-12-02 16:57:36,235 - INFO - Epoch [3/10], Step [1300/6599], Val loss: 0.001
2024-12-02 16:57:36,902 - INFO - Epoch [3/10], Step [1400/6599], Val loss: 0.000
2024-12-02 16:57:37,527 - INFO - Epoch [3/10], Step [1500/6599], Val loss: 0.000
2024-12-02 16:57:38,143 - INFO - Epoch [3/10], Step [1600/6599], Val loss: 0.000
2024-12-02 16:57:38,816 - INFO - Epoch [3/10], Step [1700/6599], Val loss: 0.000
2024-12-02 16:57:39,481 - INFO - Epoch [3/10], Step [1800/6599], Val loss: 0.000
2024-12-02 16:57:40,165 - INFO - Epoch [3/10], Step [1900/6599], Val loss: 0.000
2024-12-02 16:57:40,799 - INFO - Epoch [3/10], Step [2000/6599], Val loss: 0.000
2024-12-02 16:57:41,482 - INFO - Epoch [3/10], Step [2100/6599], Val loss: 0.000
2024-12-02 16:57:42,156 - INFO - Epoch [3/10], Step [2200/6599], Val loss: 0.001
2024-12-02 16:57:42,776 - INFO - Epoch [3/10], Step [2300/6599], Val loss: 0.112
2024-12-02 16:57:43,422 - INFO - Epoch [3/10], Step [2400/6599], Val loss: 0.000
2024-12-02 16:57:44,117 - INFO - Epoch [3/10], Step [2500/6599], Val loss: 0.001
2024-12-02 16:57:44,795 - INFO - Epoch [3/10], Step [2600/6599], Val loss: 0.000
2024-12-02 16:57:45,414 - INFO - Epoch [3/10], Step [2700/6599], Val loss: 0.000
2024-12-02 16:57:46,092 - INFO - Epoch [3/10], Step [2800/6599], Val loss: 0.000
2024-12-02 16:57:46,782 - INFO - Epoch [3/10], Step [2900/6599], Val loss: 0.000
2024-12-02 16:57:47,430 - INFO - Epoch [3/10], Step [3000/6599], Val loss: 0.000
2024-12-02 16:57:48,139 - INFO - Epoch [3/10], Step [3100/6599], Val loss: 0.000
2024-12-02 16:57:48,737 - INFO - Epoch [3/10], Step [3200/6599], Val loss: 0.000
2024-12-02 16:57:49,374 - INFO - Epoch [3/10], Step [3300/6599], Val loss: 0.000
2024-12-02 16:57:50,003 - INFO - Epoch [3/10], Step [3400/6599], Val loss: 0.000
2024-12-02 16:57:50,657 - INFO - Epoch [3/10], Step [3500/6599], Val loss: 0.000
2024-12-02 16:57:51,316 - INFO - Epoch [3/10], Step [3600/6599], Val loss: 0.002
2024-12-02 16:57:51,995 - INFO - Epoch [3/10], Step [3700/6599], Val loss: 0.000
2024-12-02 16:57:52,649 - INFO - Epoch [3/10], Step [3800/6599], Val loss: 0.000
2024-12-02 16:57:53,286 - INFO - Epoch [3/10], Step [3900/6599], Val loss: 0.001
2024-12-02 16:57:53,918 - INFO - Epoch [3/10], Step [4000/6599], Val loss: 0.000
2024-12-02 16:57:54,571 - INFO - Epoch [3/10], Step [4100/6599], Val loss: 0.000
2024-12-02 16:57:55,200 - INFO - Epoch [3/10], Step [4200/6599], Val loss: 0.000
2024-12-02 16:57:55,886 - INFO - Epoch [3/10], Step [4300/6599], Val loss: 0.000
2024-12-02 16:57:56,554 - INFO - Epoch [3/10], Step [4400/6599], Val loss: 0.001
2024-12-02 16:57:57,195 - INFO - Epoch [3/10], Step [4500/6599], Val loss: 0.000
2024-12-02 16:57:57,864 - INFO - Epoch [3/10], Step [4600/6599], Val loss: 0.000
2024-12-02 16:57:58,564 - INFO - Epoch [3/10], Step [4700/6599], Val loss: 0.005
2024-12-02 16:57:59,255 - INFO - Epoch [3/10], Step [4800/6599], Val loss: 0.000
2024-12-02 16:57:59,920 - INFO - Epoch [3/10], Step [4900/6599], Val loss: 0.003
2024-12-02 16:58:00,549 - INFO - Epoch [3/10], Step [5000/6599], Val loss: 0.000
2024-12-02 16:58:01,142 - INFO - Epoch [3/10], Step [5100/6599], Val loss: 0.000
2024-12-02 16:58:01,801 - INFO - Epoch [3/10], Step [5200/6599], Val loss: 0.000
2024-12-02 16:58:02,451 - INFO - Epoch [3/10], Step [5300/6599], Val loss: 0.000
2024-12-02 16:58:03,040 - INFO - Epoch [3/10], Step [5400/6599], Val loss: 0.000
2024-12-02 16:58:03,652 - INFO - Epoch [3/10], Step [5500/6599], Val loss: 0.002
2024-12-02 16:58:04,307 - INFO - Epoch [3/10], Step [5600/6599], Val loss: 0.000
2024-12-02 16:58:04,957 - INFO - Epoch [3/10], Step [5700/6599], Val loss: 0.000
2024-12-02 16:58:05,628 - INFO - Epoch [3/10], Step [5800/6599], Val loss: 0.001
2024-12-02 16:58:06,296 - INFO - Epoch [3/10], Step [5900/6599], Val loss: 0.000
2024-12-02 16:58:06,934 - INFO - Epoch [3/10], Step [6000/6599], Val loss: 0.000
2024-12-02 16:58:07,573 - INFO - Epoch [3/10], Step [6100/6599], Val loss: 0.000
2024-12-02 16:58:08,284 - INFO - Epoch [3/10], Step [6200/6599], Val loss: 0.000
2024-12-02 16:58:08,977 - INFO - Epoch [3/10], Step [6300/6599], Val loss: 0.003
2024-12-02 16:58:09,625 - INFO - Epoch [3/10], Step [6400/6599], Val loss: 0.002
2024-12-02 16:58:10,245 - INFO - Epoch [3/10], Step [6500/6599], Val loss: 0.000
2024-12-02 16:58:10,901 - INFO - Epoch [3/10], Average val loss: 0.001
2024-12-02 16:58:21,945 - INFO - Epoch [4/10], Step [1000/26394], Train loss: 0.000
2024-12-02 16:58:31,467 - INFO - Epoch [4/10], Step [2000/26394], Train loss: 0.000
2024-12-02 16:58:40,902 - INFO - Epoch [4/10], Step [3000/26394], Train loss: 0.000
2024-12-02 16:58:50,524 - INFO - Epoch [4/10], Step [4000/26394], Train loss: 0.000
2024-12-02 16:59:00,044 - INFO - Epoch [4/10], Step [5000/26394], Train loss: 0.000
2024-12-02 16:59:09,625 - INFO - Epoch [4/10], Step [6000/26394], Train loss: 0.000
2024-12-02 16:59:19,016 - INFO - Epoch [4/10], Step [7000/26394], Train loss: 0.055
2024-12-02 16:59:28,545 - INFO - Epoch [4/10], Step [8000/26394], Train loss: 0.000
2024-12-02 16:59:37,991 - INFO - Epoch [4/10], Step [9000/26394], Train loss: 0.000
2024-12-02 16:59:47,514 - INFO - Epoch [4/10], Step [10000/26394], Train loss: 0.000
2024-12-02 16:59:57,004 - INFO - Epoch [4/10], Step [11000/26394], Train loss: 0.000
2024-12-02 17:00:06,589 - INFO - Epoch [4/10], Step [12000/26394], Train loss: 0.000
2024-12-02 17:00:16,136 - INFO - Epoch [4/10], Step [13000/26394], Train loss: 0.000
2024-12-02 17:00:25,790 - INFO - Epoch [4/10], Step [14000/26394], Train loss: 0.000
2024-12-02 17:00:35,205 - INFO - Epoch [4/10], Step [15000/26394], Train loss: 0.000
2024-12-02 17:00:44,724 - INFO - Epoch [4/10], Step [16000/26394], Train loss: 0.000
2024-12-02 17:00:54,216 - INFO - Epoch [4/10], Step [17000/26394], Train loss: 0.001
2024-12-02 17:01:03,637 - INFO - Epoch [4/10], Step [18000/26394], Train loss: 0.000
2024-12-02 17:01:13,167 - INFO - Epoch [4/10], Step [19000/26394], Train loss: 0.000
2024-12-02 17:01:22,657 - INFO - Epoch [4/10], Step [20000/26394], Train loss: 0.000
2024-12-02 17:01:32,052 - INFO - Epoch [4/10], Step [21000/26394], Train loss: 0.000
2024-12-02 17:01:41,482 - INFO - Epoch [4/10], Step [22000/26394], Train loss: 0.000
2024-12-02 17:01:50,983 - INFO - Epoch [4/10], Step [23000/26394], Train loss: 0.000
2024-12-02 17:02:00,429 - INFO - Epoch [4/10], Step [24000/26394], Train loss: 0.000
2024-12-02 17:02:09,872 - INFO - Epoch [4/10], Step [25000/26394], Train loss: 0.002
2024-12-02 17:02:19,329 - INFO - Epoch [4/10], Step [26000/26394], Train loss: 0.000
2024-12-02 17:02:23,000 - INFO - Epoch [4/10], Average train loss: 0.001
2024-12-02 17:02:23,436 - INFO - Epoch [4/10], Step [100/6599], Val loss: 0.000
2024-12-02 17:02:23,887 - INFO - Epoch [4/10], Step [200/6599], Val loss: 0.002
2024-12-02 17:02:24,345 - INFO - Epoch [4/10], Step [300/6599], Val loss: 0.004
2024-12-02 17:02:24,801 - INFO - Epoch [4/10], Step [400/6599], Val loss: 0.000
2024-12-02 17:02:25,267 - INFO - Epoch [4/10], Step [500/6599], Val loss: 0.000
2024-12-02 17:02:25,874 - INFO - Epoch [4/10], Step [600/6599], Val loss: 0.000
2024-12-02 17:02:26,509 - INFO - Epoch [4/10], Step [700/6599], Val loss: 0.001
2024-12-02 17:02:27,176 - INFO - Epoch [4/10], Step [800/6599], Val loss: 0.000
2024-12-02 17:02:27,844 - INFO - Epoch [4/10], Step [900/6599], Val loss: 0.000
2024-12-02 17:02:28,520 - INFO - Epoch [4/10], Step [1000/6599], Val loss: 0.001
2024-12-02 17:02:29,151 - INFO - Epoch [4/10], Step [1100/6599], Val loss: 0.001
2024-12-02 17:02:29,790 - INFO - Epoch [4/10], Step [1200/6599], Val loss: 0.001
2024-12-02 17:02:30,495 - INFO - Epoch [4/10], Step [1300/6599], Val loss: 0.000
2024-12-02 17:02:31,191 - INFO - Epoch [4/10], Step [1400/6599], Val loss: 0.001
2024-12-02 17:02:31,806 - INFO - Epoch [4/10], Step [1500/6599], Val loss: 0.000
2024-12-02 17:02:32,431 - INFO - Epoch [4/10], Step [1600/6599], Val loss: 0.001
2024-12-02 17:02:33,133 - INFO - Epoch [4/10], Step [1700/6599], Val loss: 0.000
2024-12-02 17:02:33,810 - INFO - Epoch [4/10], Step [1800/6599], Val loss: 0.000
2024-12-02 17:02:34,450 - INFO - Epoch [4/10], Step [1900/6599], Val loss: 0.000
2024-12-02 17:02:35,136 - INFO - Epoch [4/10], Step [2000/6599], Val loss: 0.000
2024-12-02 17:02:35,819 - INFO - Epoch [4/10], Step [2100/6599], Val loss: 0.000
2024-12-02 17:02:36,473 - INFO - Epoch [4/10], Step [2200/6599], Val loss: 0.001
2024-12-02 17:02:37,090 - INFO - Epoch [4/10], Step [2300/6599], Val loss: 0.106
2024-12-02 17:02:37,747 - INFO - Epoch [4/10], Step [2400/6599], Val loss: 0.000
2024-12-02 17:02:38,396 - INFO - Epoch [4/10], Step [2500/6599], Val loss: 0.000
2024-12-02 17:02:39,085 - INFO - Epoch [4/10], Step [2600/6599], Val loss: 0.000
2024-12-02 17:02:39,779 - INFO - Epoch [4/10], Step [2700/6599], Val loss: 0.000
2024-12-02 17:02:40,465 - INFO - Epoch [4/10], Step [2800/6599], Val loss: 0.000
2024-12-02 17:02:41,162 - INFO - Epoch [4/10], Step [2900/6599], Val loss: 0.000
2024-12-02 17:02:41,852 - INFO - Epoch [4/10], Step [3000/6599], Val loss: 0.000
2024-12-02 17:02:42,445 - INFO - Epoch [4/10], Step [3100/6599], Val loss: 0.000
2024-12-02 17:02:43,125 - INFO - Epoch [4/10], Step [3200/6599], Val loss: 0.000
2024-12-02 17:02:43,722 - INFO - Epoch [4/10], Step [3300/6599], Val loss: 0.000
2024-12-02 17:02:44,404 - INFO - Epoch [4/10], Step [3400/6599], Val loss: 0.000
2024-12-02 17:02:45,052 - INFO - Epoch [4/10], Step [3500/6599], Val loss: 0.000
2024-12-02 17:02:45,726 - INFO - Epoch [4/10], Step [3600/6599], Val loss: 0.004
2024-12-02 17:02:46,403 - INFO - Epoch [4/10], Step [3700/6599], Val loss: 0.000
2024-12-02 17:02:47,053 - INFO - Epoch [4/10], Step [3800/6599], Val loss: 0.000
2024-12-02 17:02:47,738 - INFO - Epoch [4/10], Step [3900/6599], Val loss: 0.001
2024-12-02 17:02:48,422 - INFO - Epoch [4/10], Step [4000/6599], Val loss: 0.000
2024-12-02 17:02:49,043 - INFO - Epoch [4/10], Step [4100/6599], Val loss: 0.000
2024-12-02 17:02:49,673 - INFO - Epoch [4/10], Step [4200/6599], Val loss: 0.000
2024-12-02 17:02:50,355 - INFO - Epoch [4/10], Step [4300/6599], Val loss: 0.000
2024-12-02 17:02:51,029 - INFO - Epoch [4/10], Step [4400/6599], Val loss: 0.000
2024-12-02 17:02:51,685 - INFO - Epoch [4/10], Step [4500/6599], Val loss: 0.000
2024-12-02 17:02:52,361 - INFO - Epoch [4/10], Step [4600/6599], Val loss: 0.000
2024-12-02 17:02:52,984 - INFO - Epoch [4/10], Step [4700/6599], Val loss: 0.006
2024-12-02 17:02:53,632 - INFO - Epoch [4/10], Step [4800/6599], Val loss: 0.000
2024-12-02 17:02:54,321 - INFO - Epoch [4/10], Step [4900/6599], Val loss: 0.004
2024-12-02 17:02:55,038 - INFO - Epoch [4/10], Step [5000/6599], Val loss: 0.000
2024-12-02 17:02:55,792 - INFO - Epoch [4/10], Step [5100/6599], Val loss: 0.000
2024-12-02 17:02:56,480 - INFO - Epoch [4/10], Step [5200/6599], Val loss: 0.000
2024-12-02 17:02:57,132 - INFO - Epoch [4/10], Step [5300/6599], Val loss: 0.000
2024-12-02 17:02:57,774 - INFO - Epoch [4/10], Step [5400/6599], Val loss: 0.000
2024-12-02 17:02:58,486 - INFO - Epoch [4/10], Step [5500/6599], Val loss: 0.003
2024-12-02 17:02:59,158 - INFO - Epoch [4/10], Step [5600/6599], Val loss: 0.000
2024-12-02 17:02:59,805 - INFO - Epoch [4/10], Step [5700/6599], Val loss: 0.000
2024-12-02 17:03:00,456 - INFO - Epoch [4/10], Step [5800/6599], Val loss: 0.001
2024-12-02 17:03:01,111 - INFO - Epoch [4/10], Step [5900/6599], Val loss: 0.001
2024-12-02 17:03:01,757 - INFO - Epoch [4/10], Step [6000/6599], Val loss: 0.001
2024-12-02 17:03:02,466 - INFO - Epoch [4/10], Step [6100/6599], Val loss: 0.000
2024-12-02 17:03:03,102 - INFO - Epoch [4/10], Step [6200/6599], Val loss: 0.000
2024-12-02 17:03:03,739 - INFO - Epoch [4/10], Step [6300/6599], Val loss: 0.004
2024-12-02 17:03:04,420 - INFO - Epoch [4/10], Step [6400/6599], Val loss: 0.003
2024-12-02 17:03:05,077 - INFO - Epoch [4/10], Step [6500/6599], Val loss: 0.000
2024-12-02 17:03:05,725 - INFO - Epoch [4/10], Average val loss: 0.001
2024-12-02 17:03:17,411 - INFO - Epoch [5/10], Step [1000/26394], Train loss: 0.000
2024-12-02 17:03:26,960 - INFO - Epoch [5/10], Step [2000/26394], Train loss: 0.000
2024-12-02 17:03:36,534 - INFO - Epoch [5/10], Step [3000/26394], Train loss: 0.000
2024-12-02 17:03:46,098 - INFO - Epoch [5/10], Step [4000/26394], Train loss: 0.000
2024-12-02 17:03:55,626 - INFO - Epoch [5/10], Step [5000/26394], Train loss: 0.000
2024-12-02 17:04:05,150 - INFO - Epoch [5/10], Step [6000/26394], Train loss: 0.000
2024-12-02 17:04:14,726 - INFO - Epoch [5/10], Step [7000/26394], Train loss: 0.056
2024-12-02 17:04:24,056 - INFO - Epoch [5/10], Step [8000/26394], Train loss: 0.000
2024-12-02 17:04:33,518 - INFO - Epoch [5/10], Step [9000/26394], Train loss: 0.000
2024-12-02 17:04:42,898 - INFO - Epoch [5/10], Step [10000/26394], Train loss: 0.000
2024-12-02 17:04:52,343 - INFO - Epoch [5/10], Step [11000/26394], Train loss: 0.000
2024-12-02 17:05:01,875 - INFO - Epoch [5/10], Step [12000/26394], Train loss: 0.000
2024-12-02 17:05:11,608 - INFO - Epoch [5/10], Step [13000/26394], Train loss: 0.000
2024-12-02 17:05:21,456 - INFO - Epoch [5/10], Step [14000/26394], Train loss: 0.001
2024-12-02 17:05:31,336 - INFO - Epoch [5/10], Step [15000/26394], Train loss: 0.000
2024-12-02 17:05:42,680 - INFO - Epoch [5/10], Step [16000/26394], Train loss: 0.000
2024-12-02 17:05:53,814 - INFO - Epoch [5/10], Step [17000/26394], Train loss: 0.000
2024-12-02 17:06:04,440 - INFO - Epoch [5/10], Step [18000/26394], Train loss: 0.000
2024-12-02 17:06:14,650 - INFO - Epoch [5/10], Step [19000/26394], Train loss: 0.000
2024-12-02 17:06:24,033 - INFO - Epoch [5/10], Step [20000/26394], Train loss: 0.000
2024-12-02 17:06:33,624 - INFO - Epoch [5/10], Step [21000/26394], Train loss: 0.001
2024-12-02 17:06:43,172 - INFO - Epoch [5/10], Step [22000/26394], Train loss: 0.000
2024-12-02 17:06:53,767 - INFO - Epoch [5/10], Step [23000/26394], Train loss: 0.000
2024-12-02 17:07:04,983 - INFO - Epoch [5/10], Step [24000/26394], Train loss: 0.000
2024-12-02 17:07:16,232 - INFO - Epoch [5/10], Step [25000/26394], Train loss: 0.001
2024-12-02 17:07:26,632 - INFO - Epoch [5/10], Step [26000/26394], Train loss: 0.000
2024-12-02 17:07:30,610 - INFO - Epoch [5/10], Average train loss: 0.001
2024-12-02 17:07:31,086 - INFO - Epoch [5/10], Step [100/6599], Val loss: 0.000
2024-12-02 17:07:31,539 - INFO - Epoch [5/10], Step [200/6599], Val loss: 0.001
2024-12-02 17:07:31,992 - INFO - Epoch [5/10], Step [300/6599], Val loss: 0.002
2024-12-02 17:07:32,443 - INFO - Epoch [5/10], Step [400/6599], Val loss: 0.001
2024-12-02 17:07:32,895 - INFO - Epoch [5/10], Step [500/6599], Val loss: 0.000
2024-12-02 17:07:33,327 - INFO - Epoch [5/10], Step [600/6599], Val loss: 0.001
2024-12-02 17:07:33,793 - INFO - Epoch [5/10], Step [700/6599], Val loss: 0.001
2024-12-02 17:07:34,359 - INFO - Epoch [5/10], Step [800/6599], Val loss: 0.001
2024-12-02 17:07:34,807 - INFO - Epoch [5/10], Step [900/6599], Val loss: 0.001
2024-12-02 17:07:35,231 - INFO - Epoch [5/10], Step [1000/6599], Val loss: 0.001
2024-12-02 17:07:35,794 - INFO - Epoch [5/10], Step [1100/6599], Val loss: 0.001
2024-12-02 17:07:36,444 - INFO - Epoch [5/10], Step [1200/6599], Val loss: 0.001
2024-12-02 17:07:37,020 - INFO - Epoch [5/10], Step [1300/6599], Val loss: 0.001
2024-12-02 17:07:37,594 - INFO - Epoch [5/10], Step [1400/6599], Val loss: 0.001
2024-12-02 17:07:38,178 - INFO - Epoch [5/10], Step [1500/6599], Val loss: 0.000
2024-12-02 17:07:38,742 - INFO - Epoch [5/10], Step [1600/6599], Val loss: 0.001
2024-12-02 17:07:39,352 - INFO - Epoch [5/10], Step [1700/6599], Val loss: 0.001
2024-12-02 17:07:39,941 - INFO - Epoch [5/10], Step [1800/6599], Val loss: 0.000
2024-12-02 17:07:40,619 - INFO - Epoch [5/10], Step [1900/6599], Val loss: 0.001
2024-12-02 17:07:41,343 - INFO - Epoch [5/10], Step [2000/6599], Val loss: 0.000
2024-12-02 17:07:42,049 - INFO - Epoch [5/10], Step [2100/6599], Val loss: 0.000
2024-12-02 17:07:42,777 - INFO - Epoch [5/10], Step [2200/6599], Val loss: 0.001
2024-12-02 17:07:43,456 - INFO - Epoch [5/10], Step [2300/6599], Val loss: 0.107
2024-12-02 17:07:44,036 - INFO - Epoch [5/10], Step [2400/6599], Val loss: 0.000
2024-12-02 17:07:44,633 - INFO - Epoch [5/10], Step [2500/6599], Val loss: 0.001
2024-12-02 17:07:45,213 - INFO - Epoch [5/10], Step [2600/6599], Val loss: 0.000
2024-12-02 17:07:45,755 - INFO - Epoch [5/10], Step [2700/6599], Val loss: 0.001
2024-12-02 17:07:46,373 - INFO - Epoch [5/10], Step [2800/6599], Val loss: 0.001
2024-12-02 17:07:46,953 - INFO - Epoch [5/10], Step [2900/6599], Val loss: 0.000
2024-12-02 17:07:47,513 - INFO - Epoch [5/10], Step [3000/6599], Val loss: 0.000
2024-12-02 17:07:48,128 - INFO - Epoch [5/10], Step [3100/6599], Val loss: 0.001
2024-12-02 17:07:48,708 - INFO - Epoch [5/10], Step [3200/6599], Val loss: 0.000
2024-12-02 17:07:49,255 - INFO - Epoch [5/10], Step [3300/6599], Val loss: 0.001
2024-12-02 17:07:49,827 - INFO - Epoch [5/10], Step [3400/6599], Val loss: 0.001
2024-12-02 17:07:50,422 - INFO - Epoch [5/10], Step [3500/6599], Val loss: 0.000
2024-12-02 17:07:50,976 - INFO - Epoch [5/10], Step [3600/6599], Val loss: 0.000
2024-12-02 17:07:51,521 - INFO - Epoch [5/10], Step [3700/6599], Val loss: 0.001
2024-12-02 17:07:52,144 - INFO - Epoch [5/10], Step [3800/6599], Val loss: 0.001
2024-12-02 17:07:52,721 - INFO - Epoch [5/10], Step [3900/6599], Val loss: 0.001
2024-12-02 17:07:53,254 - INFO - Epoch [5/10], Step [4000/6599], Val loss: 0.000
2024-12-02 17:07:53,825 - INFO - Epoch [5/10], Step [4100/6599], Val loss: 0.000
2024-12-02 17:07:54,453 - INFO - Epoch [5/10], Step [4200/6599], Val loss: 0.001
2024-12-02 17:07:55,001 - INFO - Epoch [5/10], Step [4300/6599], Val loss: 0.000
2024-12-02 17:07:55,598 - INFO - Epoch [5/10], Step [4400/6599], Val loss: 0.000
2024-12-02 17:07:56,129 - INFO - Epoch [5/10], Step [4500/6599], Val loss: 0.001
2024-12-02 17:07:56,705 - INFO - Epoch [5/10], Step [4600/6599], Val loss: 0.001
2024-12-02 17:07:57,240 - INFO - Epoch [5/10], Step [4700/6599], Val loss: 0.004
2024-12-02 17:07:57,776 - INFO - Epoch [5/10], Step [4800/6599], Val loss: 0.000
2024-12-02 17:07:58,338 - INFO - Epoch [5/10], Step [4900/6599], Val loss: 0.002
2024-12-02 17:07:58,921 - INFO - Epoch [5/10], Step [5000/6599], Val loss: 0.001
2024-12-02 17:07:59,455 - INFO - Epoch [5/10], Step [5100/6599], Val loss: 0.001
2024-12-02 17:08:00,015 - INFO - Epoch [5/10], Step [5200/6599], Val loss: 0.001
2024-12-02 17:08:00,616 - INFO - Epoch [5/10], Step [5300/6599], Val loss: 0.001
2024-12-02 17:08:01,251 - INFO - Epoch [5/10], Step [5400/6599], Val loss: 0.000
2024-12-02 17:08:01,986 - INFO - Epoch [5/10], Step [5500/6599], Val loss: 0.000
2024-12-02 17:08:02,662 - INFO - Epoch [5/10], Step [5600/6599], Val loss: 0.000
2024-12-02 17:08:03,147 - INFO - Epoch [5/10], Step [5700/6599], Val loss: 0.000
2024-12-02 17:08:03,666 - INFO - Epoch [5/10], Step [5800/6599], Val loss: 0.001
2024-12-02 17:08:04,154 - INFO - Epoch [5/10], Step [5900/6599], Val loss: 0.000
2024-12-02 17:08:04,668 - INFO - Epoch [5/10], Step [6000/6599], Val loss: 0.000
2024-12-02 17:08:05,163 - INFO - Epoch [5/10], Step [6100/6599], Val loss: 0.000
2024-12-02 17:08:05,632 - INFO - Epoch [5/10], Step [6200/6599], Val loss: 0.001
2024-12-02 17:08:06,087 - INFO - Epoch [5/10], Step [6300/6599], Val loss: 0.001
2024-12-02 17:08:06,584 - INFO - Epoch [5/10], Step [6400/6599], Val loss: 0.001
2024-12-02 17:08:07,065 - INFO - Epoch [5/10], Step [6500/6599], Val loss: 0.000
2024-12-02 17:08:07,517 - INFO - Epoch [5/10], Average val loss: 0.001
2024-12-02 17:08:18,511 - INFO - Epoch [6/10], Step [1000/26394], Train loss: 0.000
2024-12-02 17:08:29,643 - INFO - Epoch [6/10], Step [2000/26394], Train loss: 0.000
2024-12-02 17:08:40,232 - INFO - Epoch [6/10], Step [3000/26394], Train loss: 0.000
2024-12-02 17:08:50,488 - INFO - Epoch [6/10], Step [4000/26394], Train loss: 0.000
2024-12-02 17:09:00,158 - INFO - Epoch [6/10], Step [5000/26394], Train loss: 0.000
2024-12-02 17:09:09,994 - INFO - Epoch [6/10], Step [6000/26394], Train loss: 0.000
2024-12-02 17:09:19,707 - INFO - Epoch [6/10], Step [7000/26394], Train loss: 0.047
2024-12-02 17:09:29,380 - INFO - Epoch [6/10], Step [8000/26394], Train loss: 0.000
2024-12-02 17:09:38,813 - INFO - Epoch [6/10], Step [9000/26394], Train loss: 0.000
2024-12-02 17:09:48,302 - INFO - Epoch [6/10], Step [10000/26394], Train loss: 0.000
2024-12-02 17:09:57,838 - INFO - Epoch [6/10], Step [11000/26394], Train loss: 0.000
2024-12-02 17:10:07,283 - INFO - Epoch [6/10], Step [12000/26394], Train loss: 0.000
2024-12-02 17:10:16,766 - INFO - Epoch [6/10], Step [13000/26394], Train loss: 0.000
2024-12-02 17:10:26,301 - INFO - Epoch [6/10], Step [14000/26394], Train loss: 0.000
2024-12-02 17:10:35,831 - INFO - Epoch [6/10], Step [15000/26394], Train loss: 0.000
2024-12-02 17:10:45,302 - INFO - Epoch [6/10], Step [16000/26394], Train loss: 0.000
2024-12-02 17:10:54,699 - INFO - Epoch [6/10], Step [17000/26394], Train loss: 0.000
2024-12-02 17:11:04,135 - INFO - Epoch [6/10], Step [18000/26394], Train loss: 0.000
2024-12-02 17:11:13,694 - INFO - Epoch [6/10], Step [19000/26394], Train loss: 0.000
2024-12-02 17:11:23,065 - INFO - Epoch [6/10], Step [20000/26394], Train loss: 0.000
2024-12-02 17:11:32,573 - INFO - Epoch [6/10], Step [21000/26394], Train loss: 0.000
2024-12-02 17:11:42,000 - INFO - Epoch [6/10], Step [22000/26394], Train loss: 0.000
2024-12-02 17:11:51,559 - INFO - Epoch [6/10], Step [23000/26394], Train loss: 0.000
2024-12-02 17:12:00,987 - INFO - Epoch [6/10], Step [24000/26394], Train loss: 0.000
2024-12-02 17:12:10,471 - INFO - Epoch [6/10], Step [25000/26394], Train loss: 0.000
2024-12-02 17:12:19,938 - INFO - Epoch [6/10], Step [26000/26394], Train loss: 0.000
2024-12-02 17:12:23,600 - INFO - Epoch [6/10], Average train loss: 0.001
2024-12-02 17:12:24,026 - INFO - Epoch [6/10], Step [100/6599], Val loss: 0.000
2024-12-02 17:12:24,494 - INFO - Epoch [6/10], Step [200/6599], Val loss: 0.002
2024-12-02 17:12:24,943 - INFO - Epoch [6/10], Step [300/6599], Val loss: 0.002
2024-12-02 17:12:25,390 - INFO - Epoch [6/10], Step [400/6599], Val loss: 0.001
2024-12-02 17:12:25,869 - INFO - Epoch [6/10], Step [500/6599], Val loss: 0.000
2024-12-02 17:12:26,489 - INFO - Epoch [6/10], Step [600/6599], Val loss: 0.000
2024-12-02 17:12:27,128 - INFO - Epoch [6/10], Step [700/6599], Val loss: 0.000
2024-12-02 17:12:27,772 - INFO - Epoch [6/10], Step [800/6599], Val loss: 0.000
2024-12-02 17:12:28,415 - INFO - Epoch [6/10], Step [900/6599], Val loss: 0.001
2024-12-02 17:12:29,071 - INFO - Epoch [6/10], Step [1000/6599], Val loss: 0.001
2024-12-02 17:12:29,674 - INFO - Epoch [6/10], Step [1100/6599], Val loss: 0.001
2024-12-02 17:12:30,298 - INFO - Epoch [6/10], Step [1200/6599], Val loss: 0.001
2024-12-02 17:12:30,977 - INFO - Epoch [6/10], Step [1300/6599], Val loss: 0.001
2024-12-02 17:12:31,619 - INFO - Epoch [6/10], Step [1400/6599], Val loss: 0.001
2024-12-02 17:12:32,260 - INFO - Epoch [6/10], Step [1500/6599], Val loss: 0.000
2024-12-02 17:12:32,911 - INFO - Epoch [6/10], Step [1600/6599], Val loss: 0.000
2024-12-02 17:12:33,518 - INFO - Epoch [6/10], Step [1700/6599], Val loss: 0.001
2024-12-02 17:12:34,154 - INFO - Epoch [6/10], Step [1800/6599], Val loss: 0.000
2024-12-02 17:12:34,849 - INFO - Epoch [6/10], Step [1900/6599], Val loss: 0.000
2024-12-02 17:12:35,493 - INFO - Epoch [6/10], Step [2000/6599], Val loss: 0.000
2024-12-02 17:12:36,173 - INFO - Epoch [6/10], Step [2100/6599], Val loss: 0.000
2024-12-02 17:12:36,797 - INFO - Epoch [6/10], Step [2200/6599], Val loss: 0.001
2024-12-02 17:12:37,422 - INFO - Epoch [6/10], Step [2300/6599], Val loss: 0.108
2024-12-02 17:12:38,112 - INFO - Epoch [6/10], Step [2400/6599], Val loss: 0.000
2024-12-02 17:12:38,782 - INFO - Epoch [6/10], Step [2500/6599], Val loss: 0.002
2024-12-02 17:12:39,412 - INFO - Epoch [6/10], Step [2600/6599], Val loss: 0.000
2024-12-02 17:12:40,094 - INFO - Epoch [6/10], Step [2700/6599], Val loss: 0.000
2024-12-02 17:12:40,751 - INFO - Epoch [6/10], Step [2800/6599], Val loss: 0.001
2024-12-02 17:12:41,423 - INFO - Epoch [6/10], Step [2900/6599], Val loss: 0.000
2024-12-02 17:12:42,094 - INFO - Epoch [6/10], Step [3000/6599], Val loss: 0.000
2024-12-02 17:12:42,722 - INFO - Epoch [6/10], Step [3100/6599], Val loss: 0.001
2024-12-02 17:12:43,368 - INFO - Epoch [6/10], Step [3200/6599], Val loss: 0.000
2024-12-02 17:12:44,036 - INFO - Epoch [6/10], Step [3300/6599], Val loss: 0.001
2024-12-02 17:12:44,713 - INFO - Epoch [6/10], Step [3400/6599], Val loss: 0.000
2024-12-02 17:12:45,374 - INFO - Epoch [6/10], Step [3500/6599], Val loss: 0.000
2024-12-02 17:12:46,049 - INFO - Epoch [6/10], Step [3600/6599], Val loss: 0.001
2024-12-02 17:12:46,749 - INFO - Epoch [6/10], Step [3700/6599], Val loss: 0.000
2024-12-02 17:12:47,444 - INFO - Epoch [6/10], Step [3800/6599], Val loss: 0.001
2024-12-02 17:12:48,103 - INFO - Epoch [6/10], Step [3900/6599], Val loss: 0.001
2024-12-02 17:12:48,764 - INFO - Epoch [6/10], Step [4000/6599], Val loss: 0.000
2024-12-02 17:12:49,443 - INFO - Epoch [6/10], Step [4100/6599], Val loss: 0.000
2024-12-02 17:12:50,095 - INFO - Epoch [6/10], Step [4200/6599], Val loss: 0.000
2024-12-02 17:12:50,747 - INFO - Epoch [6/10], Step [4300/6599], Val loss: 0.000
2024-12-02 17:12:51,434 - INFO - Epoch [6/10], Step [4400/6599], Val loss: 0.000
2024-12-02 17:12:52,112 - INFO - Epoch [6/10], Step [4500/6599], Val loss: 0.001
2024-12-02 17:12:52,786 - INFO - Epoch [6/10], Step [4600/6599], Val loss: 0.001
2024-12-02 17:12:53,462 - INFO - Epoch [6/10], Step [4700/6599], Val loss: 0.004
2024-12-02 17:12:54,115 - INFO - Epoch [6/10], Step [4800/6599], Val loss: 0.000
2024-12-02 17:12:54,745 - INFO - Epoch [6/10], Step [4900/6599], Val loss: 0.003
2024-12-02 17:12:55,426 - INFO - Epoch [6/10], Step [5000/6599], Val loss: 0.001
2024-12-02 17:12:56,070 - INFO - Epoch [6/10], Step [5100/6599], Val loss: 0.000
2024-12-02 17:12:56,737 - INFO - Epoch [6/10], Step [5200/6599], Val loss: 0.001
2024-12-02 17:12:57,355 - INFO - Epoch [6/10], Step [5300/6599], Val loss: 0.000
2024-12-02 17:12:58,044 - INFO - Epoch [6/10], Step [5400/6599], Val loss: 0.000
2024-12-02 17:12:58,697 - INFO - Epoch [6/10], Step [5500/6599], Val loss: 0.001
2024-12-02 17:12:59,422 - INFO - Epoch [6/10], Step [5600/6599], Val loss: 0.000
2024-12-02 17:13:00,107 - INFO - Epoch [6/10], Step [5700/6599], Val loss: 0.000
2024-12-02 17:13:00,728 - INFO - Epoch [6/10], Step [5800/6599], Val loss: 0.001
2024-12-02 17:13:01,388 - INFO - Epoch [6/10], Step [5900/6599], Val loss: 0.000
2024-12-02 17:13:02,013 - INFO - Epoch [6/10], Step [6000/6599], Val loss: 0.000
2024-12-02 17:13:02,696 - INFO - Epoch [6/10], Step [6100/6599], Val loss: 0.000
2024-12-02 17:13:03,330 - INFO - Epoch [6/10], Step [6200/6599], Val loss: 0.001
2024-12-02 17:13:04,014 - INFO - Epoch [6/10], Step [6300/6599], Val loss: 0.002
2024-12-02 17:13:04,689 - INFO - Epoch [6/10], Step [6400/6599], Val loss: 0.002
2024-12-02 17:13:05,359 - INFO - Epoch [6/10], Step [6500/6599], Val loss: 0.000
2024-12-02 17:13:06,024 - INFO - Epoch [6/10], Average val loss: 0.001
2024-12-02 17:13:17,254 - INFO - Epoch [7/10], Step [1000/26394], Train loss: 0.000
2024-12-02 17:13:26,790 - INFO - Epoch [7/10], Step [2000/26394], Train loss: 0.000
2024-12-02 17:13:36,235 - INFO - Epoch [7/10], Step [3000/26394], Train loss: 0.000
2024-12-02 17:13:45,713 - INFO - Epoch [7/10], Step [4000/26394], Train loss: 0.000
2024-12-02 17:13:55,166 - INFO - Epoch [7/10], Step [5000/26394], Train loss: 0.000
2024-12-02 17:14:04,640 - INFO - Epoch [7/10], Step [6000/26394], Train loss: 0.000
2024-12-02 17:14:14,053 - INFO - Epoch [7/10], Step [7000/26394], Train loss: 0.044
2024-12-02 17:14:23,498 - INFO - Epoch [7/10], Step [8000/26394], Train loss: 0.000
2024-12-02 17:14:32,931 - INFO - Epoch [7/10], Step [9000/26394], Train loss: 0.000
2024-12-02 17:14:42,466 - INFO - Epoch [7/10], Step [10000/26394], Train loss: 0.000
2024-12-02 17:14:51,989 - INFO - Epoch [7/10], Step [11000/26394], Train loss: 0.000
2024-12-02 17:15:01,367 - INFO - Epoch [7/10], Step [12000/26394], Train loss: 0.000
2024-12-02 17:15:10,837 - INFO - Epoch [7/10], Step [13000/26394], Train loss: 0.000
2024-12-02 17:15:20,223 - INFO - Epoch [7/10], Step [14000/26394], Train loss: 0.000
2024-12-02 17:15:29,589 - INFO - Epoch [7/10], Step [15000/26394], Train loss: 0.000
2024-12-02 17:15:39,026 - INFO - Epoch [7/10], Step [16000/26394], Train loss: 0.000
2024-12-02 17:15:48,527 - INFO - Epoch [7/10], Step [17000/26394], Train loss: 0.000
2024-12-02 17:15:57,918 - INFO - Epoch [7/10], Step [18000/26394], Train loss: 0.000
2024-12-02 17:16:07,461 - INFO - Epoch [7/10], Step [19000/26394], Train loss: 0.000
2024-12-02 17:16:16,939 - INFO - Epoch [7/10], Step [20000/26394], Train loss: 0.000
2024-12-02 17:16:26,380 - INFO - Epoch [7/10], Step [21000/26394], Train loss: 0.000
2024-12-02 17:16:35,982 - INFO - Epoch [7/10], Step [22000/26394], Train loss: 0.000
2024-12-02 17:16:45,361 - INFO - Epoch [7/10], Step [23000/26394], Train loss: 0.000
2024-12-02 17:16:54,851 - INFO - Epoch [7/10], Step [24000/26394], Train loss: 0.000
2024-12-02 17:17:04,238 - INFO - Epoch [7/10], Step [25000/26394], Train loss: 0.000
2024-12-02 17:17:13,653 - INFO - Epoch [7/10], Step [26000/26394], Train loss: 0.000
2024-12-02 17:17:17,311 - INFO - Epoch [7/10], Average train loss: 0.001
2024-12-02 17:17:17,755 - INFO - Epoch [7/10], Step [100/6599], Val loss: 0.001
2024-12-02 17:17:18,215 - INFO - Epoch [7/10], Step [200/6599], Val loss: 0.004
2024-12-02 17:17:18,675 - INFO - Epoch [7/10], Step [300/6599], Val loss: 0.005
2024-12-02 17:17:19,126 - INFO - Epoch [7/10], Step [400/6599], Val loss: 0.000
2024-12-02 17:17:19,614 - INFO - Epoch [7/10], Step [500/6599], Val loss: 0.000
2024-12-02 17:17:20,177 - INFO - Epoch [7/10], Step [600/6599], Val loss: 0.000
2024-12-02 17:17:20,800 - INFO - Epoch [7/10], Step [700/6599], Val loss: 0.000
2024-12-02 17:17:21,482 - INFO - Epoch [7/10], Step [800/6599], Val loss: 0.000
2024-12-02 17:17:22,166 - INFO - Epoch [7/10], Step [900/6599], Val loss: 0.000
2024-12-02 17:17:22,830 - INFO - Epoch [7/10], Step [1000/6599], Val loss: 0.001
2024-12-02 17:17:23,417 - INFO - Epoch [7/10], Step [1100/6599], Val loss: 0.000
2024-12-02 17:17:24,085 - INFO - Epoch [7/10], Step [1200/6599], Val loss: 0.000
2024-12-02 17:17:24,803 - INFO - Epoch [7/10], Step [1300/6599], Val loss: 0.002
2024-12-02 17:17:25,472 - INFO - Epoch [7/10], Step [1400/6599], Val loss: 0.000
2024-12-02 17:17:26,137 - INFO - Epoch [7/10], Step [1500/6599], Val loss: 0.000
2024-12-02 17:17:26,795 - INFO - Epoch [7/10], Step [1600/6599], Val loss: 0.000
2024-12-02 17:17:27,495 - INFO - Epoch [7/10], Step [1700/6599], Val loss: 0.000
2024-12-02 17:17:28,153 - INFO - Epoch [7/10], Step [1800/6599], Val loss: 0.000
2024-12-02 17:17:28,789 - INFO - Epoch [7/10], Step [1900/6599], Val loss: 0.000
2024-12-02 17:17:29,456 - INFO - Epoch [7/10], Step [2000/6599], Val loss: 0.000
2024-12-02 17:17:30,152 - INFO - Epoch [7/10], Step [2100/6599], Val loss: 0.000
2024-12-02 17:17:30,824 - INFO - Epoch [7/10], Step [2200/6599], Val loss: 0.000
2024-12-02 17:17:31,478 - INFO - Epoch [7/10], Step [2300/6599], Val loss: 0.107
2024-12-02 17:17:32,100 - INFO - Epoch [7/10], Step [2400/6599], Val loss: 0.000
2024-12-02 17:17:32,705 - INFO - Epoch [7/10], Step [2500/6599], Val loss: 0.002
2024-12-02 17:17:33,335 - INFO - Epoch [7/10], Step [2600/6599], Val loss: 0.000
2024-12-02 17:17:33,950 - INFO - Epoch [7/10], Step [2700/6599], Val loss: 0.000
2024-12-02 17:17:34,624 - INFO - Epoch [7/10], Step [2800/6599], Val loss: 0.000
2024-12-02 17:17:35,279 - INFO - Epoch [7/10], Step [2900/6599], Val loss: 0.000
2024-12-02 17:17:35,902 - INFO - Epoch [7/10], Step [3000/6599], Val loss: 0.000
2024-12-02 17:17:36,529 - INFO - Epoch [7/10], Step [3100/6599], Val loss: 0.000
2024-12-02 17:17:37,205 - INFO - Epoch [7/10], Step [3200/6599], Val loss: 0.000
2024-12-02 17:17:37,882 - INFO - Epoch [7/10], Step [3300/6599], Val loss: 0.000
2024-12-02 17:17:38,564 - INFO - Epoch [7/10], Step [3400/6599], Val loss: 0.000
2024-12-02 17:17:39,187 - INFO - Epoch [7/10], Step [3500/6599], Val loss: 0.000
2024-12-02 17:17:39,876 - INFO - Epoch [7/10], Step [3600/6599], Val loss: 0.004
2024-12-02 17:17:40,566 - INFO - Epoch [7/10], Step [3700/6599], Val loss: 0.000
2024-12-02 17:17:41,261 - INFO - Epoch [7/10], Step [3800/6599], Val loss: 0.000
2024-12-02 17:17:41,942 - INFO - Epoch [7/10], Step [3900/6599], Val loss: 0.001
2024-12-02 17:17:42,630 - INFO - Epoch [7/10], Step [4000/6599], Val loss: 0.000
2024-12-02 17:17:43,320 - INFO - Epoch [7/10], Step [4100/6599], Val loss: 0.001
2024-12-02 17:17:43,940 - INFO - Epoch [7/10], Step [4200/6599], Val loss: 0.000
2024-12-02 17:17:44,618 - INFO - Epoch [7/10], Step [4300/6599], Val loss: 0.000
2024-12-02 17:17:45,308 - INFO - Epoch [7/10], Step [4400/6599], Val loss: 0.001
2024-12-02 17:17:45,968 - INFO - Epoch [7/10], Step [4500/6599], Val loss: 0.000
2024-12-02 17:17:46,707 - INFO - Epoch [7/10], Step [4600/6599], Val loss: 0.001
2024-12-02 17:17:47,356 - INFO - Epoch [7/10], Step [4700/6599], Val loss: 0.007
2024-12-02 17:17:47,988 - INFO - Epoch [7/10], Step [4800/6599], Val loss: 0.001
2024-12-02 17:17:48,686 - INFO - Epoch [7/10], Step [4900/6599], Val loss: 0.004
2024-12-02 17:17:49,329 - INFO - Epoch [7/10], Step [5000/6599], Val loss: 0.001
2024-12-02 17:17:50,040 - INFO - Epoch [7/10], Step [5100/6599], Val loss: 0.000
2024-12-02 17:17:50,697 - INFO - Epoch [7/10], Step [5200/6599], Val loss: 0.000
2024-12-02 17:17:51,374 - INFO - Epoch [7/10], Step [5300/6599], Val loss: 0.000
2024-12-02 17:17:52,085 - INFO - Epoch [7/10], Step [5400/6599], Val loss: 0.000
2024-12-02 17:17:52,683 - INFO - Epoch [7/10], Step [5500/6599], Val loss: 0.004
2024-12-02 17:17:53,314 - INFO - Epoch [7/10], Step [5600/6599], Val loss: 0.000
2024-12-02 17:17:54,010 - INFO - Epoch [7/10], Step [5700/6599], Val loss: 0.000
2024-12-02 17:17:54,659 - INFO - Epoch [7/10], Step [5800/6599], Val loss: 0.000
2024-12-02 17:17:55,275 - INFO - Epoch [7/10], Step [5900/6599], Val loss: 0.000
2024-12-02 17:17:55,945 - INFO - Epoch [7/10], Step [6000/6599], Val loss: 0.001
2024-12-02 17:17:56,586 - INFO - Epoch [7/10], Step [6100/6599], Val loss: 0.000
2024-12-02 17:17:57,281 - INFO - Epoch [7/10], Step [6200/6599], Val loss: 0.000
2024-12-02 17:17:57,949 - INFO - Epoch [7/10], Step [6300/6599], Val loss: 0.007
2024-12-02 17:17:58,601 - INFO - Epoch [7/10], Step [6400/6599], Val loss: 0.006
2024-12-02 17:17:59,315 - INFO - Epoch [7/10], Step [6500/6599], Val loss: 0.000
2024-12-02 17:17:59,954 - INFO - Epoch [7/10], Average val loss: 0.001
2024-12-02 17:18:11,079 - INFO - Epoch [8/10], Step [1000/26394], Train loss: 0.000
2024-12-02 17:18:20,566 - INFO - Epoch [8/10], Step [2000/26394], Train loss: 0.000
2024-12-02 17:18:29,991 - INFO - Epoch [8/10], Step [3000/26394], Train loss: 0.000
2024-12-02 17:18:39,381 - INFO - Epoch [8/10], Step [4000/26394], Train loss: 0.000
2024-12-02 17:18:49,017 - INFO - Epoch [8/10], Step [5000/26394], Train loss: 0.000
2024-12-02 17:18:58,567 - INFO - Epoch [8/10], Step [6000/26394], Train loss: 0.000
2024-12-02 17:19:08,012 - INFO - Epoch [8/10], Step [7000/26394], Train loss: 0.044
2024-12-02 17:19:17,454 - INFO - Epoch [8/10], Step [8000/26394], Train loss: 0.000
2024-12-02 17:19:26,819 - INFO - Epoch [8/10], Step [9000/26394], Train loss: 0.000
2024-12-02 17:19:36,223 - INFO - Epoch [8/10], Step [10000/26394], Train loss: 0.000
2024-12-02 17:19:45,600 - INFO - Epoch [8/10], Step [11000/26394], Train loss: 0.000
2024-12-02 17:19:55,085 - INFO - Epoch [8/10], Step [12000/26394], Train loss: 0.000
2024-12-02 17:20:04,511 - INFO - Epoch [8/10], Step [13000/26394], Train loss: 0.000
2024-12-02 17:20:13,969 - INFO - Epoch [8/10], Step [14000/26394], Train loss: 0.000
2024-12-02 17:20:23,440 - INFO - Epoch [8/10], Step [15000/26394], Train loss: 0.000
2024-12-02 17:20:32,996 - INFO - Epoch [8/10], Step [16000/26394], Train loss: 0.000
2024-12-02 17:20:42,392 - INFO - Epoch [8/10], Step [17000/26394], Train loss: 0.000
2024-12-02 17:20:51,836 - INFO - Epoch [8/10], Step [18000/26394], Train loss: 0.000
2024-12-02 17:21:01,260 - INFO - Epoch [8/10], Step [19000/26394], Train loss: 0.000
2024-12-02 17:21:10,637 - INFO - Epoch [8/10], Step [20000/26394], Train loss: 0.000
2024-12-02 17:21:20,164 - INFO - Epoch [8/10], Step [21000/26394], Train loss: 0.000
2024-12-02 17:21:29,638 - INFO - Epoch [8/10], Step [22000/26394], Train loss: 0.000
2024-12-02 17:21:39,115 - INFO - Epoch [8/10], Step [23000/26394], Train loss: 0.000
2024-12-02 17:21:48,407 - INFO - Epoch [8/10], Step [24000/26394], Train loss: 0.000
2024-12-02 17:21:57,867 - INFO - Epoch [8/10], Step [25000/26394], Train loss: 0.000
2024-12-02 17:22:07,312 - INFO - Epoch [8/10], Step [26000/26394], Train loss: 0.000
2024-12-02 17:22:11,120 - INFO - Epoch [8/10], Average train loss: 0.001
2024-12-02 17:22:11,589 - INFO - Epoch [8/10], Step [100/6599], Val loss: 0.000
2024-12-02 17:22:12,038 - INFO - Epoch [8/10], Step [200/6599], Val loss: 0.000
2024-12-02 17:22:12,495 - INFO - Epoch [8/10], Step [300/6599], Val loss: 0.001
2024-12-02 17:22:12,949 - INFO - Epoch [8/10], Step [400/6599], Val loss: 0.000
2024-12-02 17:22:13,569 - INFO - Epoch [8/10], Step [500/6599], Val loss: 0.000
2024-12-02 17:22:14,250 - INFO - Epoch [8/10], Step [600/6599], Val loss: 0.000
2024-12-02 17:22:14,950 - INFO - Epoch [8/10], Step [700/6599], Val loss: 0.000
2024-12-02 17:22:15,590 - INFO - Epoch [8/10], Step [800/6599], Val loss: 0.000
2024-12-02 17:22:16,199 - INFO - Epoch [8/10], Step [900/6599], Val loss: 0.000
2024-12-02 17:22:16,912 - INFO - Epoch [8/10], Step [1000/6599], Val loss: 0.000
2024-12-02 17:22:17,523 - INFO - Epoch [8/10], Step [1100/6599], Val loss: 0.000
2024-12-02 17:22:18,166 - INFO - Epoch [8/10], Step [1200/6599], Val loss: 0.000
2024-12-02 17:22:18,854 - INFO - Epoch [8/10], Step [1300/6599], Val loss: 0.000
2024-12-02 17:22:19,467 - INFO - Epoch [8/10], Step [1400/6599], Val loss: 0.000
2024-12-02 17:22:20,194 - INFO - Epoch [8/10], Step [1500/6599], Val loss: 0.000
2024-12-02 17:22:20,874 - INFO - Epoch [8/10], Step [1600/6599], Val loss: 0.000
2024-12-02 17:22:21,542 - INFO - Epoch [8/10], Step [1700/6599], Val loss: 0.000
2024-12-02 17:22:22,225 - INFO - Epoch [8/10], Step [1800/6599], Val loss: 0.000
2024-12-02 17:22:22,846 - INFO - Epoch [8/10], Step [1900/6599], Val loss: 0.000
2024-12-02 17:22:23,546 - INFO - Epoch [8/10], Step [2000/6599], Val loss: 0.000
2024-12-02 17:22:24,175 - INFO - Epoch [8/10], Step [2100/6599], Val loss: 0.000
2024-12-02 17:22:24,833 - INFO - Epoch [8/10], Step [2200/6599], Val loss: 0.001
2024-12-02 17:22:25,496 - INFO - Epoch [8/10], Step [2300/6599], Val loss: 0.104
2024-12-02 17:22:26,174 - INFO - Epoch [8/10], Step [2400/6599], Val loss: 0.000
2024-12-02 17:22:26,811 - INFO - Epoch [8/10], Step [2500/6599], Val loss: 0.000
2024-12-02 17:22:27,500 - INFO - Epoch [8/10], Step [2600/6599], Val loss: 0.000
2024-12-02 17:22:28,141 - INFO - Epoch [8/10], Step [2700/6599], Val loss: 0.000
2024-12-02 17:22:28,770 - INFO - Epoch [8/10], Step [2800/6599], Val loss: 0.000
2024-12-02 17:22:29,486 - INFO - Epoch [8/10], Step [2900/6599], Val loss: 0.000
2024-12-02 17:22:30,078 - INFO - Epoch [8/10], Step [3000/6599], Val loss: 0.000
2024-12-02 17:22:30,794 - INFO - Epoch [8/10], Step [3100/6599], Val loss: 0.000
2024-12-02 17:22:31,470 - INFO - Epoch [8/10], Step [3200/6599], Val loss: 0.000
2024-12-02 17:22:32,147 - INFO - Epoch [8/10], Step [3300/6599], Val loss: 0.000
2024-12-02 17:22:32,799 - INFO - Epoch [8/10], Step [3400/6599], Val loss: 0.000
2024-12-02 17:22:33,458 - INFO - Epoch [8/10], Step [3500/6599], Val loss: 0.000
2024-12-02 17:22:34,133 - INFO - Epoch [8/10], Step [3600/6599], Val loss: 0.002
2024-12-02 17:22:34,796 - INFO - Epoch [8/10], Step [3700/6599], Val loss: 0.000
2024-12-02 17:22:35,419 - INFO - Epoch [8/10], Step [3800/6599], Val loss: 0.000
2024-12-02 17:22:36,073 - INFO - Epoch [8/10], Step [3900/6599], Val loss: 0.001
2024-12-02 17:22:36,710 - INFO - Epoch [8/10], Step [4000/6599], Val loss: 0.000
2024-12-02 17:22:37,434 - INFO - Epoch [8/10], Step [4100/6599], Val loss: 0.000
2024-12-02 17:22:38,125 - INFO - Epoch [8/10], Step [4200/6599], Val loss: 0.000
2024-12-02 17:22:38,758 - INFO - Epoch [8/10], Step [4300/6599], Val loss: 0.000
2024-12-02 17:22:39,397 - INFO - Epoch [8/10], Step [4400/6599], Val loss: 0.000
2024-12-02 17:22:40,067 - INFO - Epoch [8/10], Step [4500/6599], Val loss: 0.000
2024-12-02 17:22:40,709 - INFO - Epoch [8/10], Step [4600/6599], Val loss: 0.000
2024-12-02 17:22:41,372 - INFO - Epoch [8/10], Step [4700/6599], Val loss: 0.003
2024-12-02 17:22:41,981 - INFO - Epoch [8/10], Step [4800/6599], Val loss: 0.000
2024-12-02 17:22:42,619 - INFO - Epoch [8/10], Step [4900/6599], Val loss: 0.001
2024-12-02 17:22:43,309 - INFO - Epoch [8/10], Step [5000/6599], Val loss: 0.000
2024-12-02 17:22:43,967 - INFO - Epoch [8/10], Step [5100/6599], Val loss: 0.000
2024-12-02 17:22:44,619 - INFO - Epoch [8/10], Step [5200/6599], Val loss: 0.000
2024-12-02 17:22:45,264 - INFO - Epoch [8/10], Step [5300/6599], Val loss: 0.000
2024-12-02 17:22:46,028 - INFO - Epoch [8/10], Step [5400/6599], Val loss: 0.000
2024-12-02 17:22:46,633 - INFO - Epoch [8/10], Step [5500/6599], Val loss: 0.001
2024-12-02 17:22:47,258 - INFO - Epoch [8/10], Step [5600/6599], Val loss: 0.000
2024-12-02 17:22:47,910 - INFO - Epoch [8/10], Step [5700/6599], Val loss: 0.000
2024-12-02 17:22:48,579 - INFO - Epoch [8/10], Step [5800/6599], Val loss: 0.000
2024-12-02 17:22:49,267 - INFO - Epoch [8/10], Step [5900/6599], Val loss: 0.002
2024-12-02 17:22:49,937 - INFO - Epoch [8/10], Step [6000/6599], Val loss: 0.000
2024-12-02 17:22:50,589 - INFO - Epoch [8/10], Step [6100/6599], Val loss: 0.000
2024-12-02 17:22:51,291 - INFO - Epoch [8/10], Step [6200/6599], Val loss: 0.000
2024-12-02 17:22:51,939 - INFO - Epoch [8/10], Step [6300/6599], Val loss: 0.005
2024-12-02 17:22:52,573 - INFO - Epoch [8/10], Step [6400/6599], Val loss: 0.001
2024-12-02 17:22:53,255 - INFO - Epoch [8/10], Step [6500/6599], Val loss: 0.000
2024-12-02 17:22:53,903 - INFO - Epoch [8/10], Average val loss: 0.001
2024-12-02 17:23:04,898 - INFO - Epoch [9/10], Step [1000/26394], Train loss: 0.000
2024-12-02 17:23:14,243 - INFO - Epoch [9/10], Step [2000/26394], Train loss: 0.000
2024-12-02 17:23:23,688 - INFO - Epoch [9/10], Step [3000/26394], Train loss: 0.000
2024-12-02 17:23:33,112 - INFO - Epoch [9/10], Step [4000/26394], Train loss: 0.000
2024-12-02 17:23:42,525 - INFO - Epoch [9/10], Step [5000/26394], Train loss: 0.000
2024-12-02 17:23:51,954 - INFO - Epoch [9/10], Step [6000/26394], Train loss: 0.000
2024-12-02 17:24:01,360 - INFO - Epoch [9/10], Step [7000/26394], Train loss: 0.045
2024-12-02 17:24:10,904 - INFO - Epoch [9/10], Step [8000/26394], Train loss: 0.000
2024-12-02 17:24:20,494 - INFO - Epoch [9/10], Step [9000/26394], Train loss: 0.000
2024-12-02 17:24:29,906 - INFO - Epoch [9/10], Step [10000/26394], Train loss: 0.000
2024-12-02 17:24:39,242 - INFO - Epoch [9/10], Step [11000/26394], Train loss: 0.000
2024-12-02 17:24:48,796 - INFO - Epoch [9/10], Step [12000/26394], Train loss: 0.000
2024-12-02 17:24:58,385 - INFO - Epoch [9/10], Step [13000/26394], Train loss: 0.000
2024-12-02 17:25:07,827 - INFO - Epoch [9/10], Step [14000/26394], Train loss: 0.000
2024-12-02 17:25:17,314 - INFO - Epoch [9/10], Step [15000/26394], Train loss: 0.000
2024-12-02 17:25:26,833 - INFO - Epoch [9/10], Step [16000/26394], Train loss: 0.000
2024-12-02 17:25:36,212 - INFO - Epoch [9/10], Step [17000/26394], Train loss: 0.000
2024-12-02 17:25:45,593 - INFO - Epoch [9/10], Step [18000/26394], Train loss: 0.000
2024-12-02 17:25:54,989 - INFO - Epoch [9/10], Step [19000/26394], Train loss: 0.000
2024-12-02 17:26:04,414 - INFO - Epoch [9/10], Step [20000/26394], Train loss: 0.000
2024-12-02 17:26:13,672 - INFO - Epoch [9/10], Step [21000/26394], Train loss: 0.000
2024-12-02 17:26:23,283 - INFO - Epoch [9/10], Step [22000/26394], Train loss: 0.000
2024-12-02 17:26:32,749 - INFO - Epoch [9/10], Step [23000/26394], Train loss: 0.000
2024-12-02 17:26:42,182 - INFO - Epoch [9/10], Step [24000/26394], Train loss: 0.000
2024-12-02 17:26:51,618 - INFO - Epoch [9/10], Step [25000/26394], Train loss: 0.000
2024-12-02 17:27:01,095 - INFO - Epoch [9/10], Step [26000/26394], Train loss: 0.000
2024-12-02 17:27:04,843 - INFO - Epoch [9/10], Average train loss: 0.001
2024-12-02 17:27:05,289 - INFO - Epoch [9/10], Step [100/6599], Val loss: 0.000
2024-12-02 17:27:05,747 - INFO - Epoch [9/10], Step [200/6599], Val loss: 0.000
2024-12-02 17:27:06,195 - INFO - Epoch [9/10], Step [300/6599], Val loss: 0.001
2024-12-02 17:27:06,658 - INFO - Epoch [9/10], Step [400/6599], Val loss: 0.000
2024-12-02 17:27:07,147 - INFO - Epoch [9/10], Step [500/6599], Val loss: 0.000
2024-12-02 17:27:07,680 - INFO - Epoch [9/10], Step [600/6599], Val loss: 0.000
2024-12-02 17:27:08,278 - INFO - Epoch [9/10], Step [700/6599], Val loss: 0.000
2024-12-02 17:27:08,933 - INFO - Epoch [9/10], Step [800/6599], Val loss: 0.000
2024-12-02 17:27:09,570 - INFO - Epoch [9/10], Step [900/6599], Val loss: 0.000
2024-12-02 17:27:10,184 - INFO - Epoch [9/10], Step [1000/6599], Val loss: 0.000
2024-12-02 17:27:10,884 - INFO - Epoch [9/10], Step [1100/6599], Val loss: 0.000
2024-12-02 17:27:11,493 - INFO - Epoch [9/10], Step [1200/6599], Val loss: 0.000
2024-12-02 17:27:12,209 - INFO - Epoch [9/10], Step [1300/6599], Val loss: 0.000
2024-12-02 17:27:12,828 - INFO - Epoch [9/10], Step [1400/6599], Val loss: 0.000
2024-12-02 17:27:13,502 - INFO - Epoch [9/10], Step [1500/6599], Val loss: 0.000
2024-12-02 17:27:14,179 - INFO - Epoch [9/10], Step [1600/6599], Val loss: 0.000
2024-12-02 17:27:14,825 - INFO - Epoch [9/10], Step [1700/6599], Val loss: 0.000
2024-12-02 17:27:15,450 - INFO - Epoch [9/10], Step [1800/6599], Val loss: 0.000
2024-12-02 17:27:16,063 - INFO - Epoch [9/10], Step [1900/6599], Val loss: 0.000
2024-12-02 17:27:16,674 - INFO - Epoch [9/10], Step [2000/6599], Val loss: 0.000
2024-12-02 17:27:17,356 - INFO - Epoch [9/10], Step [2100/6599], Val loss: 0.000
2024-12-02 17:27:17,954 - INFO - Epoch [9/10], Step [2200/6599], Val loss: 0.000
2024-12-02 17:27:18,580 - INFO - Epoch [9/10], Step [2300/6599], Val loss: 0.099
2024-12-02 17:27:19,252 - INFO - Epoch [9/10], Step [2400/6599], Val loss: 0.000
2024-12-02 17:27:19,865 - INFO - Epoch [9/10], Step [2500/6599], Val loss: 0.000
2024-12-02 17:27:20,529 - INFO - Epoch [9/10], Step [2600/6599], Val loss: 0.000
2024-12-02 17:27:21,180 - INFO - Epoch [9/10], Step [2700/6599], Val loss: 0.000
2024-12-02 17:27:21,799 - INFO - Epoch [9/10], Step [2800/6599], Val loss: 0.000
2024-12-02 17:27:22,467 - INFO - Epoch [9/10], Step [2900/6599], Val loss: 0.000
2024-12-02 17:27:23,129 - INFO - Epoch [9/10], Step [3000/6599], Val loss: 0.000
2024-12-02 17:27:23,746 - INFO - Epoch [9/10], Step [3100/6599], Val loss: 0.000
2024-12-02 17:27:24,392 - INFO - Epoch [9/10], Step [3200/6599], Val loss: 0.000
2024-12-02 17:27:25,046 - INFO - Epoch [9/10], Step [3300/6599], Val loss: 0.000
2024-12-02 17:27:25,676 - INFO - Epoch [9/10], Step [3400/6599], Val loss: 0.000
2024-12-02 17:27:26,329 - INFO - Epoch [9/10], Step [3500/6599], Val loss: 0.000
2024-12-02 17:27:27,042 - INFO - Epoch [9/10], Step [3600/6599], Val loss: 0.000
2024-12-02 17:27:27,675 - INFO - Epoch [9/10], Step [3700/6599], Val loss: 0.000
2024-12-02 17:27:28,278 - INFO - Epoch [9/10], Step [3800/6599], Val loss: 0.000
2024-12-02 17:27:28,968 - INFO - Epoch [9/10], Step [3900/6599], Val loss: 0.001
2024-12-02 17:27:29,632 - INFO - Epoch [9/10], Step [4000/6599], Val loss: 0.000
2024-12-02 17:27:30,235 - INFO - Epoch [9/10], Step [4100/6599], Val loss: 0.000
2024-12-02 17:27:30,939 - INFO - Epoch [9/10], Step [4200/6599], Val loss: 0.000
2024-12-02 17:27:31,593 - INFO - Epoch [9/10], Step [4300/6599], Val loss: 0.000
2024-12-02 17:27:32,261 - INFO - Epoch [9/10], Step [4400/6599], Val loss: 0.000
2024-12-02 17:27:32,921 - INFO - Epoch [9/10], Step [4500/6599], Val loss: 0.000
2024-12-02 17:27:33,530 - INFO - Epoch [9/10], Step [4600/6599], Val loss: 0.000
2024-12-02 17:27:34,193 - INFO - Epoch [9/10], Step [4700/6599], Val loss: 0.003
2024-12-02 17:27:34,848 - INFO - Epoch [9/10], Step [4800/6599], Val loss: 0.000
2024-12-02 17:27:35,478 - INFO - Epoch [9/10], Step [4900/6599], Val loss: 0.002
2024-12-02 17:27:36,164 - INFO - Epoch [9/10], Step [5000/6599], Val loss: 0.000
2024-12-02 17:27:36,830 - INFO - Epoch [9/10], Step [5100/6599], Val loss: 0.000
2024-12-02 17:27:37,474 - INFO - Epoch [9/10], Step [5200/6599], Val loss: 0.000
2024-12-02 17:27:38,113 - INFO - Epoch [9/10], Step [5300/6599], Val loss: 0.000
2024-12-02 17:27:38,784 - INFO - Epoch [9/10], Step [5400/6599], Val loss: 0.000
2024-12-02 17:27:39,542 - INFO - Epoch [9/10], Step [5500/6599], Val loss: 0.000
2024-12-02 17:27:40,209 - INFO - Epoch [9/10], Step [5600/6599], Val loss: 0.000
2024-12-02 17:27:40,942 - INFO - Epoch [9/10], Step [5700/6599], Val loss: 0.000
2024-12-02 17:27:41,587 - INFO - Epoch [9/10], Step [5800/6599], Val loss: 0.000
2024-12-02 17:27:42,225 - INFO - Epoch [9/10], Step [5900/6599], Val loss: 0.001
2024-12-02 17:27:42,911 - INFO - Epoch [9/10], Step [6000/6599], Val loss: 0.000
2024-12-02 17:27:43,543 - INFO - Epoch [9/10], Step [6100/6599], Val loss: 0.000
2024-12-02 17:27:44,189 - INFO - Epoch [9/10], Step [6200/6599], Val loss: 0.000
2024-12-02 17:27:44,864 - INFO - Epoch [9/10], Step [6300/6599], Val loss: 0.004
2024-12-02 17:27:45,549 - INFO - Epoch [9/10], Step [6400/6599], Val loss: 0.000
2024-12-02 17:27:46,210 - INFO - Epoch [9/10], Step [6500/6599], Val loss: 0.000
2024-12-02 17:27:46,824 - INFO - Epoch [9/10], Average val loss: 0.001
2024-12-02 17:27:57,948 - INFO - Epoch [10/10], Step [1000/26394], Train loss: 0.000
2024-12-02 17:28:07,405 - INFO - Epoch [10/10], Step [2000/26394], Train loss: 0.000
2024-12-02 17:28:16,775 - INFO - Epoch [10/10], Step [3000/26394], Train loss: 0.000
2024-12-02 17:28:26,099 - INFO - Epoch [10/10], Step [4000/26394], Train loss: 0.000
2024-12-02 17:28:35,555 - INFO - Epoch [10/10], Step [5000/26394], Train loss: 0.000
2024-12-02 17:28:45,051 - INFO - Epoch [10/10], Step [6000/26394], Train loss: 0.000
2024-12-02 17:28:54,405 - INFO - Epoch [10/10], Step [7000/26394], Train loss: 0.046
2024-12-02 17:29:03,864 - INFO - Epoch [10/10], Step [8000/26394], Train loss: 0.000
2024-12-02 17:29:13,293 - INFO - Epoch [10/10], Step [9000/26394], Train loss: 0.000
2024-12-02 17:29:22,653 - INFO - Epoch [10/10], Step [10000/26394], Train loss: 0.000
2024-12-02 17:29:32,081 - INFO - Epoch [10/10], Step [11000/26394], Train loss: 0.000
2024-12-02 17:29:41,477 - INFO - Epoch [10/10], Step [12000/26394], Train loss: 0.000
2024-12-02 17:29:50,931 - INFO - Epoch [10/10], Step [13000/26394], Train loss: 0.000
2024-12-02 17:30:00,469 - INFO - Epoch [10/10], Step [14000/26394], Train loss: 0.000
2024-12-02 17:30:09,907 - INFO - Epoch [10/10], Step [15000/26394], Train loss: 0.000
2024-12-02 17:30:19,296 - INFO - Epoch [10/10], Step [16000/26394], Train loss: 0.000
2024-12-02 17:30:28,665 - INFO - Epoch [10/10], Step [17000/26394], Train loss: 0.000
2024-12-02 17:30:38,156 - INFO - Epoch [10/10], Step [18000/26394], Train loss: 0.000
2024-12-02 17:30:47,510 - INFO - Epoch [10/10], Step [19000/26394], Train loss: 0.000
2024-12-02 17:30:56,980 - INFO - Epoch [10/10], Step [20000/26394], Train loss: 0.000
2024-12-02 17:31:06,404 - INFO - Epoch [10/10], Step [21000/26394], Train loss: 0.000
2024-12-02 17:31:15,840 - INFO - Epoch [10/10], Step [22000/26394], Train loss: 0.000
2024-12-02 17:31:25,143 - INFO - Epoch [10/10], Step [23000/26394], Train loss: 0.000
2024-12-02 17:31:34,491 - INFO - Epoch [10/10], Step [24000/26394], Train loss: 0.000
2024-12-02 17:31:43,941 - INFO - Epoch [10/10], Step [25000/26394], Train loss: 0.000
2024-12-02 17:31:53,305 - INFO - Epoch [10/10], Step [26000/26394], Train loss: 0.000
2024-12-02 17:31:56,979 - INFO - Epoch [10/10], Average train loss: 0.001
2024-12-02 17:31:57,436 - INFO - Epoch [10/10], Step [100/6599], Val loss: 0.000
2024-12-02 17:31:57,875 - INFO - Epoch [10/10], Step [200/6599], Val loss: 0.000
2024-12-02 17:31:58,306 - INFO - Epoch [10/10], Step [300/6599], Val loss: 0.002
2024-12-02 17:31:58,755 - INFO - Epoch [10/10], Step [400/6599], Val loss: 0.000
2024-12-02 17:31:59,219 - INFO - Epoch [10/10], Step [500/6599], Val loss: 0.000
2024-12-02 17:31:59,806 - INFO - Epoch [10/10], Step [600/6599], Val loss: 0.000
2024-12-02 17:32:00,492 - INFO - Epoch [10/10], Step [700/6599], Val loss: 0.000
2024-12-02 17:32:01,158 - INFO - Epoch [10/10], Step [800/6599], Val loss: 0.000
2024-12-02 17:32:01,821 - INFO - Epoch [10/10], Step [900/6599], Val loss: 0.000
2024-12-02 17:32:02,465 - INFO - Epoch [10/10], Step [1000/6599], Val loss: 0.000
2024-12-02 17:32:03,140 - INFO - Epoch [10/10], Step [1100/6599], Val loss: 0.000
2024-12-02 17:32:03,811 - INFO - Epoch [10/10], Step [1200/6599], Val loss: 0.000
2024-12-02 17:32:04,449 - INFO - Epoch [10/10], Step [1300/6599], Val loss: 0.000
2024-12-02 17:32:05,063 - INFO - Epoch [10/10], Step [1400/6599], Val loss: 0.000
2024-12-02 17:32:05,691 - INFO - Epoch [10/10], Step [1500/6599], Val loss: 0.000
2024-12-02 17:32:06,315 - INFO - Epoch [10/10], Step [1600/6599], Val loss: 0.000
2024-12-02 17:32:06,964 - INFO - Epoch [10/10], Step [1700/6599], Val loss: 0.000
2024-12-02 17:32:07,658 - INFO - Epoch [10/10], Step [1800/6599], Val loss: 0.000
2024-12-02 17:32:08,289 - INFO - Epoch [10/10], Step [1900/6599], Val loss: 0.000
2024-12-02 17:32:08,943 - INFO - Epoch [10/10], Step [2000/6599], Val loss: 0.000
2024-12-02 17:32:09,569 - INFO - Epoch [10/10], Step [2100/6599], Val loss: 0.000
2024-12-02 17:32:10,218 - INFO - Epoch [10/10], Step [2200/6599], Val loss: 0.000
2024-12-02 17:32:10,857 - INFO - Epoch [10/10], Step [2300/6599], Val loss: 0.097
2024-12-02 17:32:11,533 - INFO - Epoch [10/10], Step [2400/6599], Val loss: 0.000
2024-12-02 17:32:12,187 - INFO - Epoch [10/10], Step [2500/6599], Val loss: 0.000
2024-12-02 17:32:12,842 - INFO - Epoch [10/10], Step [2600/6599], Val loss: 0.000
2024-12-02 17:32:13,484 - INFO - Epoch [10/10], Step [2700/6599], Val loss: 0.000
2024-12-02 17:32:14,150 - INFO - Epoch [10/10], Step [2800/6599], Val loss: 0.000
2024-12-02 17:32:14,772 - INFO - Epoch [10/10], Step [2900/6599], Val loss: 0.000
2024-12-02 17:32:15,426 - INFO - Epoch [10/10], Step [3000/6599], Val loss: 0.000
2024-12-02 17:32:16,040 - INFO - Epoch [10/10], Step [3100/6599], Val loss: 0.000
2024-12-02 17:32:16,702 - INFO - Epoch [10/10], Step [3200/6599], Val loss: 0.000
2024-12-02 17:32:17,389 - INFO - Epoch [10/10], Step [3300/6599], Val loss: 0.000
2024-12-02 17:32:18,006 - INFO - Epoch [10/10], Step [3400/6599], Val loss: 0.000
2024-12-02 17:32:18,668 - INFO - Epoch [10/10], Step [3500/6599], Val loss: 0.000
2024-12-02 17:32:19,293 - INFO - Epoch [10/10], Step [3600/6599], Val loss: 0.000
2024-12-02 17:32:19,921 - INFO - Epoch [10/10], Step [3700/6599], Val loss: 0.000
2024-12-02 17:32:20,597 - INFO - Epoch [10/10], Step [3800/6599], Val loss: 0.000
2024-12-02 17:32:21,270 - INFO - Epoch [10/10], Step [3900/6599], Val loss: 0.001
2024-12-02 17:32:21,922 - INFO - Epoch [10/10], Step [4000/6599], Val loss: 0.000
2024-12-02 17:32:22,587 - INFO - Epoch [10/10], Step [4100/6599], Val loss: 0.000
2024-12-02 17:32:23,278 - INFO - Epoch [10/10], Step [4200/6599], Val loss: 0.000
2024-12-02 17:32:23,979 - INFO - Epoch [10/10], Step [4300/6599], Val loss: 0.000
2024-12-02 17:32:24,622 - INFO - Epoch [10/10], Step [4400/6599], Val loss: 0.000
2024-12-02 17:32:25,286 - INFO - Epoch [10/10], Step [4500/6599], Val loss: 0.000
2024-12-02 17:32:25,961 - INFO - Epoch [10/10], Step [4600/6599], Val loss: 0.000
2024-12-02 17:32:26,650 - INFO - Epoch [10/10], Step [4700/6599], Val loss: 0.003
2024-12-02 17:32:27,288 - INFO - Epoch [10/10], Step [4800/6599], Val loss: 0.000
2024-12-02 17:32:27,936 - INFO - Epoch [10/10], Step [4900/6599], Val loss: 0.002
2024-12-02 17:32:28,588 - INFO - Epoch [10/10], Step [5000/6599], Val loss: 0.000
2024-12-02 17:32:29,205 - INFO - Epoch [10/10], Step [5100/6599], Val loss: 0.000
2024-12-02 17:32:29,895 - INFO - Epoch [10/10], Step [5200/6599], Val loss: 0.000
2024-12-02 17:32:30,536 - INFO - Epoch [10/10], Step [5300/6599], Val loss: 0.000
2024-12-02 17:32:31,169 - INFO - Epoch [10/10], Step [5400/6599], Val loss: 0.000
2024-12-02 17:32:31,841 - INFO - Epoch [10/10], Step [5500/6599], Val loss: 0.000
2024-12-02 17:32:32,522 - INFO - Epoch [10/10], Step [5600/6599], Val loss: 0.000
2024-12-02 17:32:33,177 - INFO - Epoch [10/10], Step [5700/6599], Val loss: 0.000
2024-12-02 17:32:33,844 - INFO - Epoch [10/10], Step [5800/6599], Val loss: 0.000
2024-12-02 17:32:34,518 - INFO - Epoch [10/10], Step [5900/6599], Val loss: 0.000
2024-12-02 17:32:35,181 - INFO - Epoch [10/10], Step [6000/6599], Val loss: 0.000
2024-12-02 17:32:35,814 - INFO - Epoch [10/10], Step [6100/6599], Val loss: 0.000
2024-12-02 17:32:36,442 - INFO - Epoch [10/10], Step [6200/6599], Val loss: 0.000
2024-12-02 17:32:37,070 - INFO - Epoch [10/10], Step [6300/6599], Val loss: 0.002
2024-12-02 17:32:37,729 - INFO - Epoch [10/10], Step [6400/6599], Val loss: 0.000
2024-12-02 17:32:38,380 - INFO - Epoch [10/10], Step [6500/6599], Val loss: 0.000
2024-12-02 17:32:39,010 - INFO - Epoch [10/10], Average val loss: 0.001
2024-12-02 17:32:39,014 - INFO - Best epoch: 10, Lowest val loss: 0.001
2024-12-02 17:32:39,014 - INFO - -------------------- Finished training, now Testing --------------------
2024-12-02 17:32:39,696 - INFO - Step [100/6599], Test metric: 0.001
2024-12-02 17:32:40,353 - INFO - Step [200/6599], Test metric: 0.032
2024-12-02 17:32:41,008 - INFO - Step [300/6599], Test metric: 0.032
2024-12-02 17:32:41,653 - INFO - Step [400/6599], Test metric: 0.035
2024-12-02 17:32:42,246 - INFO - Step [500/6599], Test metric: 0.116
2024-12-02 17:32:42,876 - INFO - Step [600/6599], Test metric: 0.308
2024-12-02 17:32:43,518 - INFO - Step [700/6599], Test metric: 0.309
2024-12-02 17:32:44,171 - INFO - Step [800/6599], Test metric: 0.310
2024-12-02 17:32:44,896 - INFO - Step [900/6599], Test metric: 0.311
2024-12-02 17:32:45,537 - INFO - Step [1000/6599], Test metric: 0.323
2024-12-02 17:32:46,134 - INFO - Step [1100/6599], Test metric: 0.962
2024-12-02 17:32:46,741 - INFO - Step [1200/6599], Test metric: 0.974
2024-12-02 17:32:47,417 - INFO - Step [1300/6599], Test metric: 1.047
2024-12-02 17:32:48,034 - INFO - Step [1400/6599], Test metric: 1.063
2024-12-02 17:32:48,650 - INFO - Step [1500/6599], Test metric: 1.066
2024-12-02 17:32:49,361 - INFO - Step [1600/6599], Test metric: 1.072
2024-12-02 17:32:49,982 - INFO - Step [1700/6599], Test metric: 1.074
2024-12-02 17:32:50,681 - INFO - Step [1800/6599], Test metric: 1.084
2024-12-02 17:32:51,318 - INFO - Step [1900/6599], Test metric: 1.091
2024-12-02 17:32:51,950 - INFO - Step [2000/6599], Test metric: 1.133
2024-12-02 17:32:52,672 - INFO - Step [2100/6599], Test metric: 1.136
2024-12-02 17:32:53,356 - INFO - Step [2200/6599], Test metric: 1.632
2024-12-02 17:32:53,993 - INFO - Step [2300/6599], Test metric: 2.024
2024-12-02 17:32:54,696 - INFO - Step [2400/6599], Test metric: 2.031
2024-12-02 17:32:55,350 - INFO - Step [2500/6599], Test metric: 2.031
2024-12-02 17:32:56,002 - INFO - Step [2600/6599], Test metric: 2.034
2024-12-02 17:32:56,609 - INFO - Step [2700/6599], Test metric: 2.036
2024-12-02 17:32:57,285 - INFO - Step [2800/6599], Test metric: 2.935
2024-12-02 17:32:57,926 - INFO - Step [2900/6599], Test metric: 2.941
2024-12-02 17:32:58,555 - INFO - Step [3000/6599], Test metric: 2.986
2024-12-02 17:32:59,223 - INFO - Step [3100/6599], Test metric: 2.991
2024-12-02 17:32:59,835 - INFO - Step [3200/6599], Test metric: 3.352
2024-12-02 17:33:00,446 - INFO - Step [3300/6599], Test metric: 3.356
2024-12-02 17:33:01,086 - INFO - Step [3400/6599], Test metric: 3.360
2024-12-02 17:33:01,752 - INFO - Step [3500/6599], Test metric: 3.361
2024-12-02 17:33:02,442 - INFO - Step [3600/6599], Test metric: 3.811
2024-12-02 17:33:03,076 - INFO - Step [3700/6599], Test metric: 3.821
2024-12-02 17:33:03,706 - INFO - Step [3800/6599], Test metric: 3.826
2024-12-02 17:33:04,348 - INFO - Step [3900/6599], Test metric: 3.830
2024-12-02 17:33:04,977 - INFO - Step [4000/6599], Test metric: 3.831
2024-12-02 17:33:05,619 - INFO - Step [4100/6599], Test metric: 4.624
2024-12-02 17:33:06,257 - INFO - Step [4200/6599], Test metric: 4.630
2024-12-02 17:33:06,885 - INFO - Step [4300/6599], Test metric: 4.633
2024-12-02 17:33:07,535 - INFO - Step [4400/6599], Test metric: 4.638
2024-12-02 17:33:08,180 - INFO - Step [4500/6599], Test metric: 4.648
2024-12-02 17:33:08,827 - INFO - Step [4600/6599], Test metric: 4.667
2024-12-02 17:33:09,444 - INFO - Step [4700/6599], Test metric: 5.152
2024-12-02 17:33:10,057 - INFO - Step [4800/6599], Test metric: 5.161
2024-12-02 17:33:10,694 - INFO - Step [4900/6599], Test metric: 5.628
2024-12-02 17:33:11,358 - INFO - Step [5000/6599], Test metric: 5.638
2024-12-02 17:33:11,980 - INFO - Step [5100/6599], Test metric: 5.639
2024-12-02 17:33:12,661 - INFO - Step [5200/6599], Test metric: 5.639
2024-12-02 17:33:13,282 - INFO - Step [5300/6599], Test metric: 5.853
2024-12-02 17:33:13,940 - INFO - Step [5400/6599], Test metric: 5.895
2024-12-02 17:33:14,584 - INFO - Step [5500/6599], Test metric: 5.966
2024-12-02 17:33:15,243 - INFO - Step [5600/6599], Test metric: 6.009
2024-12-02 17:33:15,848 - INFO - Step [5700/6599], Test metric: 6.177
2024-12-02 17:33:16,474 - INFO - Step [5800/6599], Test metric: 6.179
2024-12-02 17:33:17,138 - INFO - Step [5900/6599], Test metric: 6.179
2024-12-02 17:33:17,802 - INFO - Step [6000/6599], Test metric: 6.181
2024-12-02 17:33:18,447 - INFO - Step [6100/6599], Test metric: 6.182
2024-12-02 17:33:19,103 - INFO - Step [6200/6599], Test metric: 6.184
2024-12-02 17:33:19,717 - INFO - Step [6300/6599], Test metric: 6.308
2024-12-02 17:33:20,370 - INFO - Step [6400/6599], Test metric: 6.311
2024-12-02 17:33:21,050 - INFO - Step [6500/6599], Test metric: 6.639
2024-12-02 17:33:21,718 - INFO - Average test metric: 0.001
